This is XeTeX, Version 3.141592653-2.6-0.999995 (TeX Live 2023) (preloaded format=xelatex 2023.7.4)  14 AUG 2023 21:01
entering extended mode
 restricted \write18 enabled.
 file:line:error style messages enabled.
 %&-line parsing enabled.
**special_day2_arbejdsark_pyprocessing.tex
(./special_day2_arbejdsark_pyprocessing.tex
LaTeX2e <2022-11-01> patch level 1
L3 programming layer <2023-02-22> (./ucph-handout.cls
Document Class: ucph-handout 2019/12/26 ucph-handout
(/usr/local/texlive/2023basic/texmf-dist/tex/latex/memoir/memoir.cls
Document Class: memoir 2022/11/17 v3.7.19 configurable book, report, article do
cument class
(/usr/local/texlive/2023basic/texmf-dist/tex/latex/etoolbox/etoolbox.sty
Package: etoolbox 2020/10/05 v2.5k e-TeX tools for LaTeX (JAW)
\etb@tempcnta=\count181
)
\onelineskip=\skip48
\lxvchars=\skip49
\xlvchars=\skip50
\@memcnta=\count182
\c@@memmarkcntra=\count183

(/usr/local/texlive/2023basic/texmf-dist/tex/generic/iftex/iftex.sty
Package: iftex 2022/02/03 v1.0f TeX engine tests
)
\stockheight=\dimen140
\stockwidth=\dimen141
\trimtop=\skip51
\trimedge=\skip52

(/usr/local/texlive/2023basic/texmf-dist/tex/latex/memoir/mem10.clo
File: mem10.clo 2022/07/29 v0.5 memoir class 10pt size option
)
\binding=\skip53
\spinemargin=\skip54
\foremargin=\skip55
\uppermargin=\skip56
\lowermargin=\skip57
\headdrop=\skip58
\normalrulethickness=\skip59
\mem@maxheadheight=\skip60
\mem@maxfootheight=\skip61
\headwidth=\skip62
\c@storedpagenumber=\count184
\memPD=\dimen142
\m@mabparskip=\skip63
\thanksmarkwidth=\skip64
\thanksmarksep=\skip65
\droptitle=\skip66
\c@book=\count185
\c@part=\count186
\c@chapter=\count187
\c@section=\count188
\c@subsection=\count189
\c@subsubsection=\count190
\c@paragraph=\count191
\c@subparagraph=\count192
\beforechapskip=\skip67
\midchapskip=\skip68
\afterchapskip=\skip69
\chapindent=\skip70
\bottomsectionskip=\skip71
\secindent=\skip72
\beforesecskip=\skip73
\aftersecskip=\skip74
\subsecindent=\skip75
\beforesubsecskip=\skip76
\aftersubsecskip=\skip77
\subsubsecindent=\skip78
\beforesubsubsecskip=\skip79
\aftersubsubsecskip=\skip80
\paraindent=\skip81
\beforeparaskip=\skip82
\afterparaskip=\skip83
\subparaindent=\skip84
\beforesubparaskip=\skip85
\aftersubparaskip=\skip86
\pfbreakskip=\skip87
\c@@ppsavesec=\count193
\c@@ppsaveapp=\count194
\ragrparindent=\dimen143
\everylistparindent=\dimen144
\parsepi=\skip88
\topsepi=\skip89
\itemsepi=\skip90
\parsepii=\skip91
\topsepii=\skip92
\topsepiii=\skip93
\itemsepii=\skip94
\itemsepiii=\skip95
\partopsepii=\skip96
\partopsepiii=\skip97
\m@msavetopsep=\skip98
\m@msavepartopsep=\skip99
\@enLab=\toks16
\abstitleskip=\skip100
\absleftindent=\skip101
\abs@leftindent=\dimen145
\absrightindent=\skip102
\absparindent=\skip103
\absparsep=\skip104
\c@vslineno=\count195
\c@poemline=\count196
\c@modulo@vs=\count197
\c@memfvsline=\count198
\vleftskip=\skip105
\vrightskip=\skip106
\stanzaskip=\skip107
\versewidth=\skip108
\vgap=\skip109
\vindent=\skip110
\vleftmargin=\dimen146
\c@verse=\count199
\c@chrsinstr=\count266
\beforepoemtitleskip=\skip111
\afterpoemtitleskip=\skip112
\c@poem=\count267
\beforePoemTitleskip=\skip113
\midPoemTitleskip=\skip114
\afterPoemTitleskip=\skip115

(/usr/local/texlive/2023basic/texmf-dist/tex/latex/tools/array.sty
Package: array 2022/09/04 v2.5g Tabular extension package (FMi)
\col@sep=\dimen147
\ar@mcellbox=\box51
\extrarowheight=\dimen148
\NC@list=\toks17
\extratabsurround=\skip116
\backup@length=\skip117
\ar@cellbox=\box52
)
(/usr/local/texlive/2023basic/texmf-dist/tex/latex/tools/dcolumn.sty
Package: dcolumn 2014/10/28 v1.06 decimal alignment package (DPC)
)
(/usr/local/texlive/2023basic/texmf-dist/tex/latex/tools/delarray.sty
Package: delarray 2014/10/28 v1.01 array delimiter package (DPC)
)
(/usr/local/texlive/2023basic/texmf-dist/tex/latex/tools/tabularx.sty
Package: tabularx 2020/01/15 v2.11c `tabularx' package (DPC)
\TX@col@width=\dimen149
\TX@old@table=\dimen150
\TX@old@col=\dimen151
\TX@target=\dimen152
\TX@delta=\dimen153
\TX@cols=\count268
\TX@ftn=\toks18
)
\heavyrulewidth=\dimen154
\lightrulewidth=\dimen155
\cmidrulewidth=\dimen156
\belowrulesep=\dimen157
\belowbottomsep=\dimen158
\aboverulesep=\dimen159
\abovetopsep=\dimen160
\cmidrulesep=\dimen161
\cmidrulekern=\dimen162
\defaultaddspace=\dimen163
\@cmidla=\count269
\@cmidlb=\count270
\@aboverulesep=\dimen164
\@belowrulesep=\dimen165
\@thisruleclass=\count271
\@lastruleclass=\count272
\@thisrulewidth=\dimen166
\ctableftskip=\skip118
\ctabrightskip=\skip119
\abovecolumnspenalty=\count273
\@linestogo=\count274
\@cellstogo=\count275
\@cellsincolumn=\count276
\crtok=\toks19
\@mincolumnwidth=\dimen167
\c@newflo@tctr=\count277
\mem@margin@floatbox=\box53
\@contcwidth=\skip120
\@contindw=\skip121
\abovecaptionskip=\skip122
\belowcaptionskip=\skip123
\subfloattopskip=\skip124
\subfloatcapskip=\skip125
\subfloatcaptopadj=\skip126
\subfloatbottomskip=\skip127
\subfloatlabelskip=\skip128
\subfloatcapmargin=\dimen168
\c@@contsubnum=\count278
\m@mscap@capbox=\box54
\m@mscap@fbox=\box55
\sidecapsep=\dimen169
\sidecapwidth=\dimen170
\m@m@tempdima=\dimen171
\m@mscapraise=\dimen172
\sidecapraise=\dimen173
\m@mscapmainwidth=\dimen174
\m@mscaplkern=\dimen175
\beforeepigraphskip=\skip129
\afterepigraphskip=\skip130
\epigraphwidth=\skip131
\epigraphrule=\skip132
LaTeX Info: Redefining \em on input line 7655.
LaTeX Info: Redefining \emph on input line 7663.
\tocentryskip=\skip133
\tocbaseline=\skip134
\cftparskip=\skip135
\cftbeforebookskip=\skip136
\cftbookindent=\dimen176
\cftbooknumwidth=\dimen177
\cftbeforepartskip=\skip137
\cftpartindent=\skip138
\cftpartnumwidth=\skip139
\cftbeforechapterskip=\skip140
\cftchapterindent=\skip141
\cftchapternumwidth=\skip142
\cftbeforesectionskip=\skip143
\cftsectionindent=\skip144
\cftsectionnumwidth=\skip145
\cftbeforesubsectionskip=\skip146
\cftsubsectionindent=\skip147
\cftsubsectionnumwidth=\skip148
\cftbeforesubsubsectionskip=\skip149
\cftsubsubsectionindent=\skip150
\cftsubsubsectionnumwidth=\skip151
\cftbeforeparagraphskip=\skip152
\cftparagraphindent=\skip153
\cftparagraphnumwidth=\skip154
\cftbeforesubparagraphskip=\skip155
\cftsubparagraphindent=\skip156
\cftsubparagraphnumwidth=\skip157
\prechapterprecisshift=\dimen178
\c@maxsecnumdepth=\count279
\bibindent=\dimen179
\bibitemsep=\skip158
\indexcolsep=\skip159
\indexrule=\skip160
\indexmarkstyle=\toks20
\@indexbox=\insert252
\glossarycolsep=\dimen180
\glossaryrule=\dimen181
\sideparvshift=\skip161
\sideins=\insert251
\sidebartopsep=\skip162
\sidebarhsep=\skip163
\sidebarvsep=\skip164
\sidebarwidth=\skip165
\footmarkwidth=\skip166
\footmarksep=\skip167
\footparindent=\skip168
\footinsdim=\skip169
\footinsv@r=\insert250
\@mpfootinsv@r=\insert249
\m@m@k=\count280
\m@m@h=\dimen182
\m@mipn@skip=\skip170
\sidefootins=\insert248
\sidefootadjust=\skip171
\sidefootheight=\skip172
\sidefoothsep=\skip173
\sidefootvsep=\skip174
\sidefootwidth=\skip175
\m@mdownsf=\skip176
\c@sidefootnote=\count281
\sidefootmarkwidth=\skip177
\sidefootmarksep=\skip178
\sidefootparindent=\skip179
\c@pagenote=\count282
\c@pagenoteshadow=\count283
\mem@pn@lastkern=\skip180
\every@verbatim=\toks21
\afterevery@verbatim=\toks22
\verbatim@line=\toks23
\tab@position=\count284
\verbatim@in@stream=\read2
\verbatimindent=\skip181
\verbatim@out=\write3
\bvboxsep=\skip182
\c@memfbvline=\count285
\c@bvlinectr=\count286
\bvnumlength=\skip183
\fb@frw=\dimen183
\fb@frh=\dimen184
\FrameRule=\dimen185
\FrameSep=\dimen186
\c@cp@cntr=\count287
\c@ism@mctr=\count288
\c@xsm@mctr=\count289
\c@csm@mctr=\count290
\c@ksm@mctr=\count291
\c@xksm@mctr=\count292
\c@cksm@mctr=\count293
\c@msm@mctr=\count294
\c@xmsm@mctr=\count295
\c@cmsm@mctr=\count296
\c@bsm@mctr=\count297
\c@workm@mctr=\count298
\c@sheetsequence=\count299
\c@lastsheet=\count300
\c@lastpage=\count301

(/usr/local/texlive/2023basic/texmf-dist/tex/latex/textcase/textcase.sty
Package: textcase 2022/07/10 v1.03 Text only upper/lower case changing (DPC)
Package textcase Info: Defining Legacy names on input line 20.
)
\c@figure=\count302
\c@lofdepth=\count303
\cftbeforefigureskip=\skip184
\cftfigureindent=\skip185
\cftfigurenumwidth=\skip186
\c@table=\count304
\c@lotdepth=\count305
\cftbeforetableskip=\skip187
\cfttableindent=\skip188
\cfttablenumwidth=\skip189
Package abstract [2008/07/23] emulated by memoir.
Package appendix [2008/07/23] emulated by memoir.
Package booktabs [2016/05/16] emulated by memoir.
Package ccaption [2008/07/23] emulated by memoir.
Package changepage [2008/07/23] emulated by memoir.
Package chngcntr [2008/07/23] emulated by memoir.
Package chngpage [2008/07/23] emulated by memoir.
Package crop emulated by memoir.
Package enumerate [2008/07/23] emulated by memoir.
Package epigraph [2008/07/23] emulated by memoir.
Package ifmtarg [2008/07/23] emulated by memoir.
Package index [2008/07/23] emulated by memoir.
Package makeidx [2008/07/23] emulated by memoir.
Package moreverb [2008/07/23] emulated by memoir.
Package needspace [2008/07/23] emulated by memoir.
Package newfile [2008/07/23] emulated by memoir.
Package nextpage [2008/07/23] emulated by memoir.
Package pagenote [2008/07/23] emulated by memoir.
Package parskip [2008/07/23] emulated by memoir.
Package patchcmd [2008/07/23] emulated by memoir.
Package setspace [2008/07/23] emulated by memoir.
Package shortvrb [2008/07/23] emulated by memoir.
Package showidx [2008/07/23] emulated by memoir.
Package titleref [2008/07/23] emulated by memoir.
Package titling [2008/07/23] emulated by memoir.
Package tocbibind [2008/07/23] emulated by memoir.
Package tocloft [2008/07/23] emulated by memoir.
Package tocvsec2 [2008/07/23] emulated by memoir.
Package verbatim [2008/07/23] emulated by memoir.
Package verse [2008/07/23] emulated by memoir.
)
(/usr/local/texlive/2023basic/texmf-dist/tex/latex/base/fontenc.sty
Package: fontenc 2021/04/29 v2.0v Standard LaTeX package
LaTeX Font Info:    Trying to load font information for T1+lmr on input line 11
2.

(/usr/local/texlive/2023basic/texmf-dist/tex/latex/lm/t1lmr.fd
File: t1lmr.fd 2015/05/01 v1.6.1 Font defs for Latin Modern
))
(/usr/local/texlive/2023basic/texmf-dist/tex/latex/base/inputenc.sty
Package: inputenc 2021/02/14 v1.3d Input encoding file
\inpenc@prehook=\toks24
\inpenc@posthook=\toks25


Package inputenc Warning: inputenc package ignored with utf8 based engines.

) (/usr/local/texlive/2023basic/texmf-dist/tex/latex/psnfss/palatino.sty
Package: palatino 2020/03/25 PSNFSS-v9.3 (SPQR) 
)
(/usr/local/texlive/2023basic/texmf-dist/tex/latex/bera/beramono.sty
Package: beramono 2004/01/31 (WaS)

(/usr/local/texlive/2023basic/texmf-dist/tex/latex/graphics/keyval.sty
Package: keyval 2022/05/29 v1.15 key=value parser (DPC)
\KV@toks@=\toks26
))
(/usr/local/texlive/2023basic/texmf-dist/tex/latex/lato/lato.sty
Package: lato 2019/06/20 Style file for Lato.

(/usr/local/texlive/2023basic/texmf-dist/tex/latex/fontaxes/fontaxes.sty
Package: fontaxes 2020/07/21 v1.0e Font selection axes
LaTeX Info: Redefining \upshape on input line 29.
LaTeX Info: Redefining \itshape on input line 31.
LaTeX Info: Redefining \slshape on input line 33.
LaTeX Info: Redefining \swshape on input line 35.
LaTeX Info: Redefining \scshape on input line 37.
LaTeX Info: Redefining \sscshape on input line 39.
LaTeX Info: Redefining \ulcshape on input line 41.
LaTeX Info: Redefining \textsw on input line 47.
LaTeX Info: Redefining \textssc on input line 48.
LaTeX Info: Redefining \textulc on input line 49.
)
(/usr/local/texlive/2023basic/texmf-dist/tex/generic/iftex/ifluatex.sty
Package: ifluatex 2019/10/25 v1.5 ifluatex legacy package. Use iftex instead.
)
(/usr/local/texlive/2023basic/texmf-dist/tex/generic/iftex/ifxetex.sty
Package: ifxetex 2019/10/25 v0.7 ifxetex legacy package. Use iftex instead.
)
(/usr/local/texlive/2023basic/texmf-dist/tex/latex/xkeyval/xkeyval.sty
Package: xkeyval 2022/06/16 v2.9 package option processing (HA)

(/usr/local/texlive/2023basic/texmf-dist/tex/generic/xkeyval/xkeyval.tex
(/usr/local/texlive/2023basic/texmf-dist/tex/generic/xkeyval/xkvutils.tex
\XKV@toks=\toks27
\XKV@tempa@toks=\toks28
)
\XKV@depth=\count306
File: xkeyval.tex 2014/12/03 v2.7a key=value parser (HA)
))
(/usr/local/texlive/2023basic/texmf-dist/tex/latex/fontspec/fontspec.sty
(/usr/local/texlive/2023basic/texmf-dist/tex/latex/l3packages/xparse/xparse.sty
(/usr/local/texlive/2023basic/texmf-dist/tex/latex/l3kernel/expl3.sty
Package: expl3 2023-02-22 L3 programming layer (loader) 

(/usr/local/texlive/2023basic/texmf-dist/tex/latex/l3backend/l3backend-xetex.de
f
File: l3backend-xetex.def 2023-01-16 L3 backend support: XeTeX
\g__graphics_track_int=\count307
\l__pdf_internal_box=\box56
\g__pdf_backend_object_int=\count308
\g__pdf_backend_annotation_int=\count309
\g__pdf_backend_link_int=\count310
))
Package: xparse 2023-02-02 L3 Experimental document command parser
)
Package: fontspec 2022/01/15 v2.8a Font selection for XeLaTeX and LuaLaTeX

(/usr/local/texlive/2023basic/texmf-dist/tex/latex/fontspec/fontspec-xetex.sty
Package: fontspec-xetex 2022/01/15 v2.8a Font selection for XeLaTeX and LuaLaTe
X
\l__fontspec_script_int=\count311
\l__fontspec_language_int=\count312
\l__fontspec_strnum_int=\count313
\l__fontspec_tmp_int=\count314
\l__fontspec_tmpa_int=\count315
\l__fontspec_tmpb_int=\count316
\l__fontspec_tmpc_int=\count317
\l__fontspec_em_int=\count318
\l__fontspec_emdef_int=\count319
\l__fontspec_strong_int=\count320
\l__fontspec_strongdef_int=\count321
\l__fontspec_tmpa_dim=\dimen187
\l__fontspec_tmpb_dim=\dimen188
\l__fontspec_tmpc_dim=\dimen189

(/usr/local/texlive/2023basic/texmf-dist/tex/latex/base/fontenc.sty
Package: fontenc 2021/04/29 v2.0v Standard LaTeX package
)
(/usr/local/texlive/2023basic/texmf-dist/tex/latex/fontspec/fontspec.cfg)))
Requested font "[Lato-Regular.ttf]/OT" at 9.99997pt
 -> /usr/local/texlive/2023basic/texmf-dist/fonts/truetype/typoland/lato/Lato-R
egular.ttf
Requested font "[Lato-Regular.ttf]/OT" at 10.00003pt
 -> /usr/local/texlive/2023basic/texmf-dist/fonts/truetype/typoland/lato/Lato-R
egular.ttf
Requested font "[Lato-Hairline.ttf]/OT:script=latn;language=dflt;" at 10.00003p
t
 -> /usr/local/texlive/2023basic/texmf-dist/fonts/truetype/typoland/lato/Lato-H
airline.ttf
Requested font "[Lato-HairlineItalic.ttf]/OT:script=latn;language=dflt;" at 10.
00003pt
 -> /usr/local/texlive/2023basic/texmf-dist/fonts/truetype/typoland/lato/Lato-H
airlineItalic.ttf
Requested font "[Lato-Thin.ttf]/OT:script=latn;language=dflt;" at 10.00003pt
 -> /usr/local/texlive/2023basic/texmf-dist/fonts/truetype/typoland/lato/Lato-T
hin.ttf
Requested font "[Lato-ThinItalic.ttf]/OT:script=latn;language=dflt;" at 10.0000
3pt
 -> /usr/local/texlive/2023basic/texmf-dist/fonts/truetype/typoland/lato/Lato-T
hinItalic.ttf
Requested font "[Lato-Light.ttf]/OT:script=latn;language=dflt;" at 10.00003pt
 -> /usr/local/texlive/2023basic/texmf-dist/fonts/truetype/typoland/lato/Lato-L
ight.ttf
Requested font "[Lato-LightItalic.ttf]/OT:script=latn;language=dflt;" at 10.000
03pt
 -> /usr/local/texlive/2023basic/texmf-dist/fonts/truetype/typoland/lato/Lato-L
ightItalic.ttf
Requested font "[Lato-Medium.ttf]/OT:script=latn;language=dflt;" at 10.00003pt
 -> /usr/local/texlive/2023basic/texmf-dist/fonts/truetype/typoland/lato/Lato-M
edium.ttf
Requested font "[Lato-MediumItalic.ttf]/OT:script=latn;language=dflt;" at 10.00
003pt
 -> /usr/local/texlive/2023basic/texmf-dist/fonts/truetype/typoland/lato/Lato-M
ediumItalic.ttf
Requested font "[Lato-Semibold.ttf]/OT:script=latn;language=dflt;" at 10.00003p
t
 -> /usr/local/texlive/2023basic/texmf-dist/fonts/truetype/typoland/lato/Lato-S
emibold.ttf
Requested font "[Lato-SemiboldItalic.ttf]/OT:script=latn;language=dflt;" at 10.
00003pt
 -> /usr/local/texlive/2023basic/texmf-dist/fonts/truetype/typoland/lato/Lato-S
emiboldItalic.ttf
Requested font "[Lato-Bold.ttf]/OT:script=latn;language=dflt;" at 10.00003pt
 -> /usr/local/texlive/2023basic/texmf-dist/fonts/truetype/typoland/lato/Lato-B
old.ttf
Requested font "[Lato-BoldItalic.ttf]/OT:script=latn;language=dflt;" at 10.0000
3pt
 -> /usr/local/texlive/2023basic/texmf-dist/fonts/truetype/typoland/lato/Lato-B
oldItalic.ttf
Requested font "[Lato-Heavy.ttf]/OT:script=latn;language=dflt;" at 10.00003pt
 -> /usr/local/texlive/2023basic/texmf-dist/fonts/truetype/typoland/lato/Lato-H
eavy.ttf
Requested font "[Lato-HeavyItalic.ttf]/OT:script=latn;language=dflt;" at 10.000
03pt
 -> /usr/local/texlive/2023basic/texmf-dist/fonts/truetype/typoland/lato/Lato-H
eavyItalic.ttf
Requested font "[Lato-Black.ttf]/OT:script=latn;language=dflt;" at 10.00003pt
 -> /usr/local/texlive/2023basic/texmf-dist/fonts/truetype/typoland/lato/Lato-B
lack.ttf
Requested font "[Lato-BlackItalic.ttf]/OT:script=latn;language=dflt;" at 10.000
03pt
 -> /usr/local/texlive/2023basic/texmf-dist/fonts/truetype/typoland/lato/Lato-B
lackItalic.ttf
Requested font "[Lato-Regular.ttf]/OT:script=latn;language=dflt;" at 10.00003pt
 -> /usr/local/texlive/2023basic/texmf-dist/fonts/truetype/typoland/lato/Lato-R
egular.ttf
Requested font "[Lato-Italic.ttf]/OT:script=latn;language=dflt;" at 10.00003pt
 -> /usr/local/texlive/2023basic/texmf-dist/fonts/truetype/typoland/lato/Lato-I
talic.ttf

Package fontspec Info: Font family 'lato-TLF' created for font 'Lato' with
(fontspec)             options
(fontspec)             [Extension=.ttf,Ligatures={TeX,Common},Scale=1,FontFace=
{ul}{n}{*-Hairline},FontFace={ul}{it}{*-HairlineItalic},FontFace={el}{n}{*-Thin
},FontFace={el}{it}{*-ThinItalic},FontFace={l}{n}{*-Light},FontFace={l}{it}{*-L
ightItalic},UprightFont={*-Regular},ItalicFont={*-Italic},FontFace={mb}{n}{*-Me
dium},FontFace={mb}{it}{*-MediumItalic},FontFace={sb}{n}{*-Semibold},FontFace={
sb}{it}{*-SemiboldItalic},FontFace={b}{n}{*-Bold},FontFace={b}{it}{*-BoldItalic
},BoldFont={*-Bold},BoldItalicFont={*-BoldItalic},FontFace={eb}{n}{*-Heavy},Fon
tFace={eb}{it}{*-HeavyItalic},FontFace={ub}{n}{*-Black},FontFace={ub}{it}{*-Bla
ckItalic},Numbers={Monospaced,Lining},NFSSFamily=lato-TLF].
(fontspec)              
(fontspec)              This font family consists of the following NFSS
(fontspec)             series/shapes:
(fontspec)              
(fontspec)             - (ul/n) with NFSS spec.:
(fontspec)             <->s*[1]"[Lato-Hairline.ttf]/OT:script=latn;language=dfl
t;+liga;+tnum;+lnum;mapping=tex-text;"
(fontspec)             -  (ul/sc) with NFSS spec.: 
(fontspec)             - (ul/it) with NFSS spec.:
(fontspec)             <->s*[1]"[Lato-HairlineItalic.ttf]/OT:script=latn;langua
ge=dflt;+liga;+tnum;+lnum;mapping=tex-text;"
(fontspec)             -  (ul/scit) with NFSS spec.: 
(fontspec)             - (el/n) with NFSS spec.:
(fontspec)             <->s*[1]"[Lato-Thin.ttf]/OT:script=latn;language=dflt;+l
iga;+tnum;+lnum;mapping=tex-text;"
(fontspec)             -  (el/sc) with NFSS spec.: 
(fontspec)             - (el/it) with NFSS spec.:
(fontspec)             <->s*[1]"[Lato-ThinItalic.ttf]/OT:script=latn;language=d
flt;+liga;+tnum;+lnum;mapping=tex-text;"
(fontspec)             -  (el/scit) with NFSS spec.: 
(fontspec)             - (l/n) with NFSS spec.:
(fontspec)             <->s*[1]"[Lato-Light.ttf]/OT:script=latn;language=dflt;+
liga;+tnum;+lnum;mapping=tex-text;"
(fontspec)             -  (l/sc) with NFSS spec.: 
(fontspec)             - (l/it) with NFSS spec.:
(fontspec)             <->s*[1]"[Lato-LightItalic.ttf]/OT:script=latn;language=
dflt;+liga;+tnum;+lnum;mapping=tex-text;"
(fontspec)             -  (l/scit) with NFSS spec.: 
(fontspec)             - (mb/n) with NFSS spec.:
(fontspec)             <->s*[1]"[Lato-Medium.ttf]/OT:script=latn;language=dflt;
+liga;+tnum;+lnum;mapping=tex-text;"
(fontspec)             -  (mb/sc) with NFSS spec.: 
(fontspec)             - (mb/it) with NFSS spec.:
(fontspec)             <->s*[1]"[Lato-MediumItalic.ttf]/OT:script=latn;language
=dflt;+liga;+tnum;+lnum;mapping=tex-text;"
(fontspec)             -  (mb/scit) with NFSS spec.: 
(fontspec)             - (sb/n) with NFSS spec.:
(fontspec)             <->s*[1]"[Lato-Semibold.ttf]/OT:script=latn;language=dfl
t;+liga;+tnum;+lnum;mapping=tex-text;"
(fontspec)             -  (sb/sc) with NFSS spec.: 
(fontspec)             - (sb/it) with NFSS spec.:
(fontspec)             <->s*[1]"[Lato-SemiboldItalic.ttf]/OT:script=latn;langua
ge=dflt;+liga;+tnum;+lnum;mapping=tex-text;"
(fontspec)             -  (sb/scit) with NFSS spec.: 
(fontspec)             - 'bold' (b/n) with NFSS spec.:
(fontspec)             <->s*[1]"[Lato-Bold.ttf]/OT:script=latn;language=dflt;+l
iga;+tnum;+lnum;mapping=tex-text;"
(fontspec)             - 'bold small caps'  (b/sc) with NFSS spec.: 
(fontspec)             - 'bold italic' (b/it) with NFSS spec.:
(fontspec)             <->s*[1]"[Lato-BoldItalic.ttf]/OT:script=latn;language=d
flt;+liga;+tnum;+lnum;mapping=tex-text;"
(fontspec)             - 'bold italic small caps'  (b/scit) with NFSS spec.: 
(fontspec)             - (eb/n) with NFSS spec.:
(fontspec)             <->s*[1]"[Lato-Heavy.ttf]/OT:script=latn;language=dflt;+
liga;+tnum;+lnum;mapping=tex-text;"
(fontspec)             -  (eb/sc) with NFSS spec.: 
(fontspec)             - (eb/it) with NFSS spec.:
(fontspec)             <->s*[1]"[Lato-HeavyItalic.ttf]/OT:script=latn;language=
dflt;+liga;+tnum;+lnum;mapping=tex-text;"
(fontspec)             -  (eb/scit) with NFSS spec.: 
(fontspec)             - (ub/n) with NFSS spec.:
(fontspec)             <->s*[1]"[Lato-Black.ttf]/OT:script=latn;language=dflt;+
liga;+tnum;+lnum;mapping=tex-text;"
(fontspec)             -  (ub/sc) with NFSS spec.: 
(fontspec)             - (ub/it) with NFSS spec.:
(fontspec)             <->s*[1]"[Lato-BlackItalic.ttf]/OT:script=latn;language=
dflt;+liga;+tnum;+lnum;mapping=tex-text;"
(fontspec)             -  (ub/scit) with NFSS spec.: 
(fontspec)             - 'normal' (m/n) with NFSS spec.:
(fontspec)             <->s*[1]"[Lato-Regular.ttf]/OT:script=latn;language=dflt
;+liga;+tnum;+lnum;mapping=tex-text;"
(fontspec)             - 'small caps'  (m/sc) with NFSS spec.: 
(fontspec)             - 'italic' (m/it) with NFSS spec.:
(fontspec)             <->s*[1]"[Lato-Italic.ttf]/OT:script=latn;language=dflt;
+liga;+tnum;+lnum;mapping=tex-text;"
(fontspec)             - 'italic small caps'  (m/scit) with NFSS spec.: 


Package fontspec Info: Font family 'lato-LF' created for font 'Lato' with
(fontspec)             options
(fontspec)             [Extension=.ttf,Ligatures={TeX,Common},Scale=1,FontFace=
{ul}{n}{*-Hairline},FontFace={ul}{it}{*-HairlineItalic},FontFace={el}{n}{*-Thin
},FontFace={el}{it}{*-ThinItalic},FontFace={l}{n}{*-Light},FontFace={l}{it}{*-L
ightItalic},UprightFont={*-Regular},ItalicFont={*-Italic},FontFace={mb}{n}{*-Me
dium},FontFace={mb}{it}{*-MediumItalic},FontFace={sb}{n}{*-Semibold},FontFace={
sb}{it}{*-SemiboldItalic},FontFace={b}{n}{*-Bold},FontFace={b}{it}{*-BoldItalic
},BoldFont={*-Bold},BoldItalicFont={*-BoldItalic},FontFace={eb}{n}{*-Heavy},Fon
tFace={eb}{it}{*-HeavyItalic},FontFace={ub}{n}{*-Black},FontFace={ub}{it}{*-Bla
ckItalic},Numbers={Proportional,Lining},NFSSFamily=lato-LF].
(fontspec)              
(fontspec)              This font family consists of the following NFSS
(fontspec)             series/shapes:
(fontspec)              
(fontspec)             - (ul/n) with NFSS spec.:
(fontspec)             <->s*[1]"[Lato-Hairline.ttf]/OT:script=latn;language=dfl
t;+liga;+pnum;+lnum;mapping=tex-text;"
(fontspec)             -  (ul/sc) with NFSS spec.: 
(fontspec)             - (ul/it) with NFSS spec.:
(fontspec)             <->s*[1]"[Lato-HairlineItalic.ttf]/OT:script=latn;langua
ge=dflt;+liga;+pnum;+lnum;mapping=tex-text;"
(fontspec)             -  (ul/scit) with NFSS spec.: 
(fontspec)             - (el/n) with NFSS spec.:
(fontspec)             <->s*[1]"[Lato-Thin.ttf]/OT:script=latn;language=dflt;+l
iga;+pnum;+lnum;mapping=tex-text;"
(fontspec)             -  (el/sc) with NFSS spec.: 
(fontspec)             - (el/it) with NFSS spec.:
(fontspec)             <->s*[1]"[Lato-ThinItalic.ttf]/OT:script=latn;language=d
flt;+liga;+pnum;+lnum;mapping=tex-text;"
(fontspec)             -  (el/scit) with NFSS spec.: 
(fontspec)             - (l/n) with NFSS spec.:
(fontspec)             <->s*[1]"[Lato-Light.ttf]/OT:script=latn;language=dflt;+
liga;+pnum;+lnum;mapping=tex-text;"
(fontspec)             -  (l/sc) with NFSS spec.: 
(fontspec)             - (l/it) with NFSS spec.:
(fontspec)             <->s*[1]"[Lato-LightItalic.ttf]/OT:script=latn;language=
dflt;+liga;+pnum;+lnum;mapping=tex-text;"
(fontspec)             -  (l/scit) with NFSS spec.: 
(fontspec)             - (mb/n) with NFSS spec.:
(fontspec)             <->s*[1]"[Lato-Medium.ttf]/OT:script=latn;language=dflt;
+liga;+pnum;+lnum;mapping=tex-text;"
(fontspec)             -  (mb/sc) with NFSS spec.: 
(fontspec)             - (mb/it) with NFSS spec.:
(fontspec)             <->s*[1]"[Lato-MediumItalic.ttf]/OT:script=latn;language
=dflt;+liga;+pnum;+lnum;mapping=tex-text;"
(fontspec)             -  (mb/scit) with NFSS spec.: 
(fontspec)             - (sb/n) with NFSS spec.:
(fontspec)             <->s*[1]"[Lato-Semibold.ttf]/OT:script=latn;language=dfl
t;+liga;+pnum;+lnum;mapping=tex-text;"
(fontspec)             -  (sb/sc) with NFSS spec.: 
(fontspec)             - (sb/it) with NFSS spec.:
(fontspec)             <->s*[1]"[Lato-SemiboldItalic.ttf]/OT:script=latn;langua
ge=dflt;+liga;+pnum;+lnum;mapping=tex-text;"
(fontspec)             -  (sb/scit) with NFSS spec.: 
(fontspec)             - 'bold' (b/n) with NFSS spec.:
(fontspec)             <->s*[1]"[Lato-Bold.ttf]/OT:script=latn;language=dflt;+l
iga;+pnum;+lnum;mapping=tex-text;"
(fontspec)             - 'bold small caps'  (b/sc) with NFSS spec.: 
(fontspec)             - 'bold italic' (b/it) with NFSS spec.:
(fontspec)             <->s*[1]"[Lato-BoldItalic.ttf]/OT:script=latn;language=d
flt;+liga;+pnum;+lnum;mapping=tex-text;"
(fontspec)             - 'bold italic small caps'  (b/scit) with NFSS spec.: 
(fontspec)             - (eb/n) with NFSS spec.:
(fontspec)             <->s*[1]"[Lato-Heavy.ttf]/OT:script=latn;language=dflt;+
liga;+pnum;+lnum;mapping=tex-text;"
(fontspec)             -  (eb/sc) with NFSS spec.: 
(fontspec)             - (eb/it) with NFSS spec.:
(fontspec)             <->s*[1]"[Lato-HeavyItalic.ttf]/OT:script=latn;language=
dflt;+liga;+pnum;+lnum;mapping=tex-text;"
(fontspec)             -  (eb/scit) with NFSS spec.: 
(fontspec)             - (ub/n) with NFSS spec.:
(fontspec)             <->s*[1]"[Lato-Black.ttf]/OT:script=latn;language=dflt;+
liga;+pnum;+lnum;mapping=tex-text;"
(fontspec)             -  (ub/sc) with NFSS spec.: 
(fontspec)             - (ub/it) with NFSS spec.:
(fontspec)             <->s*[1]"[Lato-BlackItalic.ttf]/OT:script=latn;language=
dflt;+liga;+pnum;+lnum;mapping=tex-text;"
(fontspec)             -  (ub/scit) with NFSS spec.: 
(fontspec)             - 'normal' (m/n) with NFSS spec.:
(fontspec)             <->s*[1]"[Lato-Regular.ttf]/OT:script=latn;language=dflt
;+liga;+pnum;+lnum;mapping=tex-text;"
(fontspec)             - 'small caps'  (m/sc) with NFSS spec.: 
(fontspec)             - 'italic' (m/it) with NFSS spec.:
(fontspec)             <->s*[1]"[Lato-Italic.ttf]/OT:script=latn;language=dflt;
+liga;+pnum;+lnum;mapping=tex-text;"
(fontspec)             - 'italic small caps'  (m/scit) with NFSS spec.: 


Package fontspec Info: Font family 'lato-TOsF' created for font 'Lato' with
(fontspec)             options
(fontspec)             [Extension=.ttf,Ligatures={TeX,Common},Scale=1,FontFace=
{ul}{n}{*-Hairline},FontFace={ul}{it}{*-HairlineItalic},FontFace={el}{n}{*-Thin
},FontFace={el}{it}{*-ThinItalic},FontFace={l}{n}{*-Light},FontFace={l}{it}{*-L
ightItalic},UprightFont={*-Regular},ItalicFont={*-Italic},FontFace={mb}{n}{*-Me
dium},FontFace={mb}{it}{*-MediumItalic},FontFace={sb}{n}{*-Semibold},FontFace={
sb}{it}{*-SemiboldItalic},FontFace={b}{n}{*-Bold},FontFace={b}{it}{*-BoldItalic
},BoldFont={*-Bold},BoldItalicFont={*-BoldItalic},FontFace={eb}{n}{*-Heavy},Fon
tFace={eb}{it}{*-HeavyItalic},FontFace={ub}{n}{*-Black},FontFace={ub}{it}{*-Bla
ckItalic},Numbers={Monospaced,OldStyle},NFSSFamily=lato-TOsF].
(fontspec)              
(fontspec)              This font family consists of the following NFSS
(fontspec)             series/shapes:
(fontspec)              
(fontspec)             - (ul/n) with NFSS spec.:
(fontspec)             <->s*[1]"[Lato-Hairline.ttf]/OT:script=latn;language=dfl
t;+liga;+tnum;+onum;mapping=tex-text;"
(fontspec)             -  (ul/sc) with NFSS spec.: 
(fontspec)             - (ul/it) with NFSS spec.:
(fontspec)             <->s*[1]"[Lato-HairlineItalic.ttf]/OT:script=latn;langua
ge=dflt;+liga;+tnum;+onum;mapping=tex-text;"
(fontspec)             -  (ul/scit) with NFSS spec.: 
(fontspec)             - (el/n) with NFSS spec.:
(fontspec)             <->s*[1]"[Lato-Thin.ttf]/OT:script=latn;language=dflt;+l
iga;+tnum;+onum;mapping=tex-text;"
(fontspec)             -  (el/sc) with NFSS spec.: 
(fontspec)             - (el/it) with NFSS spec.:
(fontspec)             <->s*[1]"[Lato-ThinItalic.ttf]/OT:script=latn;language=d
flt;+liga;+tnum;+onum;mapping=tex-text;"
(fontspec)             -  (el/scit) with NFSS spec.: 
(fontspec)             - (l/n) with NFSS spec.:
(fontspec)             <->s*[1]"[Lato-Light.ttf]/OT:script=latn;language=dflt;+
liga;+tnum;+onum;mapping=tex-text;"
(fontspec)             -  (l/sc) with NFSS spec.: 
(fontspec)             - (l/it) with NFSS spec.:
(fontspec)             <->s*[1]"[Lato-LightItalic.ttf]/OT:script=latn;language=
dflt;+liga;+tnum;+onum;mapping=tex-text;"
(fontspec)             -  (l/scit) with NFSS spec.: 
(fontspec)             - (mb/n) with NFSS spec.:
(fontspec)             <->s*[1]"[Lato-Medium.ttf]/OT:script=latn;language=dflt;
+liga;+tnum;+onum;mapping=tex-text;"
(fontspec)             -  (mb/sc) with NFSS spec.: 
(fontspec)             - (mb/it) with NFSS spec.:
(fontspec)             <->s*[1]"[Lato-MediumItalic.ttf]/OT:script=latn;language
=dflt;+liga;+tnum;+onum;mapping=tex-text;"
(fontspec)             -  (mb/scit) with NFSS spec.: 
(fontspec)             - (sb/n) with NFSS spec.:
(fontspec)             <->s*[1]"[Lato-Semibold.ttf]/OT:script=latn;language=dfl
t;+liga;+tnum;+onum;mapping=tex-text;"
(fontspec)             -  (sb/sc) with NFSS spec.: 
(fontspec)             - (sb/it) with NFSS spec.:
(fontspec)             <->s*[1]"[Lato-SemiboldItalic.ttf]/OT:script=latn;langua
ge=dflt;+liga;+tnum;+onum;mapping=tex-text;"
(fontspec)             -  (sb/scit) with NFSS spec.: 
(fontspec)             - 'bold' (b/n) with NFSS spec.:
(fontspec)             <->s*[1]"[Lato-Bold.ttf]/OT:script=latn;language=dflt;+l
iga;+tnum;+onum;mapping=tex-text;"
(fontspec)             - 'bold small caps'  (b/sc) with NFSS spec.: 
(fontspec)             - 'bold italic' (b/it) with NFSS spec.:
(fontspec)             <->s*[1]"[Lato-BoldItalic.ttf]/OT:script=latn;language=d
flt;+liga;+tnum;+onum;mapping=tex-text;"
(fontspec)             - 'bold italic small caps'  (b/scit) with NFSS spec.: 
(fontspec)             - (eb/n) with NFSS spec.:
(fontspec)             <->s*[1]"[Lato-Heavy.ttf]/OT:script=latn;language=dflt;+
liga;+tnum;+onum;mapping=tex-text;"
(fontspec)             -  (eb/sc) with NFSS spec.: 
(fontspec)             - (eb/it) with NFSS spec.:
(fontspec)             <->s*[1]"[Lato-HeavyItalic.ttf]/OT:script=latn;language=
dflt;+liga;+tnum;+onum;mapping=tex-text;"
(fontspec)             -  (eb/scit) with NFSS spec.: 
(fontspec)             - (ub/n) with NFSS spec.:
(fontspec)             <->s*[1]"[Lato-Black.ttf]/OT:script=latn;language=dflt;+
liga;+tnum;+onum;mapping=tex-text;"
(fontspec)             -  (ub/sc) with NFSS spec.: 
(fontspec)             - (ub/it) with NFSS spec.:
(fontspec)             <->s*[1]"[Lato-BlackItalic.ttf]/OT:script=latn;language=
dflt;+liga;+tnum;+onum;mapping=tex-text;"
(fontspec)             -  (ub/scit) with NFSS spec.: 
(fontspec)             - 'normal' (m/n) with NFSS spec.:
(fontspec)             <->s*[1]"[Lato-Regular.ttf]/OT:script=latn;language=dflt
;+liga;+tnum;+onum;mapping=tex-text;"
(fontspec)             - 'small caps'  (m/sc) with NFSS spec.: 
(fontspec)             - 'italic' (m/it) with NFSS spec.:
(fontspec)             <->s*[1]"[Lato-Italic.ttf]/OT:script=latn;language=dflt;
+liga;+tnum;+onum;mapping=tex-text;"
(fontspec)             - 'italic small caps'  (m/scit) with NFSS spec.: 


Package fontspec Info: Font family 'lato-OsF' created for font 'Lato' with
(fontspec)             options
(fontspec)             [Extension=.ttf,Ligatures={TeX,Common},Scale=1,FontFace=
{ul}{n}{*-Hairline},FontFace={ul}{it}{*-HairlineItalic},FontFace={el}{n}{*-Thin
},FontFace={el}{it}{*-ThinItalic},FontFace={l}{n}{*-Light},FontFace={l}{it}{*-L
ightItalic},UprightFont={*-Regular},ItalicFont={*-Italic},FontFace={mb}{n}{*-Me
dium},FontFace={mb}{it}{*-MediumItalic},FontFace={sb}{n}{*-Semibold},FontFace={
sb}{it}{*-SemiboldItalic},FontFace={b}{n}{*-Bold},FontFace={b}{it}{*-BoldItalic
},BoldFont={*-Bold},BoldItalicFont={*-BoldItalic},FontFace={eb}{n}{*-Heavy},Fon
tFace={eb}{it}{*-HeavyItalic},FontFace={ub}{n}{*-Black},FontFace={ub}{it}{*-Bla
ckItalic},Numbers={Proportional,OldStyle},NFSSFamily=lato-OsF].
(fontspec)              
(fontspec)              This font family consists of the following NFSS
(fontspec)             series/shapes:
(fontspec)              
(fontspec)             - (ul/n) with NFSS spec.:
(fontspec)             <->s*[1]"[Lato-Hairline.ttf]/OT:script=latn;language=dfl
t;+liga;+pnum;+onum;mapping=tex-text;"
(fontspec)             -  (ul/sc) with NFSS spec.: 
(fontspec)             - (ul/it) with NFSS spec.:
(fontspec)             <->s*[1]"[Lato-HairlineItalic.ttf]/OT:script=latn;langua
ge=dflt;+liga;+pnum;+onum;mapping=tex-text;"
(fontspec)             -  (ul/scit) with NFSS spec.: 
(fontspec)             - (el/n) with NFSS spec.:
(fontspec)             <->s*[1]"[Lato-Thin.ttf]/OT:script=latn;language=dflt;+l
iga;+pnum;+onum;mapping=tex-text;"
(fontspec)             -  (el/sc) with NFSS spec.: 
(fontspec)             - (el/it) with NFSS spec.:
(fontspec)             <->s*[1]"[Lato-ThinItalic.ttf]/OT:script=latn;language=d
flt;+liga;+pnum;+onum;mapping=tex-text;"
(fontspec)             -  (el/scit) with NFSS spec.: 
(fontspec)             - (l/n) with NFSS spec.:
(fontspec)             <->s*[1]"[Lato-Light.ttf]/OT:script=latn;language=dflt;+
liga;+pnum;+onum;mapping=tex-text;"
(fontspec)             -  (l/sc) with NFSS spec.: 
(fontspec)             - (l/it) with NFSS spec.:
(fontspec)             <->s*[1]"[Lato-LightItalic.ttf]/OT:script=latn;language=
dflt;+liga;+pnum;+onum;mapping=tex-text;"
(fontspec)             -  (l/scit) with NFSS spec.: 
(fontspec)             - (mb/n) with NFSS spec.:
(fontspec)             <->s*[1]"[Lato-Medium.ttf]/OT:script=latn;language=dflt;
+liga;+pnum;+onum;mapping=tex-text;"
(fontspec)             -  (mb/sc) with NFSS spec.: 
(fontspec)             - (mb/it) with NFSS spec.:
(fontspec)             <->s*[1]"[Lato-MediumItalic.ttf]/OT:script=latn;language
=dflt;+liga;+pnum;+onum;mapping=tex-text;"
(fontspec)             -  (mb/scit) with NFSS spec.: 
(fontspec)             - (sb/n) with NFSS spec.:
(fontspec)             <->s*[1]"[Lato-Semibold.ttf]/OT:script=latn;language=dfl
t;+liga;+pnum;+onum;mapping=tex-text;"
(fontspec)             -  (sb/sc) with NFSS spec.: 
(fontspec)             - (sb/it) with NFSS spec.:
(fontspec)             <->s*[1]"[Lato-SemiboldItalic.ttf]/OT:script=latn;langua
ge=dflt;+liga;+pnum;+onum;mapping=tex-text;"
(fontspec)             -  (sb/scit) with NFSS spec.: 
(fontspec)             - 'bold' (b/n) with NFSS spec.:
(fontspec)             <->s*[1]"[Lato-Bold.ttf]/OT:script=latn;language=dflt;+l
iga;+pnum;+onum;mapping=tex-text;"
(fontspec)             - 'bold small caps'  (b/sc) with NFSS spec.: 
(fontspec)             - 'bold italic' (b/it) with NFSS spec.:
(fontspec)             <->s*[1]"[Lato-BoldItalic.ttf]/OT:script=latn;language=d
flt;+liga;+pnum;+onum;mapping=tex-text;"
(fontspec)             - 'bold italic small caps'  (b/scit) with NFSS spec.: 
(fontspec)             - (eb/n) with NFSS spec.:
(fontspec)             <->s*[1]"[Lato-Heavy.ttf]/OT:script=latn;language=dflt;+
liga;+pnum;+onum;mapping=tex-text;"
(fontspec)             -  (eb/sc) with NFSS spec.: 
(fontspec)             - (eb/it) with NFSS spec.:
(fontspec)             <->s*[1]"[Lato-HeavyItalic.ttf]/OT:script=latn;language=
dflt;+liga;+pnum;+onum;mapping=tex-text;"
(fontspec)             -  (eb/scit) with NFSS spec.: 
(fontspec)             - (ub/n) with NFSS spec.:
(fontspec)             <->s*[1]"[Lato-Black.ttf]/OT:script=latn;language=dflt;+
liga;+pnum;+onum;mapping=tex-text;"
(fontspec)             -  (ub/sc) with NFSS spec.: 
(fontspec)             - (ub/it) with NFSS spec.:
(fontspec)             <->s*[1]"[Lato-BlackItalic.ttf]/OT:script=latn;language=
dflt;+liga;+pnum;+onum;mapping=tex-text;"
(fontspec)             -  (ub/scit) with NFSS spec.: 
(fontspec)             - 'normal' (m/n) with NFSS spec.:
(fontspec)             <->s*[1]"[Lato-Regular.ttf]/OT:script=latn;language=dflt
;+liga;+pnum;+onum;mapping=tex-text;"
(fontspec)             - 'small caps'  (m/sc) with NFSS spec.: 
(fontspec)             - 'italic' (m/it) with NFSS spec.:
(fontspec)             <->s*[1]"[Lato-Italic.ttf]/OT:script=latn;language=dflt;
+liga;+pnum;+onum;mapping=tex-text;"
(fontspec)             - 'italic small caps'  (m/scit) with NFSS spec.: 


Package fontspec Info: Font family 'fla' created for font 'Lato' with options
(fontspec)             [Extension=.ttf,Ligatures={TeX,Common},Scale=1,FontFace=
{ul}{n}{*-Hairline},FontFace={ul}{it}{*-HairlineItalic},FontFace={el}{n}{*-Thin
},FontFace={el}{it}{*-ThinItalic},FontFace={l}{n}{*-Light},FontFace={l}{it}{*-L
ightItalic},UprightFont={*-Regular},ItalicFont={*-Italic},FontFace={mb}{n}{*-Me
dium},FontFace={mb}{it}{*-MediumItalic},FontFace={sb}{n}{*-Semibold},FontFace={
sb}{it}{*-SemiboldItalic},FontFace={b}{n}{*-Bold},FontFace={b}{it}{*-BoldItalic
},BoldFont={*-Bold},BoldItalicFont={*-BoldItalic},FontFace={eb}{n}{*-Heavy},Fon
tFace={eb}{it}{*-HeavyItalic},FontFace={ub}{n}{*-Black},FontFace={ub}{it}{*-Bla
ckItalic},Numbers={Monospaced,Lining},NFSSFamily=fla].
(fontspec)              
(fontspec)              This font family consists of the following NFSS
(fontspec)             series/shapes:
(fontspec)              
(fontspec)             - (ul/n) with NFSS spec.:
(fontspec)             <->s*[1]"[Lato-Hairline.ttf]/OT:script=latn;language=dfl
t;+liga;+tnum;+lnum;mapping=tex-text;"
(fontspec)             -  (ul/sc) with NFSS spec.: 
(fontspec)             - (ul/it) with NFSS spec.:
(fontspec)             <->s*[1]"[Lato-HairlineItalic.ttf]/OT:script=latn;langua
ge=dflt;+liga;+tnum;+lnum;mapping=tex-text;"
(fontspec)             -  (ul/scit) with NFSS spec.: 
(fontspec)             - (el/n) with NFSS spec.:
(fontspec)             <->s*[1]"[Lato-Thin.ttf]/OT:script=latn;language=dflt;+l
iga;+tnum;+lnum;mapping=tex-text;"
(fontspec)             -  (el/sc) with NFSS spec.: 
(fontspec)             - (el/it) with NFSS spec.:
(fontspec)             <->s*[1]"[Lato-ThinItalic.ttf]/OT:script=latn;language=d
flt;+liga;+tnum;+lnum;mapping=tex-text;"
(fontspec)             -  (el/scit) with NFSS spec.: 
(fontspec)             - (l/n) with NFSS spec.:
(fontspec)             <->s*[1]"[Lato-Light.ttf]/OT:script=latn;language=dflt;+
liga;+tnum;+lnum;mapping=tex-text;"
(fontspec)             -  (l/sc) with NFSS spec.: 
(fontspec)             - (l/it) with NFSS spec.:
(fontspec)             <->s*[1]"[Lato-LightItalic.ttf]/OT:script=latn;language=
dflt;+liga;+tnum;+lnum;mapping=tex-text;"
(fontspec)             -  (l/scit) with NFSS spec.: 
(fontspec)             - (mb/n) with NFSS spec.:
(fontspec)             <->s*[1]"[Lato-Medium.ttf]/OT:script=latn;language=dflt;
+liga;+tnum;+lnum;mapping=tex-text;"
(fontspec)             -  (mb/sc) with NFSS spec.: 
(fontspec)             - (mb/it) with NFSS spec.:
(fontspec)             <->s*[1]"[Lato-MediumItalic.ttf]/OT:script=latn;language
=dflt;+liga;+tnum;+lnum;mapping=tex-text;"
(fontspec)             -  (mb/scit) with NFSS spec.: 
(fontspec)             - (sb/n) with NFSS spec.:
(fontspec)             <->s*[1]"[Lato-Semibold.ttf]/OT:script=latn;language=dfl
t;+liga;+tnum;+lnum;mapping=tex-text;"
(fontspec)             -  (sb/sc) with NFSS spec.: 
(fontspec)             - (sb/it) with NFSS spec.:
(fontspec)             <->s*[1]"[Lato-SemiboldItalic.ttf]/OT:script=latn;langua
ge=dflt;+liga;+tnum;+lnum;mapping=tex-text;"
(fontspec)             -  (sb/scit) with NFSS spec.: 
(fontspec)             - 'bold' (b/n) with NFSS spec.:
(fontspec)             <->s*[1]"[Lato-Bold.ttf]/OT:script=latn;language=dflt;+l
iga;+tnum;+lnum;mapping=tex-text;"
(fontspec)             - 'bold small caps'  (b/sc) with NFSS spec.: 
(fontspec)             - 'bold italic' (b/it) with NFSS spec.:
(fontspec)             <->s*[1]"[Lato-BoldItalic.ttf]/OT:script=latn;language=d
flt;+liga;+tnum;+lnum;mapping=tex-text;"
(fontspec)             - 'bold italic small caps'  (b/scit) with NFSS spec.: 
(fontspec)             - (eb/n) with NFSS spec.:
(fontspec)             <->s*[1]"[Lato-Heavy.ttf]/OT:script=latn;language=dflt;+
liga;+tnum;+lnum;mapping=tex-text;"
(fontspec)             -  (eb/sc) with NFSS spec.: 
(fontspec)             - (eb/it) with NFSS spec.:
(fontspec)             <->s*[1]"[Lato-HeavyItalic.ttf]/OT:script=latn;language=
dflt;+liga;+tnum;+lnum;mapping=tex-text;"
(fontspec)             -  (eb/scit) with NFSS spec.: 
(fontspec)             - (ub/n) with NFSS spec.:
(fontspec)             <->s*[1]"[Lato-Black.ttf]/OT:script=latn;language=dflt;+
liga;+tnum;+lnum;mapping=tex-text;"
(fontspec)             -  (ub/sc) with NFSS spec.: 
(fontspec)             - (ub/it) with NFSS spec.:
(fontspec)             <->s*[1]"[Lato-BlackItalic.ttf]/OT:script=latn;language=
dflt;+liga;+tnum;+lnum;mapping=tex-text;"
(fontspec)             -  (ub/scit) with NFSS spec.: 
(fontspec)             - 'normal' (m/n) with NFSS spec.:
(fontspec)             <->s*[1]"[Lato-Regular.ttf]/OT:script=latn;language=dflt
;+liga;+tnum;+lnum;mapping=tex-text;"
(fontspec)             - 'small caps'  (m/sc) with NFSS spec.: 
(fontspec)             - 'italic' (m/it) with NFSS spec.:
(fontspec)             <->s*[1]"[Lato-Italic.ttf]/OT:script=latn;language=dflt;
+liga;+tnum;+lnum;mapping=tex-text;"
(fontspec)             - 'italic small caps'  (m/scit) with NFSS spec.: 

)
(/usr/local/texlive/2023basic/texmf-dist/tex/latex/graphics/graphicx.sty
Package: graphicx 2021/09/16 v1.2d Enhanced LaTeX Graphics (DPC,SPQR)

(/usr/local/texlive/2023basic/texmf-dist/tex/latex/graphics/graphics.sty
Package: graphics 2022/03/10 v1.4e Standard LaTeX Graphics (DPC,SPQR)

(/usr/local/texlive/2023basic/texmf-dist/tex/latex/graphics/trig.sty
Package: trig 2021/08/11 v1.11 sin cos tan (DPC)
)
(/usr/local/texlive/2023basic/texmf-dist/tex/latex/graphics-cfg/graphics.cfg
File: graphics.cfg 2016/06/04 v1.11 sample graphics configuration
)
Package graphics Info: Driver file: xetex.def on input line 107.

(/usr/local/texlive/2023basic/texmf-dist/tex/latex/graphics-def/xetex.def
File: xetex.def 2022/09/22 v5.0n Graphics/color driver for xetex
))
\Gin@req@height=\dimen190
\Gin@req@width=\dimen191
)
(/usr/local/texlive/2023basic/texmf-dist/tex/latex/xcolor/xcolor.sty
Package: xcolor 2022/06/12 v2.14 LaTeX color extensions (UK)

(/usr/local/texlive/2023basic/texmf-dist/tex/latex/graphics-cfg/color.cfg
File: color.cfg 2016/01/02 v1.6 sample color configuration
)
Package xcolor Info: Driver file: xetex.def on input line 227.

(/usr/local/texlive/2023basic/texmf-dist/tex/latex/colortbl/colortbl.sty
Package: colortbl 2022/06/20 v1.0f Color table columns (DPC)
\everycr=\toks29
\minrowclearance=\skip190
\rownum=\count322
)
(/usr/local/texlive/2023basic/texmf-dist/tex/latex/graphics/mathcolor.ltx)
Package xcolor Info: Model `cmy' substituted by `cmy0' on input line 1353.
Package xcolor Info: Model `RGB' extended on input line 1369.
Package xcolor Info: Model `HTML' substituted by `rgb' on input line 1371.
Package xcolor Info: Model `Hsb' substituted by `hsb' on input line 1372.
Package xcolor Info: Model `tHsb' substituted by `hsb' on input line 1373.
Package xcolor Info: Model `HSB' substituted by `hsb' on input line 1374.
Package xcolor Info: Model `Gray' substituted by `gray' on input line 1375.
Package xcolor Info: Model `wave' substituted by `hsb' on input line 1376.
)
(/usr/local/texlive/2023basic/texmf-dist/tex/latex/url/url.sty
\Urlmuskip=\muskip16
Package: url 2013/09/16  ver 3.4  Verb mode for urls, etc.
)
(/usr/local/texlive/2023basic/texmf-dist/tex/latex/hyperref/hyperref.sty
Package: hyperref 2023-07-08 v7.01b Hypertext links for LaTeX

(/usr/local/texlive/2023basic/texmf-dist/tex/generic/ltxcmds/ltxcmds.sty
Package: ltxcmds 2020-05-10 v1.25 LaTeX kernel commands for general use (HO)
)
(/usr/local/texlive/2023basic/texmf-dist/tex/generic/pdftexcmds/pdftexcmds.sty
Package: pdftexcmds 2020-06-27 v0.33 Utility functions of pdfTeX for LuaTeX (HO
)

(/usr/local/texlive/2023basic/texmf-dist/tex/generic/infwarerr/infwarerr.sty
Package: infwarerr 2019/12/03 v1.5 Providing info/warning/error messages (HO)
)
Package pdftexcmds Info: \pdf@primitive is available.
Package pdftexcmds Info: \pdf@ifprimitive is available.
Package pdftexcmds Info: \pdfdraftmode not found.
)
(/usr/local/texlive/2023basic/texmf-dist/tex/latex/kvsetkeys/kvsetkeys.sty
Package: kvsetkeys 2022-10-05 v1.19 Key value parser (HO)
)
(/usr/local/texlive/2023basic/texmf-dist/tex/generic/kvdefinekeys/kvdefinekeys.
sty
Package: kvdefinekeys 2019-12-19 v1.6 Define keys (HO)
)
(/usr/local/texlive/2023basic/texmf-dist/tex/generic/pdfescape/pdfescape.sty
Package: pdfescape 2019/12/09 v1.15 Implements pdfTeX's escape features (HO)
)
(/usr/local/texlive/2023basic/texmf-dist/tex/latex/hycolor/hycolor.sty
Package: hycolor 2020-01-27 v1.10 Color options for hyperref/bookmark (HO)
)
(/usr/local/texlive/2023basic/texmf-dist/tex/latex/letltxmacro/letltxmacro.sty
Package: letltxmacro 2019/12/03 v1.6 Let assignment for LaTeX macros (HO)
) (/usr/local/texlive/2023basic/texmf-dist/tex/latex/auxhook/auxhook.sty
Package: auxhook 2019-12-17 v1.6 Hooks for auxiliary files (HO)
)
(/usr/local/texlive/2023basic/texmf-dist/tex/latex/hyperref/nameref.sty
Package: nameref 2023-08-07 v2.53 Cross-referencing by name of section

(/usr/local/texlive/2023basic/texmf-dist/tex/latex/refcount/refcount.sty
Package: refcount 2019/12/15 v3.6 Data extraction from label references (HO)
)
(/usr/local/texlive/2023basic/texmf-dist/tex/generic/gettitlestring/gettitlestr
ing.sty
Package: gettitlestring 2019/12/15 v1.6 Cleanup title references (HO)

(/usr/local/texlive/2023basic/texmf-dist/tex/latex/kvoptions/kvoptions.sty
Package: kvoptions 2022-06-15 v3.15 Key value format for package options (HO)
))
\c@section@level=\count323
)
\@linkdim=\dimen192
\Hy@linkcounter=\count324
\Hy@pagecounter=\count325

(/usr/local/texlive/2023basic/texmf-dist/tex/latex/hyperref/pd1enc.def
File: pd1enc.def 2023-07-08 v7.01b Hyperref: PDFDocEncoding definition (HO)
)
(/usr/local/texlive/2023basic/texmf-dist/tex/generic/intcalc/intcalc.sty
Package: intcalc 2019/12/15 v1.3 Expandable calculations with integers (HO)
)
\Hy@SavedSpaceFactor=\count326

(/usr/local/texlive/2023basic/texmf-dist/tex/latex/hyperref/puenc.def
File: puenc.def 2023-07-08 v7.01b Hyperref: PDF Unicode definition (HO)
)
Package hyperref Info: Option `hyperindex' set `true' on input line 4050.
Package hyperref Info: Hyper figures OFF on input line 4167.
Package hyperref Info: Link nesting OFF on input line 4172.
Package hyperref Info: Hyper index ON on input line 4175.
Package hyperref Info: Plain pages OFF on input line 4182.
Package hyperref Info: Backreferencing OFF on input line 4187.
Package hyperref Info: Implicit mode ON; LaTeX internals redefined.
Package hyperref Info: Bookmarks ON on input line 4434.
\c@Hy@tempcnt=\count327
LaTeX Info: Redefining \url on input line 4772.
\XeTeXLinkMargin=\dimen193
Requested font "pzdr" at 0.00002pt
 -> /usr/local/texlive/2023basic/texmf-dist/fonts/tfm/adobe/zapfding/pzdr.tfm

(/usr/local/texlive/2023basic/texmf-dist/tex/generic/bitset/bitset.sty
Package: bitset 2019/12/09 v1.3 Handle bit-vector datatype (HO)

(/usr/local/texlive/2023basic/texmf-dist/tex/generic/bigintcalc/bigintcalc.sty
Package: bigintcalc 2019/12/15 v1.5 Expandable calculations on big integers (HO
)
))
\Fld@menulength=\count328
\Field@Width=\dimen194
\Fld@charsize=\dimen195
Package hyperref Info: Hyper figures OFF on input line 6051.
Package hyperref Info: Link nesting OFF on input line 6056.
Package hyperref Info: Hyper index ON on input line 6059.
Package hyperref Info: backreferencing OFF on input line 6066.
Package hyperref Info: Link coloring OFF on input line 6071.
Package hyperref Info: Link coloring with OCG OFF on input line 6076.
Package hyperref Info: PDF/A mode OFF on input line 6081.
 (/usr/local/texlive/2023basic/texmf-dist/tex/latex/base/atbegshi-ltx.sty
Package: atbegshi-ltx 2021/01/10 v1.0c Emulation of the original atbegshi
package with kernel methods
)
\Hy@abspage=\count329
\c@Item=\count330
\c@Hfootnote=\count331
)
Package hyperref Info: Driver (autodetected): hxetex.

(/usr/local/texlive/2023basic/texmf-dist/tex/latex/hyperref/hxetex.def
File: hxetex.def 2023-07-08 v7.01b Hyperref driver for XeTeX

(/usr/local/texlive/2023basic/texmf-dist/tex/generic/stringenc/stringenc.sty
Package: stringenc 2019/11/29 v1.12 Convert strings between diff. encodings (HO
)
)
\pdfm@box=\box57
\c@Hy@AnnotLevel=\count332
\HyField@AnnotCount=\count333
\Fld@listcount=\count334
\c@bookmark@seq@number=\count335

(/usr/local/texlive/2023basic/texmf-dist/tex/latex/rerunfilecheck/rerunfilechec
k.sty
Package: rerunfilecheck 2022-07-10 v1.10 Rerun checks for auxiliary files (HO)
 (/usr/local/texlive/2023basic/texmf-dist/tex/latex/base/atveryend-ltx.sty
Package: atveryend-ltx 2020/08/19 v1.0a Emulation of the original atveryend pac
kage
with kernel methods
)
(/usr/local/texlive/2023basic/texmf-dist/tex/generic/uniquecounter/uniquecounte
r.sty
Package: uniquecounter 2019/12/15 v1.4 Provide unlimited unique counter (HO)
)
Package uniquecounter Info: New unique counter `rerunfilecheck' on input line 2
85.
)
\Hy@SectionHShift=\skip191
) (/usr/local/texlive/2023basic/texmf-dist/tex/latex/memoir/memhfixc.sty
Package: memhfixc 2022/11/17 v1.20 nameref/hyperref package fixes for memoir cl
ass
Redoing nameref's sectioning
Redoing nameref's label
LaTeX Info: Redefining \nameref on input line 106.
\c@memhycontfloat=\count336
\c@Hpagenote=\count337
) (/usr/local/texlive/2023basic/texmf-dist/tex/latex/listings/listings.sty
\lst@mode=\count338
\lst@gtempboxa=\box58
\lst@token=\toks30
\lst@length=\count339
\lst@currlwidth=\dimen196
\lst@column=\count340
\lst@pos=\count341
\lst@lostspace=\dimen197
\lst@width=\dimen198
\lst@newlines=\count342
\lst@lineno=\count343
\lst@maxwidth=\dimen199

(/usr/local/texlive/2023basic/texmf-dist/tex/latex/listings/lstmisc.sty
File: lstmisc.sty 2023/02/27 1.9 (Carsten Heinz)
\c@lstnumber=\count344
\lst@skipnumbers=\count345
\lst@framebox=\box59
)
(/usr/local/texlive/2023basic/texmf-dist/tex/latex/listings/listings.cfg
File: listings.cfg 2023/02/27 1.9 listings configuration
))
Package: listings 2023/02/27 1.9 (Carsten Heinz)

(/usr/local/texlive/2023basic/texmf-dist/tex/latex/pgf/frontendlayer/tikz.sty
(/usr/local/texlive/2023basic/texmf-dist/tex/latex/pgf/basiclayer/pgf.sty
(/usr/local/texlive/2023basic/texmf-dist/tex/latex/pgf/utilities/pgfrcs.sty
(/usr/local/texlive/2023basic/texmf-dist/tex/generic/pgf/utilities/pgfutil-comm
on.tex
\pgfutil@everybye=\toks31
\pgfutil@tempdima=\dimen256
\pgfutil@tempdimb=\dimen257
)
(/usr/local/texlive/2023basic/texmf-dist/tex/generic/pgf/utilities/pgfutil-late
x.def
\pgfutil@abb=\box60
)
(/usr/local/texlive/2023basic/texmf-dist/tex/generic/pgf/utilities/pgfrcs.code.
tex (/usr/local/texlive/2023basic/texmf-dist/tex/generic/pgf/pgf.revision.tex)
Package: pgfrcs 2023-01-15 v3.1.10 (3.1.10)
))
Package: pgf 2023-01-15 v3.1.10 (3.1.10)
 (/usr/local/texlive/2023basic/texmf-dist/tex/latex/pgf/basiclayer/pgfcore.sty 
(/usr/local/texlive/2023basic/texmf-dist/tex/latex/pgf/systemlayer/pgfsys.sty
(/usr/local/texlive/2023basic/texmf-dist/tex/generic/pgf/systemlayer/pgfsys.cod
e.tex
Package: pgfsys 2023-01-15 v3.1.10 (3.1.10)

(/usr/local/texlive/2023basic/texmf-dist/tex/generic/pgf/utilities/pgfkeys.code
.tex
\pgfkeys@pathtoks=\toks32
\pgfkeys@temptoks=\toks33

(/usr/local/texlive/2023basic/texmf-dist/tex/generic/pgf/utilities/pgfkeyslibra
ryfiltered.code.tex
\pgfkeys@tmptoks=\toks34
))
\pgf@x=\dimen258
\pgf@y=\dimen259
\pgf@xa=\dimen260
\pgf@ya=\dimen261
\pgf@xb=\dimen262
\pgf@yb=\dimen263
\pgf@xc=\dimen264
\pgf@yc=\dimen265
\pgf@xd=\dimen266
\pgf@yd=\dimen267
\w@pgf@writea=\write4
\r@pgf@reada=\read3
\c@pgf@counta=\count346
\c@pgf@countb=\count347
\c@pgf@countc=\count348
\c@pgf@countd=\count349
\t@pgf@toka=\toks35
\t@pgf@tokb=\toks36
\t@pgf@tokc=\toks37
\pgf@sys@id@count=\count350

(/usr/local/texlive/2023basic/texmf-dist/tex/generic/pgf/systemlayer/pgf.cfg
File: pgf.cfg 2023-01-15 v3.1.10 (3.1.10)
)
Driver file for pgf: pgfsys-xetex.def

(/usr/local/texlive/2023basic/texmf-dist/tex/generic/pgf/systemlayer/pgfsys-xet
ex.def
File: pgfsys-xetex.def 2023-01-15 v3.1.10 (3.1.10)

(/usr/local/texlive/2023basic/texmf-dist/tex/generic/pgf/systemlayer/pgfsys-dvi
pdfmx.def
File: pgfsys-dvipdfmx.def 2023-01-15 v3.1.10 (3.1.10)

(/usr/local/texlive/2023basic/texmf-dist/tex/generic/pgf/systemlayer/pgfsys-com
mon-pdf.def
File: pgfsys-common-pdf.def 2023-01-15 v3.1.10 (3.1.10)
)
\pgfsys@objnum=\count351
)))
(/usr/local/texlive/2023basic/texmf-dist/tex/generic/pgf/systemlayer/pgfsyssoft
path.code.tex
File: pgfsyssoftpath.code.tex 2023-01-15 v3.1.10 (3.1.10)
\pgfsyssoftpath@smallbuffer@items=\count352
\pgfsyssoftpath@bigbuffer@items=\count353
)
(/usr/local/texlive/2023basic/texmf-dist/tex/generic/pgf/systemlayer/pgfsysprot
ocol.code.tex
File: pgfsysprotocol.code.tex 2023-01-15 v3.1.10 (3.1.10)
))
(/usr/local/texlive/2023basic/texmf-dist/tex/generic/pgf/basiclayer/pgfcore.cod
e.tex
Package: pgfcore 2023-01-15 v3.1.10 (3.1.10)

(/usr/local/texlive/2023basic/texmf-dist/tex/generic/pgf/math/pgfmath.code.tex
(/usr/local/texlive/2023basic/texmf-dist/tex/generic/pgf/math/pgfmathutil.code.
tex)
(/usr/local/texlive/2023basic/texmf-dist/tex/generic/pgf/math/pgfmathparser.cod
e.tex
\pgfmath@dimen=\dimen268
\pgfmath@count=\count354
\pgfmath@box=\box61
\pgfmath@toks=\toks38
\pgfmath@stack@operand=\toks39
\pgfmath@stack@operation=\toks40
)
(/usr/local/texlive/2023basic/texmf-dist/tex/generic/pgf/math/pgfmathfunctions.
code.tex)
(/usr/local/texlive/2023basic/texmf-dist/tex/generic/pgf/math/pgfmathfunctions.
basic.code.tex)
(/usr/local/texlive/2023basic/texmf-dist/tex/generic/pgf/math/pgfmathfunctions.
trigonometric.code.tex)
(/usr/local/texlive/2023basic/texmf-dist/tex/generic/pgf/math/pgfmathfunctions.
random.code.tex)
(/usr/local/texlive/2023basic/texmf-dist/tex/generic/pgf/math/pgfmathfunctions.
comparison.code.tex)
(/usr/local/texlive/2023basic/texmf-dist/tex/generic/pgf/math/pgfmathfunctions.
base.code.tex)
(/usr/local/texlive/2023basic/texmf-dist/tex/generic/pgf/math/pgfmathfunctions.
round.code.tex)
(/usr/local/texlive/2023basic/texmf-dist/tex/generic/pgf/math/pgfmathfunctions.
misc.code.tex)
(/usr/local/texlive/2023basic/texmf-dist/tex/generic/pgf/math/pgfmathfunctions.
integerarithmetics.code.tex)
(/usr/local/texlive/2023basic/texmf-dist/tex/generic/pgf/math/pgfmathcalc.code.
tex)
(/usr/local/texlive/2023basic/texmf-dist/tex/generic/pgf/math/pgfmathfloat.code
.tex
\c@pgfmathroundto@lastzeros=\count355
))
(/usr/local/texlive/2023basic/texmf-dist/tex/generic/pgf/math/pgfint.code.tex)
(/usr/local/texlive/2023basic/texmf-dist/tex/generic/pgf/basiclayer/pgfcorepoin
ts.code.tex
File: pgfcorepoints.code.tex 2023-01-15 v3.1.10 (3.1.10)
\pgf@picminx=\dimen269
\pgf@picmaxx=\dimen270
\pgf@picminy=\dimen271
\pgf@picmaxy=\dimen272
\pgf@pathminx=\dimen273
\pgf@pathmaxx=\dimen274
\pgf@pathminy=\dimen275
\pgf@pathmaxy=\dimen276
\pgf@xx=\dimen277
\pgf@xy=\dimen278
\pgf@yx=\dimen279
\pgf@yy=\dimen280
\pgf@zx=\dimen281
\pgf@zy=\dimen282
)
(/usr/local/texlive/2023basic/texmf-dist/tex/generic/pgf/basiclayer/pgfcorepath
construct.code.tex
File: pgfcorepathconstruct.code.tex 2023-01-15 v3.1.10 (3.1.10)
\pgf@path@lastx=\dimen283
\pgf@path@lasty=\dimen284
)
(/usr/local/texlive/2023basic/texmf-dist/tex/generic/pgf/basiclayer/pgfcorepath
usage.code.tex
File: pgfcorepathusage.code.tex 2023-01-15 v3.1.10 (3.1.10)
\pgf@shorten@end@additional=\dimen285
\pgf@shorten@start@additional=\dimen286
)
(/usr/local/texlive/2023basic/texmf-dist/tex/generic/pgf/basiclayer/pgfcorescop
es.code.tex
File: pgfcorescopes.code.tex 2023-01-15 v3.1.10 (3.1.10)
\pgfpic=\box62
\pgf@hbox=\box63
\pgf@layerbox@main=\box64
\pgf@picture@serial@count=\count356
)
(/usr/local/texlive/2023basic/texmf-dist/tex/generic/pgf/basiclayer/pgfcoregrap
hicstate.code.tex
File: pgfcoregraphicstate.code.tex 2023-01-15 v3.1.10 (3.1.10)
\pgflinewidth=\dimen287
)
(/usr/local/texlive/2023basic/texmf-dist/tex/generic/pgf/basiclayer/pgfcoretran
sformations.code.tex
File: pgfcoretransformations.code.tex 2023-01-15 v3.1.10 (3.1.10)
\pgf@pt@x=\dimen288
\pgf@pt@y=\dimen289
\pgf@pt@temp=\dimen290
)
(/usr/local/texlive/2023basic/texmf-dist/tex/generic/pgf/basiclayer/pgfcorequic
k.code.tex
File: pgfcorequick.code.tex 2023-01-15 v3.1.10 (3.1.10)
)
(/usr/local/texlive/2023basic/texmf-dist/tex/generic/pgf/basiclayer/pgfcoreobje
cts.code.tex
File: pgfcoreobjects.code.tex 2023-01-15 v3.1.10 (3.1.10)
)
(/usr/local/texlive/2023basic/texmf-dist/tex/generic/pgf/basiclayer/pgfcorepath
processing.code.tex
File: pgfcorepathprocessing.code.tex 2023-01-15 v3.1.10 (3.1.10)
)
(/usr/local/texlive/2023basic/texmf-dist/tex/generic/pgf/basiclayer/pgfcorearro
ws.code.tex
File: pgfcorearrows.code.tex 2023-01-15 v3.1.10 (3.1.10)
\pgfarrowsep=\dimen291
)
(/usr/local/texlive/2023basic/texmf-dist/tex/generic/pgf/basiclayer/pgfcoreshad
e.code.tex
File: pgfcoreshade.code.tex 2023-01-15 v3.1.10 (3.1.10)
\pgf@max=\dimen292
\pgf@sys@shading@range@num=\count357
\pgf@shadingcount=\count358
)
(/usr/local/texlive/2023basic/texmf-dist/tex/generic/pgf/basiclayer/pgfcoreimag
e.code.tex
File: pgfcoreimage.code.tex 2023-01-15 v3.1.10 (3.1.10)
)
(/usr/local/texlive/2023basic/texmf-dist/tex/generic/pgf/basiclayer/pgfcoreexte
rnal.code.tex
File: pgfcoreexternal.code.tex 2023-01-15 v3.1.10 (3.1.10)
\pgfexternal@startupbox=\box65
)
(/usr/local/texlive/2023basic/texmf-dist/tex/generic/pgf/basiclayer/pgfcorelaye
rs.code.tex
File: pgfcorelayers.code.tex 2023-01-15 v3.1.10 (3.1.10)
)
(/usr/local/texlive/2023basic/texmf-dist/tex/generic/pgf/basiclayer/pgfcoretran
sparency.code.tex
File: pgfcoretransparency.code.tex 2023-01-15 v3.1.10 (3.1.10)
)
(/usr/local/texlive/2023basic/texmf-dist/tex/generic/pgf/basiclayer/pgfcorepatt
erns.code.tex
File: pgfcorepatterns.code.tex 2023-01-15 v3.1.10 (3.1.10)
)
(/usr/local/texlive/2023basic/texmf-dist/tex/generic/pgf/basiclayer/pgfcorerdf.
code.tex
File: pgfcorerdf.code.tex 2023-01-15 v3.1.10 (3.1.10)
)))
(/usr/local/texlive/2023basic/texmf-dist/tex/generic/pgf/modules/pgfmoduleshape
s.code.tex
File: pgfmoduleshapes.code.tex 2023-01-15 v3.1.10 (3.1.10)
\pgfnodeparttextbox=\box66
)
(/usr/local/texlive/2023basic/texmf-dist/tex/generic/pgf/modules/pgfmoduleplot.
code.tex
File: pgfmoduleplot.code.tex 2023-01-15 v3.1.10 (3.1.10)
)
(/usr/local/texlive/2023basic/texmf-dist/tex/latex/pgf/compatibility/pgfcomp-ve
rsion-0-65.sty
Package: pgfcomp-version-0-65 2023-01-15 v3.1.10 (3.1.10)
\pgf@nodesepstart=\dimen293
\pgf@nodesepend=\dimen294
)
(/usr/local/texlive/2023basic/texmf-dist/tex/latex/pgf/compatibility/pgfcomp-ve
rsion-1-18.sty
Package: pgfcomp-version-1-18 2023-01-15 v3.1.10 (3.1.10)
))
(/usr/local/texlive/2023basic/texmf-dist/tex/latex/pgf/utilities/pgffor.sty
(/usr/local/texlive/2023basic/texmf-dist/tex/latex/pgf/utilities/pgfkeys.sty
(/usr/local/texlive/2023basic/texmf-dist/tex/generic/pgf/utilities/pgfkeys.code
.tex)) (/usr/local/texlive/2023basic/texmf-dist/tex/latex/pgf/math/pgfmath.sty
(/usr/local/texlive/2023basic/texmf-dist/tex/generic/pgf/math/pgfmath.code.tex)
)
(/usr/local/texlive/2023basic/texmf-dist/tex/generic/pgf/utilities/pgffor.code.
tex
Package: pgffor 2023-01-15 v3.1.10 (3.1.10)
\pgffor@iter=\dimen295
\pgffor@skip=\dimen296
\pgffor@stack=\toks41
\pgffor@toks=\toks42
))
(/usr/local/texlive/2023basic/texmf-dist/tex/generic/pgf/frontendlayer/tikz/tik
z.code.tex
Package: tikz 2023-01-15 v3.1.10 (3.1.10)

(/usr/local/texlive/2023basic/texmf-dist/tex/generic/pgf/libraries/pgflibrarypl
othandlers.code.tex
File: pgflibraryplothandlers.code.tex 2023-01-15 v3.1.10 (3.1.10)
\pgf@plot@mark@count=\count359
\pgfplotmarksize=\dimen297
)
\tikz@lastx=\dimen298
\tikz@lasty=\dimen299
\tikz@lastxsaved=\dimen300
\tikz@lastysaved=\dimen301
\tikz@lastmovetox=\dimen302
\tikz@lastmovetoy=\dimen303
\tikzleveldistance=\dimen304
\tikzsiblingdistance=\dimen305
\tikz@figbox=\box67
\tikz@figbox@bg=\box68
\tikz@tempbox=\box69
\tikz@tempbox@bg=\box70
\tikztreelevel=\count360
\tikznumberofchildren=\count361
\tikznumberofcurrentchild=\count362
\tikz@fig@count=\count363

(/usr/local/texlive/2023basic/texmf-dist/tex/generic/pgf/modules/pgfmodulematri
x.code.tex
File: pgfmodulematrix.code.tex 2023-01-15 v3.1.10 (3.1.10)
\pgfmatrixcurrentrow=\count364
\pgfmatrixcurrentcolumn=\count365
\pgf@matrix@numberofcolumns=\count366
)
\tikz@expandcount=\count367

(/usr/local/texlive/2023basic/texmf-dist/tex/generic/pgf/frontendlayer/tikz/lib
raries/tikzlibrarytopaths.code.tex
File: tikzlibrarytopaths.code.tex 2023-01-15 v3.1.10 (3.1.10)
)))
(/usr/local/texlive/2023basic/texmf-dist/tex/generic/pgf/frontendlayer/tikz/lib
raries/tikzlibrarypositioning.code.tex
File: tikzlibrarypositioning.code.tex 2023-01-15 v3.1.10 (3.1.10)
)
(/usr/local/texlive/2023basic/texmf-dist/tex/generic/pgf/frontendlayer/tikz/lib
raries/tikzlibraryarrows.code.tex
File: tikzlibraryarrows.code.tex 2023-01-15 v3.1.10 (3.1.10)

(/usr/local/texlive/2023basic/texmf-dist/tex/generic/pgf/libraries/pgflibraryar
rows.code.tex
File: pgflibraryarrows.code.tex 2023-01-15 v3.1.10 (3.1.10)
\arrowsize=\dimen306
))
(/usr/local/texlive/2023basic/texmf-dist/tex/latex/datetime/datetime.sty
Package: datetime 2015/03/20 v2.60 Date Time Package

(/usr/local/texlive/2023basic/texmf-dist/tex/latex/fmtcount/fmtcount.sty
Invalid UTF-8 byte or sequence at line 10 replaced by U+FFFD.
Invalid UTF-8 byte or sequence at line 22 replaced by U+FFFD.
Package: fmtcount 2020/01/30 v3.07

(/usr/local/texlive/2023basic/texmf-dist/tex/latex/base/ifthen.sty
Package: ifthen 2022/04/13 v1.1d Standard LaTeX ifthen package (DPC)
)
(/usr/local/texlive/2023basic/texmf-dist/tex/latex/fmtcount/fcprefix.sty
Invalid UTF-8 byte or sequence at line 10 replaced by U+FFFD.
Invalid UTF-8 byte or sequence at line 22 replaced by U+FFFD.
Package: fcprefix 2012/09/28

(/usr/local/texlive/2023basic/texmf-dist/tex/latex/fmtcount/fcnumparser.sty
Invalid UTF-8 byte or sequence at line 10 replaced by U+FFFD.
Invalid UTF-8 byte or sequence at line 22 replaced by U+FFFD.
Package: fcnumparser 2017/06/15
\fc@digit@counter=\count368
))
(/usr/local/texlive/2023basic/texmf-dist/tex/latex/amsmath/amsgen.sty
File: amsgen.sty 1999/11/30 v2.0 generic functions
\@emptytoks=\toks43
\ex@=\dimen307
)
\c@padzeroesN=\count369
\fc@tmpcatcode=\count370
\@DT@modctr=\count371
\@ordinalctr=\count372
\@orgargctr=\count373
\@strctr=\count374
\@tmpstrctr=\count375
\@DT@loopN=\count376
\@DT@X=\count377


Package fmtcount Warning: \ordinal already defined use \FCordinal instead. on i
nput line 466.

)
(/usr/local/texlive/2023basic/texmf-dist/tex/latex/datetime/datetime-defaults.s
ty
Package: datetime-defaults 2013/09/10
)
\@day=\count378
\@month=\count379
\@year=\count380
\c@HOUR=\count381
\c@HOURXII=\count382
\c@MINUTE=\count383
\c@TOHOUR=\count384
\c@TOMINUTE=\count385
\c@SECOND=\count386
\currenthour=\count387
\currentminute=\count388
\currentsecond=\count389
Package datetime Info: No datetime.cfg file found, using default settings on in
put line 308.
\@dtctr=\count390
\dayofyear=\count391
\dayofweek=\count392
LaTeX Info: Redefining \today on input line 736.
\dt@a=\toks44
\dt@b=\toks45
) (/usr/local/texlive/2023basic/texmf-dist/tex/latex/tcolorbox/tcolorbox.sty
Package: tcolorbox 2023/06/19 version 6.0.4 text color boxes
(/usr/local/texlive/2023basic/texmf-dist/tex/latex/environ/environ.sty
Package: environ 2014/05/04 v0.3 A new way to define environments

(/usr/local/texlive/2023basic/texmf-dist/tex/latex/trimspaces/trimspaces.sty
Package: trimspaces 2009/09/17 v1.1 Trim spaces around a token list
)
\@envbody=\toks46
)
\tcb@titlebox=\box71
\tcb@upperbox=\box72
\tcb@lowerbox=\box73
\tcb@phantombox=\box74
\c@tcbbreakpart=\count393
\c@tcblayer=\count394
\c@tcolorbox@number=\count395
\tcb@temp=\box75
\tcb@temp=\box76
\tcb@temp=\box77
\tcb@temp=\box78

(/usr/local/texlive/2023basic/texmf-dist/tex/latex/tcolorbox/tcbraster.code.tex
Library (tcolorbox): 'tcbraster.code.tex' version '6.0.4'
\c@tcbrastercolumn=\count396
\c@tcbrasterrow=\count397
\c@tcbrasternum=\count398
\c@tcbraster=\count399
)
(/usr/local/texlive/2023basic/texmf-dist/tex/latex/tcolorbox/tcbskins.code.tex
Library (tcolorbox): 'tcbskins.code.tex' version '6.0.4'
(/usr/local/texlive/2023basic/texmf-dist/tex/latex/tikzfill/tikzfill.image.sty
Package: tikzfill.image 2023/08/08 v1.0.1 Image filling library for TikZ

(/usr/local/texlive/2023basic/texmf-dist/tex/latex/tikzfill/tikzfill-common.sty
Package: tikzfill-common 2023/08/08 v1.0.1 Auxiliary code for tikzfill
)
(/usr/local/texlive/2023basic/texmf-dist/tex/latex/tikzfill/tikzlibraryfill.ima
ge.code.tex
File: tikzlibraryfill.image.code.tex 2023/08/08 v1.0.1 Image filling library
\l__tikzfill_img_box=\box79
))
(/usr/local/texlive/2023basic/texmf-dist/tex/latex/tcolorbox/tcbskinsjigsaw.cod
e.tex
Library (tcolorbox): 'tcbskinsjigsaw.code.tex' version '6.0.4'
))
(/usr/local/texlive/2023basic/texmf-dist/tex/latex/tcolorbox/tcbbreakable.code.
tex
Library (tcolorbox): 'tcbbreakable.code.tex' version '6.0.4'
(/usr/local/texlive/2023basic/texmf-dist/tex/latex/pdfcol/pdfcol.sty
Package: pdfcol 2022-09-21 v1.7 Handle new color stacks for pdfTeX (HO)
Package pdfcol Info: Interface disabled because of missing PDF mode of pdfTeX.
)
Package pdfcol Info: pdfTeX's color stacks are not available.
\tcb@testbox=\box80
\tcb@totalupperbox=\box81
\tcb@totallowerbox=\box82
)
(/usr/local/texlive/2023basic/texmf-dist/tex/latex/tcolorbox/tcbhooks.code.tex
Library (tcolorbox): 'tcbhooks.code.tex' version '6.0.4'
)
(/usr/local/texlive/2023basic/texmf-dist/tex/latex/tcolorbox/tcbtheorems.code.t
ex
Library (tcolorbox): 'tcbtheorems.code.tex' version '6.0.4'
(/usr/local/texlive/2023basic/texmf-dist/tex/latex/amsmath/amsmath.sty
Package: amsmath 2022/04/08 v2.17n AMS math features
\@mathmargin=\skip192

For additional information on amsmath, use the `?' option.
(/usr/local/texlive/2023basic/texmf-dist/tex/latex/amsmath/amstext.sty
Package: amstext 2021/08/26 v2.01 AMS text
)
(/usr/local/texlive/2023basic/texmf-dist/tex/latex/amsmath/amsbsy.sty
Package: amsbsy 1999/11/29 v1.2d Bold Symbols
\pmbraise@=\dimen308
)
(/usr/local/texlive/2023basic/texmf-dist/tex/latex/amsmath/amsopn.sty
Package: amsopn 2022/04/08 v2.04 operator names
)
\inf@bad=\count400
LaTeX Info: Redefining \frac on input line 234.
\uproot@=\count401
\leftroot@=\count402
LaTeX Info: Redefining \overline on input line 399.
LaTeX Info: Redefining \colon on input line 410.
\classnum@=\count403
\DOTSCASE@=\count404
LaTeX Info: Redefining \ldots on input line 496.
LaTeX Info: Redefining \dots on input line 499.
LaTeX Info: Redefining \cdots on input line 620.
\Mathstrutbox@=\box83
\strutbox@=\box84
LaTeX Info: Redefining \big on input line 722.
LaTeX Info: Redefining \Big on input line 723.
LaTeX Info: Redefining \bigg on input line 724.
LaTeX Info: Redefining \Bigg on input line 725.
\big@size=\dimen309
LaTeX Font Info:    Redeclaring font encoding OML on input line 743.
LaTeX Font Info:    Redeclaring font encoding OMS on input line 744.
\macc@depth=\count405
LaTeX Info: Redefining \bmod on input line 905.
LaTeX Info: Redefining \pmod on input line 910.
LaTeX Info: Redefining \smash on input line 940.
LaTeX Info: Redefining \relbar on input line 970.
LaTeX Info: Redefining \Relbar on input line 971.
\c@MaxMatrixCols=\count406
\dotsspace@=\muskip17
\c@parentequation=\count407
\dspbrk@lvl=\count408
\tag@help=\toks47
\row@=\count409
\column@=\count410
\maxfields@=\count411
\andhelp@=\toks48
\eqnshift@=\dimen310
\alignsep@=\dimen311
\tagshift@=\dimen312
\tagwidth@=\dimen313
\totwidth@=\dimen314
\lineht@=\dimen315
\@envbody=\toks49
\multlinegap=\skip193
\multlinetaggap=\skip194
\mathdisplay@stack=\toks50
LaTeX Info: Redefining \[ on input line 2953.
LaTeX Info: Redefining \] on input line 2954.
))
(/usr/local/texlive/2023basic/texmf-dist/tex/latex/tcolorbox/tcbfitting.code.te
x
Library (tcolorbox): 'tcbfitting.code.tex' version '6.0.4'
\tcbfitdim=\dimen316
\tcb@lowerfitdim=\dimen317
\tcb@upperfitdim=\dimen318
\tcb@cur@hbadness=\count412
)
(/usr/local/texlive/2023basic/texmf-dist/tex/latex/tcolorbox/tcblistingsutf8.co
de.tex
Library (tcolorbox): 'tcblistingsutf8.code.tex' version '6.0.4'

(/usr/local/texlive/2023basic/texmf-dist/tex/latex/tcolorbox/tcblistings.code.t
ex
Library (tcolorbox): 'tcblistings.code.tex' version '6.0.4'

(/usr/local/texlive/2023basic/texmf-dist/tex/latex/tcolorbox/tcblistingscore.co
de.tex
Library (tcolorbox): 'tcblistingscore.code.tex' version '6.0.4'

(/usr/local/texlive/2023basic/texmf-dist/tex/latex/tcolorbox/tcbprocessing.code
.tex
Library (tcolorbox): 'tcbprocessing.code.tex' version '6.0.4'
(/usr/local/texlive/2023basic/texmf-dist/tex/latex/tools/shellesc.sty
Package: shellesc 2019/11/08 v1.0c unified shell escape interface for LaTeX
Package shellesc Info: Restricted shell escape enabled on input line 77.
))
\c@tcblisting=\count413
))
Package tcolorbox Info: Library `listingsutf8' is compatible with pdftex only. 
Library `listings` is loaded instead. on input line 29.
)
(/usr/local/texlive/2023basic/texmf-dist/tex/latex/tcolorbox/tcbexternal.code.t
ex
Library (tcolorbox): 'tcbexternal.code.tex' version '6.0.4'
)
(/usr/local/texlive/2023basic/texmf-dist/tex/latex/tcolorbox/tcbmagazine.code.t
ex
Library (tcolorbox): 'tcbmagazine.code.tex' version '6.0.4'
)
(/usr/local/texlive/2023basic/texmf-dist/tex/latex/tcolorbox/tcbvignette.code.t
ex
Library (tcolorbox): 'tcbvignette.code.tex' version '6.0.4'

(/usr/local/texlive/2023basic/texmf-dist/tex/generic/pgf/frontendlayer/tikz/lib
raries/tikzlibraryfadings.code.tex
File: tikzlibraryfadings.code.tex 2023-01-15 v3.1.10 (3.1.10)

(/usr/local/texlive/2023basic/texmf-dist/tex/generic/pgf/libraries/pgflibraryfa
dings.code.tex
File: pgflibraryfadings.code.tex 2023-01-15 v3.1.10 (3.1.10)
)))
(/usr/local/texlive/2023basic/texmf-dist/tex/latex/tcolorbox/tcbposter.code.tex
Library (tcolorbox): 'tcbposter.code.tex' version '6.0.4'
)) (/usr/local/texlive/2023basic/texmf-dist/tex/latex/base/textcomp.sty
Package: textcomp 2020/02/02 v2.0n Standard LaTeX package
)
(/usr/local/texlive/2023basic/texmf-dist/tex/latex/microtype/microtype.sty
Package: microtype 2023/03/13 v3.1a Micro-typographical refinements (RS)
\MT@toks=\toks51
\MT@tempbox=\box85
\MT@count=\count414
LaTeX Info: Redefining \noprotrusionifhmode on input line 1059.
LaTeX Info: Redefining \leftprotrusion on input line 1060.
\MT@prot@toks=\toks52
LaTeX Info: Redefining \rightprotrusion on input line 1078.
LaTeX Info: Redefining \textls on input line 1368.
\MT@outer@kern=\dimen319
LaTeX Info: Redefining \textmicrotypecontext on input line 1988.
\MT@listname@count=\count415

(/usr/local/texlive/2023basic/texmf-dist/tex/latex/microtype/microtype-xetex.de
f
File: microtype-xetex.def 2023/03/13 v3.1a Definitions specific to xetex (RS)
LaTeX Info: Redefining \lsstyle on input line 238.
)
Package microtype Info: Loading configuration file microtype.cfg.
 (/usr/local/texlive/2023basic/texmf-dist/tex/latex/microtype/microtype.cfg
File: microtype.cfg 2023/03/13 v3.1a microtype main configuration file (RS)
)) (/usr/local/texlive/2023basic/texmf-dist/tex/latex/todonotes/todonotes.sty
Package: todonotes 2023/01/31 v1.1.6 Todonotes source and documentation.
Package: todonotes 2023/01/31

(/usr/local/texlive/2023basic/texmf-dist/tex/latex/tools/calc.sty
Package: calc 2017/05/25 v4.3 Infix arithmetic (KKT,FJ)
\calc@Acount=\count416
\calc@Bcount=\count417
\calc@Adimen=\dimen320
\calc@Bdimen=\dimen321
\calc@Askip=\skip195
\calc@Bskip=\skip196
LaTeX Info: Redefining \setlength on input line 80.
LaTeX Info: Redefining \addtolength on input line 81.
\calc@Ccount=\count418
\calc@Cskip=\skip197
)
\c@@todonotes@numberoftodonotes=\count419
)
(/usr/local/texlive/2023basic/texmf-dist/tex/generic/soul/soul.sty
Package: soul 2023-06-14 v3.1 Permit use of UTF-8 characters in soul (HO)

(/usr/local/texlive/2023basic/texmf-dist/tex/generic/soul/soul-ori.sty
Package: soul-ori 2023-06-14 v3.1 letterspacing/underlining (mf)
Requested font "ectt1000" scaled 1000
 -> /usr/local/texlive/2023basic/texmf-dist/fonts/tfm/jknappen/ec/ectt1000.tfm
\SOUL@word=\toks53
\SOUL@lasttoken=\toks54
\SOUL@syllable=\toks55
\SOUL@cmds=\toks56
\SOUL@buffer=\toks57
\SOUL@token=\toks58
\SOUL@syllgoal=\dimen322
\SOUL@syllwidth=\dimen323
\SOUL@charkern=\dimen324
\SOUL@hyphkern=\dimen325
\SOUL@dimen=\dimen326
\SOUL@dimeni=\dimen327
\SOUL@minus=\count420
\SOUL@comma=\count421
\SOUL@apo=\count422
\SOUL@grave=\count423
\SOUL@spaceskip=\skip198
\SOUL@ttwidth=\dimen328
\SOUL@uldp=\dimen329
\SOUL@ulht=\dimen330
)
(/usr/local/texlive/2023basic/texmf-dist/tex/generic/etexcmds/etexcmds.sty
Package: etexcmds 2019/12/15 v1.7 Avoid name clashes with e-TeX commands (HO)
))

******************************************************
Stock height and width: 845.04684pt by 597.50787pt
Top and edge trims: 0pt and 0pt
Page height and width: 845.04684pt by 597.50787pt
Text height and width: 598pt by 398pt
Spine and edge margins: 99.58464pt and 99.58464pt
Upper and lower margins: 125.33748pt and 121.70937pt
Headheight and headsep: 12pt and 28.45274pt
Footskip: 25.29494pt
Columnsep and columnseprule: 10pt and 0pt
Marginparsep and marginparwidth: 7pt and 85.58464pt
Sidecapsep and sidecapwidth: 7pt and 63pt
Sidebarhsep and sidebarwidth: 7pt and 63pt
Sidebarvsep and sidebartopsep: 12pt and 0pt
Sidebarheight: 596.39996pt
Sidefoothsep and sidefootwidth: 7pt and 63pt
Sidefootvsep and sidefootheight: 12pt and 596.39996pt
******************************************************

) (/usr/local/texlive/2023basic/texmf-dist/tex/latex/wrapfig/wrapfig.sty
\wrapoverhang=\dimen331
\WF@size=\dimen332
\c@WF@wrappedlines=\count424
\WF@box=\box86
\WF@everypar=\toks59
Package: wrapfig 2003/01/31  v 3.6
)
\c@handout=\count425


LaTeX Warning: Unused global option(s):
    [10pts].

(./special_day2_arbejdsark_pyprocessing.aux)
\openout1 = `special_day2_arbejdsark_pyprocessing.aux'.

LaTeX Font Info:    Checking defaults for OML/cmm/m/it on input line 13.
LaTeX Font Info:    ... okay on input line 13.
LaTeX Font Info:    Checking defaults for OMS/cmsy/m/n on input line 13.
LaTeX Font Info:    ... okay on input line 13.
LaTeX Font Info:    Checking defaults for OT1/cmr/m/n on input line 13.
LaTeX Font Info:    ... okay on input line 13.
LaTeX Font Info:    Checking defaults for T1/cmr/m/n on input line 13.
LaTeX Font Info:    ... okay on input line 13.
LaTeX Font Info:    Checking defaults for TS1/cmr/m/n on input line 13.
LaTeX Font Info:    Trying to load font information for TS1+cmr on input line 1
3.

(/usr/local/texlive/2023basic/texmf-dist/tex/latex/base/ts1cmr.fd
File: ts1cmr.fd 2022/07/10 v2.5l Standard LaTeX font definitions
)
LaTeX Font Info:    ... okay on input line 13.
LaTeX Font Info:    Checking defaults for TU/lmr/m/n on input line 13.
LaTeX Font Info:    ... okay on input line 13.
LaTeX Font Info:    Checking defaults for OMX/cmex/m/n on input line 13.
LaTeX Font Info:    ... okay on input line 13.
LaTeX Font Info:    Checking defaults for U/cmr/m/n on input line 13.
LaTeX Font Info:    ... okay on input line 13.
LaTeX Font Info:    Checking defaults for PD1/pdf/m/n on input line 13.
LaTeX Font Info:    ... okay on input line 13.
LaTeX Font Info:    Checking defaults for PU/pdf/m/n on input line 13.
LaTeX Font Info:    ... okay on input line 13.
\c@mv@tabular=\count426
\c@mv@boldtabular=\count427

Package fontspec Info: Adjusting the maths setup (use [no-math] to avoid
(fontspec)             this).

\symlegacymaths=\mathgroup4
LaTeX Font Info:    Overwriting symbol font `legacymaths' in version `bold'
(Font)                  OT1/cmr/m/n --> OT1/cmr/bx/n on input line 13.
LaTeX Font Info:    Redeclaring math accent \acute on input line 13.
LaTeX Font Info:    Redeclaring math accent \grave on input line 13.
LaTeX Font Info:    Redeclaring math accent \ddot on input line 13.
LaTeX Font Info:    Redeclaring math accent \tilde on input line 13.
LaTeX Font Info:    Redeclaring math accent \bar on input line 13.
LaTeX Font Info:    Redeclaring math accent \breve on input line 13.
LaTeX Font Info:    Redeclaring math accent \check on input line 13.
LaTeX Font Info:    Redeclaring math accent \hat on input line 13.
LaTeX Font Info:    Redeclaring math accent \dot on input line 13.
LaTeX Font Info:    Redeclaring math accent \mathring on input line 13.
LaTeX Font Info:    Redeclaring math symbol \Gamma on input line 13.
LaTeX Font Info:    Redeclaring math symbol \Delta on input line 13.
LaTeX Font Info:    Redeclaring math symbol \Theta on input line 13.
LaTeX Font Info:    Redeclaring math symbol \Lambda on input line 13.
LaTeX Font Info:    Redeclaring math symbol \Xi on input line 13.
LaTeX Font Info:    Redeclaring math symbol \Pi on input line 13.
LaTeX Font Info:    Redeclaring math symbol \Sigma on input line 13.
LaTeX Font Info:    Redeclaring math symbol \Upsilon on input line 13.
LaTeX Font Info:    Redeclaring math symbol \Phi on input line 13.
LaTeX Font Info:    Redeclaring math symbol \Psi on input line 13.
LaTeX Font Info:    Redeclaring math symbol \Omega on input line 13.
LaTeX Font Info:    Redeclaring math symbol \mathdollar on input line 13.
LaTeX Font Info:    Redeclaring symbol font `operators' on input line 13.
LaTeX Font Info:    Encoding `OT1' has changed to `TU' for symbol font
(Font)              `operators' in the math version `normal' on input line 13.
LaTeX Font Info:    Overwriting symbol font `operators' in version `normal'
(Font)                  OT1/cmr/m/n --> TU/lmr/m/n on input line 13.
LaTeX Font Info:    Encoding `OT1' has changed to `TU' for symbol font
(Font)              `operators' in the math version `bold' on input line 13.
LaTeX Font Info:    Overwriting symbol font `operators' in version `bold'
(Font)                  OT1/cmr/bx/n --> TU/lmr/m/n on input line 13.
LaTeX Font Info:    Encoding `OT1' has changed to `TU' for symbol font
(Font)              `operators' in the math version `tabular' on input line 13.

LaTeX Font Info:    Overwriting symbol font `operators' in version `tabular'
(Font)                  OT1/cmr/m/n --> TU/lmr/m/n on input line 13.
LaTeX Font Info:    Encoding `OT1' has changed to `TU' for symbol font
(Font)              `operators' in the math version `boldtabular' on input line
 13.
LaTeX Font Info:    Overwriting symbol font `operators' in version `boldtabular
'
(Font)                  OT1/cmr/bx/n --> TU/lmr/m/n on input line 13.
LaTeX Font Info:    Overwriting symbol font `operators' in version `normal'
(Font)                  TU/lmr/m/n --> TU/lmr/m/n on input line 13.
LaTeX Font Info:    Overwriting math alphabet `\mathit' in version `normal'
(Font)                  OT1/cmr/m/it --> TU/lmr/m/it on input line 13.
LaTeX Font Info:    Overwriting math alphabet `\mathbf' in version `normal'
(Font)                  OT1/cmr/bx/n --> TU/lmr/b/n on input line 13.
LaTeX Font Info:    Overwriting math alphabet `\mathsf' in version `normal'
(Font)                  OT1/cmss/m/n --> TU/lmss/m/n on input line 13.
LaTeX Font Info:    Overwriting math alphabet `\mathtt' in version `normal'
(Font)                  OT1/cmtt/m/n --> TU/lmtt/m/n on input line 13.
LaTeX Font Info:    Overwriting symbol font `operators' in version `bold'
(Font)                  TU/lmr/m/n --> TU/lmr/b/n on input line 13.
LaTeX Font Info:    Overwriting math alphabet `\mathit' in version `bold'
(Font)                  OT1/cmr/bx/it --> TU/lmr/b/it on input line 13.
LaTeX Font Info:    Overwriting math alphabet `\mathsf' in version `bold'
(Font)                  OT1/cmss/bx/n --> TU/lmss/b/n on input line 13.
LaTeX Font Info:    Overwriting math alphabet `\mathtt' in version `bold'
(Font)                  OT1/cmtt/m/n --> TU/lmtt/b/n on input line 13.
Package hyperref Info: Link coloring OFF on input line 13.

(./special_day2_arbejdsark_pyprocessing.out)
(./special_day2_arbejdsark_pyprocessing.out)
\@outlinefile=\write5
\openout5 = `special_day2_arbejdsark_pyprocessing.out'.

\c@lstlisting=\count428

(/usr/local/texlive/2023basic/texmf-dist/tex/latex/fmtcount/fc-english.def
Invalid UTF-8 byte or sequence at line 10 replaced by U+FFFD.
Invalid UTF-8 byte or sequence at line 22 replaced by U+FFFD.
File: fc-english.def 2016/01/12
)
LaTeX Info: Redefining \microtypecontext on input line 13.
Package microtype Info: Applying patch `item' on input line 13.
Package microtype Info: Applying patch `toc' on input line 13.
Package microtype Info: Applying patch `eqnum' on input line 13.
Package microtype Info: Applying patch `footnote' on input line 13.
Package microtype Info: Applying patch `verbatim' on input line 13.
Package microtype Info: Character protrusion enabled (level 2).
Package microtype Info: Using default protrusion set `alltext'.
Package microtype Info: No adjustment of tracking.
Package microtype Info: No adjustment of spacing.
Package microtype Info: No adjustment of kerning.

(/usr/local/texlive/2023basic/texmf-dist/tex/latex/microtype/mt-LatinModernRoma
n.cfg
File: mt-LatinModernRoman.cfg 2021/02/21 v1.1 microtype config. file: Latin Mod
ern Roman (RS)
)
Requested font "[lmroman10-bold]:mapping=tex-text;" at 10.95pt
 -> /usr/local/texlive/2023basic/texmf-dist/fonts/opentype/public/lm/lmroman10-
bold.otf

Underfull \hbox (badness 10000) in paragraph at lines 20--22

 []

(/usr/local/texlive/2023basic/texmf-dist/tex/latex/listings/lstlang1.sty
File: lstlang1.sty 2023/02/27 1.9 listings language file
)
Requested font "[lmmono10-regular]:" at 10.0pt
 -> /usr/local/texlive/2023basic/texmf-dist/fonts/opentype/public/lm/lmmono10-r
egular.otf
Package microtype Info: Loading generic protrusion settings for font family
(microtype)             `lmtt' (encoding: TU).
(microtype)             For optimal results, create family-specific settings.
(microtype)             See the microtype manual for details.
Requested font "[lmmono8-regular]:" at 8.0pt
 -> /usr/local/texlive/2023basic/texmf-dist/fonts/opentype/public/lm/lmmono8-re
gular.otf
LaTeX Font Info:    Font shape `TU/lmtt/bx/n' in size <8> not available
(Font)              Font shape `TU/lmtt/b/n' tried instead on input line 31.
Requested font "[lmmonolt10-bold]:" at 8.0pt
 -> /usr/local/texlive/2023basic/texmf-dist/fonts/opentype/public/lm/lmmonolt10
-bold.otf
Requested font "[lmroman12-regular]:mapping=tex-text;" at 12.0pt
 -> /usr/local/texlive/2023basic/texmf-dist/fonts/opentype/public/lm/lmroman12-
regular.otf
Requested font "[lmsans12-regular]:mapping=tex-text;" at 12.0pt
 -> /usr/local/texlive/2023basic/texmf-dist/fonts/opentype/public/lm/lmsans12-r
egular.otf
Package microtype Info: Loading generic protrusion settings for font family
(microtype)             `lmss' (encoding: TU).
(microtype)             For optimal results, create family-specific settings.
(microtype)             See the microtype manual for details.
File: ucphlogo-mini-da.pdf Graphic file (type pdf)
<use ucphlogo-mini-da.pdf>
Requested font "[lmsans10-regular]:mapping=tex-text;" at 10.0pt
 -> /usr/local/texlive/2023basic/texmf-dist/fonts/opentype/public/lm/lmsans10-r
egular.otf


Class memoir Warning: The material used in the headers is too large
(19.5469pt) for the given head height (12.0pt), it is recommended to
either increase the head height or redesign the header
(in both cases you will find help in the memoir manual). on input line 78.


Overfull \vbox (7.5469pt too high) has occurred while \output is active []

Requested font "[lmsans9-regular]:mapping=tex-text;" at 9.0pt
 -> /usr/local/texlive/2023basic/texmf-dist/fonts/opentype/public/lm/lmsans9-re
gular.otf

[1

]
Requested font "[lmroman7-regular]:mapping=tex-text;" at 7.0pt
 -> /usr/local/texlive/2023basic/texmf-dist/fonts/opentype/public/lm/lmroman7-r
egular.otf
Requested font "[lmroman5-regular]:mapping=tex-text;" at 5.0pt
 -> /usr/local/texlive/2023basic/texmf-dist/fonts/opentype/public/lm/lmroman5-r
egular.otf
Requested font "cmex7" at 7.0pt
 -> /usr/local/texlive/2023basic/texmf-dist/fonts/tfm/public/amsfonts/cmextra/c
mex7.tfm
Requested font "cmex7" at 5.0pt
 -> /usr/local/texlive/2023basic/texmf-dist/fonts/tfm/public/amsfonts/cmextra/c
mex7.tfm
 (/usr/local/texlive/2023basic/texmf-dist/tex/latex/microtype/mt-cmr.cfg
File: mt-cmr.cfg 2013/05/19 v2.2 microtype config. file: Computer Modern Roman 
(RS)
)
File: illustrationer/cyclops_mouse.png Graphic file (type bmp)
<illustrationer/cyclops_mouse.png>

Overfull \hbox (221.42497pt too wide) in paragraph at lines 92--93
[][] 
 []


Class memoir Warning: The material used in the headers is too large
(19.5469pt) for the given head height (12.0pt), it is recommended to
either increase the head height or redesign the header
(in both cases you will find help in the memoir manual). on input line 98.

File: ucphlogo-mini-da.pdf Graphic file (type pdf)
<use ucphlogo-mini-da.pdf>

Overfull \vbox (7.5469pt too high) has occurred while \output is active []


[2] (./special_day2_arbejdsark_pyprocessing.aux)
Package rerunfilecheck Info: File `special_day2_arbejdsark_pyprocessing.out' ha
s not changed.
(rerunfilecheck)             Checksum: D41D8CD98F00B204E9800998ECF8427E;0.
 ) 
Here is how much of TeX's memory you used:
 36424 strings out of 478200
 774105 string characters out of 5836172
 1911018 words of memory out of 5000000
 55952 multiletter control sequences out of 15000+600000
 516676 words of font info for 71 fonts, out of 8000000 for 9000
 319 hyphenation exceptions out of 8191
 102i,15n,124p,1072b,1589s stack positions out of 10000i,1000n,20000p,200000b,200000s

Output written on special_day2_arbejdsark_pyprocessing.pdf (2 pages).
