This is XeTeX, Version 3.141592653-2.6-0.999995 (TeX Live 2023) (preloaded format=xelatex 2024.1.2)  17 JUL 2024 12:07
entering extended mode
 restricted \write18 enabled.
 file:line:error style messages enabled.
 %&-line parsing enabled.
**main.tex
(./main.tex
LaTeX2e <2023-11-01>
L3 programming layer <2023-12-11>
(./ucph-handout.cls
Document Class: ucph-handout 2019/12/26 ucph-handout
(/usr/local/texlive/2023basic/texmf-dist/tex/latex/memoir/memoir.cls
Document Class: memoir 2023/08/21 v3.8.1 configurable book, report, article doc
ument class
(/usr/local/texlive/2023basic/texmf-dist/tex/latex/xpatch/xpatch.sty
(/usr/local/texlive/2023basic/texmf-dist/tex/latex/l3kernel/expl3.sty
Package: expl3 2023-12-11 L3 programming layer (loader) 

(/usr/local/texlive/2023basic/texmf-dist/tex/latex/l3backend/l3backend-xetex.de
f
File: l3backend-xetex.def 2023-11-09 L3 backend support: XeTeX
\g__graphics_track_int=\count183
\l__pdf_internal_box=\box51
\g__pdf_backend_object_int=\count184
\g__pdf_backend_annotation_int=\count185
\g__pdf_backend_link_int=\count186
))
Package: xpatch 2020/03/25 v0.3a Extending etoolbox patching commands

(/usr/local/texlive/2023basic/texmf-dist/tex/latex/l3packages/xparse/xparse.sty
Package: xparse 2023-10-10 L3 Experimental document command parser
) (/usr/local/texlive/2023basic/texmf-dist/tex/latex/etoolbox/etoolbox.sty
Package: etoolbox 2020/10/05 v2.5k e-TeX tools for LaTeX (JAW)
\etb@tempcnta=\count187
))
\onelineskip=\skip48
\lxvchars=\skip49
\xlvchars=\skip50
\@memcnta=\count188
\c@@memmarkcntra=\count189

(/usr/local/texlive/2023basic/texmf-dist/tex/generic/iftex/iftex.sty
Package: iftex 2022/02/03 v1.0f TeX engine tests
)
\trimtop=\skip51
\trimedge=\skip52

(/usr/local/texlive/2023basic/texmf-dist/tex/latex/memoir/mem10.clo
File: mem10.clo 2022/07/29 v0.5 memoir class 10pt size option
)
\binding=\skip53
\spinemargin=\skip54
\foremargin=\skip55
\uppermargin=\skip56
\lowermargin=\skip57
\headdrop=\skip58
\normalrulethickness=\skip59
\mem@maxheadheight=\skip60
\mem@maxfootheight=\skip61
\headwidth=\skip62
\c@storedpagenumber=\count190
\memPD=\dimen140
\m@mabparskip=\skip63
\thanksmarkwidth=\skip64
\thanksmarksep=\skip65
\droptitle=\skip66
\c@book=\count191
\c@part=\count192
\c@chapter=\count193
\c@section=\count194
\c@subsection=\count195
\c@subsubsection=\count196
\c@paragraph=\count197
\c@subparagraph=\count198
\beforechapskip=\skip67
\midchapskip=\skip68
\afterchapskip=\skip69
\chapindent=\skip70
\bottomsectionskip=\skip71
\secindent=\skip72
\beforesecskip=\skip73
\aftersecskip=\skip74
\subsecindent=\skip75
\beforesubsecskip=\skip76
\aftersubsecskip=\skip77
\subsubsecindent=\skip78
\beforesubsubsecskip=\skip79
\aftersubsubsecskip=\skip80
\paraindent=\skip81
\beforeparaskip=\skip82
\afterparaskip=\skip83
\subparaindent=\skip84
\beforesubparaskip=\skip85
\aftersubparaskip=\skip86
\pfbreakskip=\skip87
\c@@ppsavesec=\count199
\c@@ppsaveapp=\count266
\ragrparindent=\dimen141
\everylistparindent=\dimen142
\parsepi=\skip88
\topsepi=\skip89
\itemsepi=\skip90
\parsepii=\skip91
\topsepii=\skip92
\topsepiii=\skip93
\itemsepii=\skip94
\itemsepiii=\skip95
\partopsepii=\skip96
\partopsepiii=\skip97
\m@msavetopsep=\skip98
\m@msavepartopsep=\skip99
\@enLab=\toks17
\abstitleskip=\skip100
\absleftindent=\skip101
\abs@leftindent=\dimen143
\absrightindent=\skip102
\absparindent=\skip103
\absparsep=\skip104
\c@vslineno=\count267
\c@poemline=\count268
\c@modulo@vs=\count269
\c@memfvsline=\count270
\vleftskip=\skip105
\vrightskip=\skip106
\stanzaskip=\skip107
\versewidth=\skip108
\vgap=\skip109
\vindent=\skip110
\vleftmargin=\dimen144
\c@verse=\count271
\c@chrsinstr=\count272
\beforepoemtitleskip=\skip111
\afterpoemtitleskip=\skip112
\c@poem=\count273
\beforePoemTitleskip=\skip113
\midPoemTitleskip=\skip114
\afterPoemTitleskip=\skip115

(/usr/local/texlive/2023basic/texmf-dist/tex/latex/tools/array.sty
Package: array 2023/10/16 v2.5g Tabular extension package (FMi)
\col@sep=\dimen145
\ar@mcellbox=\box52
\extrarowheight=\dimen146
\NC@list=\toks18
\extratabsurround=\skip116
\backup@length=\skip117
\ar@cellbox=\box53
)
(/usr/local/texlive/2023basic/texmf-dist/tex/latex/tools/dcolumn.sty
Package: dcolumn 2023/07/08 v1.06 decimal alignment package (DPC)
)
(/usr/local/texlive/2023basic/texmf-dist/tex/latex/tools/delarray.sty
Package: delarray 2014/10/28 v1.01 array delimiter package (DPC)
)
(/usr/local/texlive/2023basic/texmf-dist/tex/latex/tools/tabularx.sty
Package: tabularx 2023/07/08 v2.11c `tabularx' package (DPC)
\TX@col@width=\dimen147
\TX@old@table=\dimen148
\TX@old@col=\dimen149
\TX@target=\dimen150
\TX@delta=\dimen151
\TX@cols=\count274
\TX@ftn=\toks19
)
(/usr/local/texlive/2023basic/texmf-dist/tex/latex/booktabs/booktabs.sty
Package: booktabs 2020/01/12 v1.61803398 Publication quality tables
\heavyrulewidth=\dimen152
\lightrulewidth=\dimen153
\cmidrulewidth=\dimen154
\belowrulesep=\dimen155
\belowbottomsep=\dimen156
\aboverulesep=\dimen157
\abovetopsep=\dimen158
\cmidrulesep=\dimen159
\cmidrulekern=\dimen160
\defaultaddspace=\dimen161
\@cmidla=\count275
\@cmidlb=\count276
\@aboverulesep=\dimen162
\@belowrulesep=\dimen163
\@thisruleclass=\count277
\@lastruleclass=\count278
\@thisrulewidth=\dimen164
)
\ctableftskip=\skip118
\ctabrightskip=\skip119
\abovecolumnspenalty=\count279
\@linestogo=\count280
\@cellstogo=\count281
\@cellsincolumn=\count282
\crtok=\toks20
\@mincolumnwidth=\dimen165
\c@newflo@tctr=\count283
\mem@margin@floatbox=\box54
\@contcwidth=\skip120
\@contindw=\skip121
\abovecaptionskip=\skip122
\belowcaptionskip=\skip123
\subfloattopskip=\skip124
\subfloatcapskip=\skip125
\subfloatcaptopadj=\skip126
\subfloatbottomskip=\skip127
\subfloatlabelskip=\skip128
\subfloatcapmargin=\dimen166
\c@@contsubnum=\count284
\m@mscap@capbox=\box55
\m@mscap@fbox=\box56
\sidecapsep=\dimen167
\sidecapwidth=\dimen168
\m@m@tempdima=\dimen169
\m@mscapraise=\dimen170
\sidecapraise=\dimen171
\m@mscapmainwidth=\dimen172
\m@mscaplkern=\dimen173
\beforeepigraphskip=\skip129
\afterepigraphskip=\skip130
\epigraphwidth=\skip131
\epigraphrule=\skip132
LaTeX Info: Redefining \em on input line 6878.
LaTeX Info: Redefining \emph on input line 6886.

(/usr/local/texlive/2023basic/texmf-dist/tex/latex/hyperref/nameref.sty
Package: nameref 2023-11-26 v2.56 Cross-referencing by name of section

(/usr/local/texlive/2023basic/texmf-dist/tex/latex/refcount/refcount.sty
Package: refcount 2019/12/15 v3.6 Data extraction from label references (HO)

(/usr/local/texlive/2023basic/texmf-dist/tex/generic/ltxcmds/ltxcmds.sty
Package: ltxcmds 2023-12-04 v1.26 LaTeX kernel commands for general use (HO)
)
(/usr/local/texlive/2023basic/texmf-dist/tex/generic/infwarerr/infwarerr.sty
Package: infwarerr 2019/12/03 v1.5 Providing info/warning/error messages (HO)
))
(/usr/local/texlive/2023basic/texmf-dist/tex/generic/gettitlestring/gettitlestr
ing.sty
Package: gettitlestring 2019/12/15 v1.6 Cleanup title references (HO)

(/usr/local/texlive/2023basic/texmf-dist/tex/latex/kvoptions/kvoptions.sty
Package: kvoptions 2022-06-15 v3.15 Key value format for package options (HO)

(/usr/local/texlive/2023basic/texmf-dist/tex/latex/graphics/keyval.sty
Package: keyval 2022/05/29 v1.15 key=value parser (DPC)
\KV@toks@=\toks21
)
(/usr/local/texlive/2023basic/texmf-dist/tex/latex/kvsetkeys/kvsetkeys.sty
Package: kvsetkeys 2022-10-05 v1.19 Key value parser (HO)
)))
\c@section@level=\count285
)
\tocentryskip=\skip133
\tocbaseline=\skip134
\cftparskip=\skip135
\cftbeforebookskip=\skip136
\cftbookindent=\dimen174
\cftbooknumwidth=\dimen175
\cftbeforepartskip=\skip137
\cftpartindent=\skip138
\cftpartnumwidth=\skip139
\cftbeforechapterskip=\skip140
\cftchapterindent=\skip141
\cftchapternumwidth=\skip142
\cftbeforesectionskip=\skip143
\cftsectionindent=\skip144
\cftsectionnumwidth=\skip145
\cftbeforesubsectionskip=\skip146
\cftsubsectionindent=\skip147
\cftsubsectionnumwidth=\skip148
\cftbeforesubsubsectionskip=\skip149
\cftsubsubsectionindent=\skip150
\cftsubsubsectionnumwidth=\skip151
\cftbeforeparagraphskip=\skip152
\cftparagraphindent=\skip153
\cftparagraphnumwidth=\skip154
\cftbeforesubparagraphskip=\skip155
\cftsubparagraphindent=\skip156
\cftsubparagraphnumwidth=\skip157
\prechapterprecisshift=\dimen176
\c@maxsecnumdepth=\count286
\bibindent=\dimen177
\bibitemsep=\skip158
\indexcolsep=\skip159
\indexrule=\skip160
\indexmarkstyle=\toks22
\@indexbox=\insert252
LaTeX Info: Redefining \raggedbottom on input line 7881.
LaTeX Info: Redefining \flushbottom on input line 7885.
\glossarycolsep=\dimen178
\glossaryrule=\dimen179
\sideparvshift=\skip161
\sideins=\insert251
\sidebartopsep=\skip162
\sidebarhsep=\skip163
\sidebarvsep=\skip164
\sidebarwidth=\skip165
\footmarkwidth=\skip166
\footmarksep=\skip167
\footparindent=\skip168
\footinsdim=\skip169
\footinsv@r=\insert250
\@mpfootinsv@r=\insert249
\m@m@k=\count287
\m@m@h=\dimen180
\m@mipn@skip=\skip170
\sidefootins=\insert248
\sidefootadjust=\skip171
\sidefootheight=\skip172
\sidefoothsep=\skip173
\sidefootvsep=\skip174
\sidefootwidth=\skip175
\m@mdownsf=\skip176
\c@sidefootnote=\count288
\sidefootmarkwidth=\skip177
\sidefootmarksep=\skip178
\sidefootparindent=\skip179
\c@pagenote=\count289
\c@pagenoteshadow=\count290
\mem@pn@lastkern=\skip180
\every@verbatim=\toks23
\afterevery@verbatim=\toks24
\verbatim@line=\toks25
\tab@position=\count291
\verbatim@in@stream=\read2
\verbatimindent=\skip181
\verbatim@out=\write3
\bvboxsep=\skip182
\c@memfbvline=\count292
\c@bvlinectr=\count293
\bvnumlength=\skip183
\fb@frw=\dimen181
\fb@frh=\dimen182
\FrameRule=\dimen183
\FrameSep=\dimen184
\c@cp@cntr=\count294
\c@ism@mctr=\count295
\c@xsm@mctr=\count296
\c@csm@mctr=\count297
\c@ksm@mctr=\count298
\c@xksm@mctr=\count299
\c@cksm@mctr=\count300
\c@msm@mctr=\count301
\c@xmsm@mctr=\count302
\c@cmsm@mctr=\count303
\c@bsm@mctr=\count304
\c@workm@mctr=\count305
\c@sheetsequence=\count306
\c@lastsheet=\count307
\c@lastpage=\count308

(/usr/local/texlive/2023basic/texmf-dist/tex/latex/textcase/textcase.sty
Package: textcase 2023/07/27 v1.04 Text only upper/lower case changing (DPC)
Package textcase Info: Defining Legacy names on input line 20.
)
\c@figure=\count309
\c@lofdepth=\count310
\cftbeforefigureskip=\skip184
\cftfigureindent=\skip185
\cftfigurenumwidth=\skip186
\c@table=\count311
\c@lotdepth=\count312
\cftbeforetableskip=\skip187
\cfttableindent=\skip188
\cfttablenumwidth=\skip189
Package abstract [2008/07/23] emulated by memoir.
Package appendix [2008/07/23] emulated by memoir.
Package ccaption [2008/07/23] emulated by memoir.
Package changepage [2008/07/23] emulated by memoir.
Package chngcntr [2008/07/23] emulated by memoir.
Package chngpage [2008/07/23] emulated by memoir.
Package crop emulated by memoir.
Package enumerate [2008/07/23] emulated by memoir.
Package epigraph [2008/07/23] emulated by memoir.
Package ifmtarg [2008/07/23] emulated by memoir.
Package index [2008/07/23] emulated by memoir.
Package makeidx [2008/07/23] emulated by memoir.
Package moreverb [2008/07/23] emulated by memoir.
Package needspace [2008/07/23] emulated by memoir.
Package newfile [2008/07/23] emulated by memoir.
Package nextpage [2008/07/23] emulated by memoir.
Package pagenote [2008/07/23] emulated by memoir.
Package parskip [2008/07/23] emulated by memoir.
Package patchcmd [2008/07/23] emulated by memoir.
Package setspace [2008/07/23] emulated by memoir.
Package shortvrb [2008/07/23] emulated by memoir.
Package showidx [2008/07/23] emulated by memoir.
Package titleref [2008/07/23] emulated by memoir.
Package titling [2008/07/23] emulated by memoir.
Package tocbibind [2008/07/23] emulated by memoir.
Package tocloft [2008/07/23] emulated by memoir.
Package tocvsec2 [2008/07/23] emulated by memoir.
Package verbatim [2008/07/23] emulated by memoir.
Package verse [2008/07/23] emulated by memoir.
)
(/usr/local/texlive/2023basic/texmf-dist/tex/latex/base/fontenc.sty
Package: fontenc 2021/04/29 v2.0v Standard LaTeX package
LaTeX Font Info:    Trying to load font information for T1+lmr on input line 11
2.

(/usr/local/texlive/2023basic/texmf-dist/tex/latex/lm/t1lmr.fd
File: t1lmr.fd 2015/05/01 v1.6.1 Font defs for Latin Modern
))
(/usr/local/texlive/2023basic/texmf-dist/tex/latex/base/inputenc.sty
Package: inputenc 2021/02/14 v1.3d Input encoding file
\inpenc@prehook=\toks26
\inpenc@posthook=\toks27


Package inputenc Warning: inputenc package ignored with utf8 based engines.

) (/usr/local/texlive/2023basic/texmf-dist/tex/latex/psnfss/palatino.sty
Package: palatino 2020/03/25 PSNFSS-v9.3 (SPQR) 
)
(/usr/local/texlive/2023basic/texmf-dist/tex/latex/bera/beramono.sty
Package: beramono 2004/01/31 (WaS)
)
(/usr/local/texlive/2023basic/texmf-dist/tex/latex/lato/lato.sty
Package: lato 2019/06/20 Style file for Lato.

(/usr/local/texlive/2023basic/texmf-dist/tex/latex/fontaxes/fontaxes.sty
Package: fontaxes 2020/07/21 v1.0e Font selection axes
LaTeX Info: Redefining \upshape on input line 29.
LaTeX Info: Redefining \itshape on input line 31.
LaTeX Info: Redefining \slshape on input line 33.
LaTeX Info: Redefining \swshape on input line 35.
LaTeX Info: Redefining \scshape on input line 37.
LaTeX Info: Redefining \sscshape on input line 39.
LaTeX Info: Redefining \ulcshape on input line 41.
LaTeX Info: Redefining \textsw on input line 47.
LaTeX Info: Redefining \textssc on input line 48.
LaTeX Info: Redefining \textulc on input line 49.
)
(/usr/local/texlive/2023basic/texmf-dist/tex/generic/iftex/ifluatex.sty
Package: ifluatex 2019/10/25 v1.5 ifluatex legacy package. Use iftex instead.
)
(/usr/local/texlive/2023basic/texmf-dist/tex/generic/iftex/ifxetex.sty
Package: ifxetex 2019/10/25 v0.7 ifxetex legacy package. Use iftex instead.
)
(/usr/local/texlive/2023basic/texmf-dist/tex/latex/xkeyval/xkeyval.sty
Package: xkeyval 2022/06/16 v2.9 package option processing (HA)

(/usr/local/texlive/2023basic/texmf-dist/tex/generic/xkeyval/xkeyval.tex
(/usr/local/texlive/2023basic/texmf-dist/tex/generic/xkeyval/xkvutils.tex
\XKV@toks=\toks28
\XKV@tempa@toks=\toks29
)
\XKV@depth=\count313
File: xkeyval.tex 2014/12/03 v2.7a key=value parser (HA)
))
(/usr/local/texlive/2023basic/texmf-dist/tex/latex/fontspec/fontspec.sty
Package: fontspec 2022/01/15 v2.8a Font selection for XeLaTeX and LuaLaTeX

(/usr/local/texlive/2023basic/texmf-dist/tex/latex/fontspec/fontspec-xetex.sty
Package: fontspec-xetex 2022/01/15 v2.8a Font selection for XeLaTeX and LuaLaTe
X
\l__fontspec_script_int=\count314
\l__fontspec_language_int=\count315
\l__fontspec_strnum_int=\count316
\l__fontspec_tmp_int=\count317
\l__fontspec_tmpa_int=\count318
\l__fontspec_tmpb_int=\count319
\l__fontspec_tmpc_int=\count320
\l__fontspec_em_int=\count321
\l__fontspec_emdef_int=\count322
\l__fontspec_strong_int=\count323
\l__fontspec_strongdef_int=\count324
\l__fontspec_tmpa_dim=\dimen185
\l__fontspec_tmpb_dim=\dimen186
\l__fontspec_tmpc_dim=\dimen187

(/usr/local/texlive/2023basic/texmf-dist/tex/latex/base/fontenc.sty
Package: fontenc 2021/04/29 v2.0v Standard LaTeX package
)
(/usr/local/texlive/2023basic/texmf-dist/tex/latex/fontspec/fontspec.cfg)))
Requested font "[Lato-Regular.ttf]/OT" at 9.99997pt
 -> /usr/local/texlive/2023basic/texmf-dist/fonts/truetype/typoland/lato/Lato-R
egular.ttf
Requested font "[Lato-Regular.ttf]/OT" at 10.00003pt
 -> /usr/local/texlive/2023basic/texmf-dist/fonts/truetype/typoland/lato/Lato-R
egular.ttf
Requested font "[Lato-Hairline.ttf]/OT:script=latn;language=dflt;" at 10.00003p
t
 -> /usr/local/texlive/2023basic/texmf-dist/fonts/truetype/typoland/lato/Lato-H
airline.ttf
Requested font "[Lato-HairlineItalic.ttf]/OT:script=latn;language=dflt;" at 10.
00003pt
 -> /usr/local/texlive/2023basic/texmf-dist/fonts/truetype/typoland/lato/Lato-H
airlineItalic.ttf
Requested font "[Lato-Thin.ttf]/OT:script=latn;language=dflt;" at 10.00003pt
 -> /usr/local/texlive/2023basic/texmf-dist/fonts/truetype/typoland/lato/Lato-T
hin.ttf
Requested font "[Lato-ThinItalic.ttf]/OT:script=latn;language=dflt;" at 10.0000
3pt
 -> /usr/local/texlive/2023basic/texmf-dist/fonts/truetype/typoland/lato/Lato-T
hinItalic.ttf
Requested font "[Lato-Light.ttf]/OT:script=latn;language=dflt;" at 10.00003pt
 -> /usr/local/texlive/2023basic/texmf-dist/fonts/truetype/typoland/lato/Lato-L
ight.ttf
Requested font "[Lato-LightItalic.ttf]/OT:script=latn;language=dflt;" at 10.000
03pt
 -> /usr/local/texlive/2023basic/texmf-dist/fonts/truetype/typoland/lato/Lato-L
ightItalic.ttf
Requested font "[Lato-Medium.ttf]/OT:script=latn;language=dflt;" at 10.00003pt
 -> /usr/local/texlive/2023basic/texmf-dist/fonts/truetype/typoland/lato/Lato-M
edium.ttf
Requested font "[Lato-MediumItalic.ttf]/OT:script=latn;language=dflt;" at 10.00
003pt
 -> /usr/local/texlive/2023basic/texmf-dist/fonts/truetype/typoland/lato/Lato-M
ediumItalic.ttf
Requested font "[Lato-Semibold.ttf]/OT:script=latn;language=dflt;" at 10.00003p
t
 -> /usr/local/texlive/2023basic/texmf-dist/fonts/truetype/typoland/lato/Lato-S
emibold.ttf
Requested font "[Lato-SemiboldItalic.ttf]/OT:script=latn;language=dflt;" at 10.
00003pt
 -> /usr/local/texlive/2023basic/texmf-dist/fonts/truetype/typoland/lato/Lato-S
emiboldItalic.ttf
Requested font "[Lato-Bold.ttf]/OT:script=latn;language=dflt;" at 10.00003pt
 -> /usr/local/texlive/2023basic/texmf-dist/fonts/truetype/typoland/lato/Lato-B
old.ttf
Requested font "[Lato-BoldItalic.ttf]/OT:script=latn;language=dflt;" at 10.0000
3pt
 -> /usr/local/texlive/2023basic/texmf-dist/fonts/truetype/typoland/lato/Lato-B
oldItalic.ttf
Requested font "[Lato-Heavy.ttf]/OT:script=latn;language=dflt;" at 10.00003pt
 -> /usr/local/texlive/2023basic/texmf-dist/fonts/truetype/typoland/lato/Lato-H
eavy.ttf
Requested font "[Lato-HeavyItalic.ttf]/OT:script=latn;language=dflt;" at 10.000
03pt
 -> /usr/local/texlive/2023basic/texmf-dist/fonts/truetype/typoland/lato/Lato-H
eavyItalic.ttf
Requested font "[Lato-Black.ttf]/OT:script=latn;language=dflt;" at 10.00003pt
 -> /usr/local/texlive/2023basic/texmf-dist/fonts/truetype/typoland/lato/Lato-B
lack.ttf
Requested font "[Lato-BlackItalic.ttf]/OT:script=latn;language=dflt;" at 10.000
03pt
 -> /usr/local/texlive/2023basic/texmf-dist/fonts/truetype/typoland/lato/Lato-B
lackItalic.ttf
Requested font "[Lato-Regular.ttf]/OT:script=latn;language=dflt;" at 10.00003pt
 -> /usr/local/texlive/2023basic/texmf-dist/fonts/truetype/typoland/lato/Lato-R
egular.ttf
Requested font "[Lato-Italic.ttf]/OT:script=latn;language=dflt;" at 10.00003pt
 -> /usr/local/texlive/2023basic/texmf-dist/fonts/truetype/typoland/lato/Lato-I
talic.ttf

Package fontspec Info: Font family 'lato-TLF' created for font 'Lato' with
(fontspec)             options
(fontspec)             [Extension=.ttf,Ligatures={TeX,Common},Scale=1,FontFace=
{ul}{n}{*-Hairline},FontFace={ul}{it}{*-HairlineItalic},FontFace={el}{n}{*-Thin
},FontFace={el}{it}{*-ThinItalic},FontFace={l}{n}{*-Light},FontFace={l}{it}{*-L
ightItalic},UprightFont={*-Regular},ItalicFont={*-Italic},FontFace={mb}{n}{*-Me
dium},FontFace={mb}{it}{*-MediumItalic},FontFace={sb}{n}{*-Semibold},FontFace={
sb}{it}{*-SemiboldItalic},FontFace={b}{n}{*-Bold},FontFace={b}{it}{*-BoldItalic
},BoldFont={*-Bold},BoldItalicFont={*-BoldItalic},FontFace={eb}{n}{*-Heavy},Fon
tFace={eb}{it}{*-HeavyItalic},FontFace={ub}{n}{*-Black},FontFace={ub}{it}{*-Bla
ckItalic},Numbers={Monospaced,Lining},NFSSFamily=lato-TLF].
(fontspec)              
(fontspec)              This font family consists of the following NFSS
(fontspec)             series/shapes:
(fontspec)              
(fontspec)             - (ul/n) with NFSS spec.:
(fontspec)             <->s*[1]"[Lato-Hairline.ttf]/OT:script=latn;language=dfl
t;+liga;+tnum;+lnum;mapping=tex-text;"
(fontspec)             -  (ul/sc) with NFSS spec.: 
(fontspec)             - (ul/it) with NFSS spec.:
(fontspec)             <->s*[1]"[Lato-HairlineItalic.ttf]/OT:script=latn;langua
ge=dflt;+liga;+tnum;+lnum;mapping=tex-text;"
(fontspec)             -  (ul/scit) with NFSS spec.: 
(fontspec)             - (el/n) with NFSS spec.:
(fontspec)             <->s*[1]"[Lato-Thin.ttf]/OT:script=latn;language=dflt;+l
iga;+tnum;+lnum;mapping=tex-text;"
(fontspec)             -  (el/sc) with NFSS spec.: 
(fontspec)             - (el/it) with NFSS spec.:
(fontspec)             <->s*[1]"[Lato-ThinItalic.ttf]/OT:script=latn;language=d
flt;+liga;+tnum;+lnum;mapping=tex-text;"
(fontspec)             -  (el/scit) with NFSS spec.: 
(fontspec)             - (l/n) with NFSS spec.:
(fontspec)             <->s*[1]"[Lato-Light.ttf]/OT:script=latn;language=dflt;+
liga;+tnum;+lnum;mapping=tex-text;"
(fontspec)             -  (l/sc) with NFSS spec.: 
(fontspec)             - (l/it) with NFSS spec.:
(fontspec)             <->s*[1]"[Lato-LightItalic.ttf]/OT:script=latn;language=
dflt;+liga;+tnum;+lnum;mapping=tex-text;"
(fontspec)             -  (l/scit) with NFSS spec.: 
(fontspec)             - (mb/n) with NFSS spec.:
(fontspec)             <->s*[1]"[Lato-Medium.ttf]/OT:script=latn;language=dflt;
+liga;+tnum;+lnum;mapping=tex-text;"
(fontspec)             -  (mb/sc) with NFSS spec.: 
(fontspec)             - (mb/it) with NFSS spec.:
(fontspec)             <->s*[1]"[Lato-MediumItalic.ttf]/OT:script=latn;language
=dflt;+liga;+tnum;+lnum;mapping=tex-text;"
(fontspec)             -  (mb/scit) with NFSS spec.: 
(fontspec)             - (sb/n) with NFSS spec.:
(fontspec)             <->s*[1]"[Lato-Semibold.ttf]/OT:script=latn;language=dfl
t;+liga;+tnum;+lnum;mapping=tex-text;"
(fontspec)             -  (sb/sc) with NFSS spec.: 
(fontspec)             - (sb/it) with NFSS spec.:
(fontspec)             <->s*[1]"[Lato-SemiboldItalic.ttf]/OT:script=latn;langua
ge=dflt;+liga;+tnum;+lnum;mapping=tex-text;"
(fontspec)             -  (sb/scit) with NFSS spec.: 
(fontspec)             - 'bold' (b/n) with NFSS spec.:
(fontspec)             <->s*[1]"[Lato-Bold.ttf]/OT:script=latn;language=dflt;+l
iga;+tnum;+lnum;mapping=tex-text;"
(fontspec)             - 'bold small caps'  (b/sc) with NFSS spec.: 
(fontspec)             - 'bold italic' (b/it) with NFSS spec.:
(fontspec)             <->s*[1]"[Lato-BoldItalic.ttf]/OT:script=latn;language=d
flt;+liga;+tnum;+lnum;mapping=tex-text;"
(fontspec)             - 'bold italic small caps'  (b/scit) with NFSS spec.: 
(fontspec)             - (eb/n) with NFSS spec.:
(fontspec)             <->s*[1]"[Lato-Heavy.ttf]/OT:script=latn;language=dflt;+
liga;+tnum;+lnum;mapping=tex-text;"
(fontspec)             -  (eb/sc) with NFSS spec.: 
(fontspec)             - (eb/it) with NFSS spec.:
(fontspec)             <->s*[1]"[Lato-HeavyItalic.ttf]/OT:script=latn;language=
dflt;+liga;+tnum;+lnum;mapping=tex-text;"
(fontspec)             -  (eb/scit) with NFSS spec.: 
(fontspec)             - (ub/n) with NFSS spec.:
(fontspec)             <->s*[1]"[Lato-Black.ttf]/OT:script=latn;language=dflt;+
liga;+tnum;+lnum;mapping=tex-text;"
(fontspec)             -  (ub/sc) with NFSS spec.: 
(fontspec)             - (ub/it) with NFSS spec.:
(fontspec)             <->s*[1]"[Lato-BlackItalic.ttf]/OT:script=latn;language=
dflt;+liga;+tnum;+lnum;mapping=tex-text;"
(fontspec)             -  (ub/scit) with NFSS spec.: 
(fontspec)             - 'normal' (m/n) with NFSS spec.:
(fontspec)             <->s*[1]"[Lato-Regular.ttf]/OT:script=latn;language=dflt
;+liga;+tnum;+lnum;mapping=tex-text;"
(fontspec)             - 'small caps'  (m/sc) with NFSS spec.: 
(fontspec)             - 'italic' (m/it) with NFSS spec.:
(fontspec)             <->s*[1]"[Lato-Italic.ttf]/OT:script=latn;language=dflt;
+liga;+tnum;+lnum;mapping=tex-text;"
(fontspec)             - 'italic small caps'  (m/scit) with NFSS spec.: 


Package fontspec Info: Font family 'lato-LF' created for font 'Lato' with
(fontspec)             options
(fontspec)             [Extension=.ttf,Ligatures={TeX,Common},Scale=1,FontFace=
{ul}{n}{*-Hairline},FontFace={ul}{it}{*-HairlineItalic},FontFace={el}{n}{*-Thin
},FontFace={el}{it}{*-ThinItalic},FontFace={l}{n}{*-Light},FontFace={l}{it}{*-L
ightItalic},UprightFont={*-Regular},ItalicFont={*-Italic},FontFace={mb}{n}{*-Me
dium},FontFace={mb}{it}{*-MediumItalic},FontFace={sb}{n}{*-Semibold},FontFace={
sb}{it}{*-SemiboldItalic},FontFace={b}{n}{*-Bold},FontFace={b}{it}{*-BoldItalic
},BoldFont={*-Bold},BoldItalicFont={*-BoldItalic},FontFace={eb}{n}{*-Heavy},Fon
tFace={eb}{it}{*-HeavyItalic},FontFace={ub}{n}{*-Black},FontFace={ub}{it}{*-Bla
ckItalic},Numbers={Proportional,Lining},NFSSFamily=lato-LF].
(fontspec)              
(fontspec)              This font family consists of the following NFSS
(fontspec)             series/shapes:
(fontspec)              
(fontspec)             - (ul/n) with NFSS spec.:
(fontspec)             <->s*[1]"[Lato-Hairline.ttf]/OT:script=latn;language=dfl
t;+liga;+pnum;+lnum;mapping=tex-text;"
(fontspec)             -  (ul/sc) with NFSS spec.: 
(fontspec)             - (ul/it) with NFSS spec.:
(fontspec)             <->s*[1]"[Lato-HairlineItalic.ttf]/OT:script=latn;langua
ge=dflt;+liga;+pnum;+lnum;mapping=tex-text;"
(fontspec)             -  (ul/scit) with NFSS spec.: 
(fontspec)             - (el/n) with NFSS spec.:
(fontspec)             <->s*[1]"[Lato-Thin.ttf]/OT:script=latn;language=dflt;+l
iga;+pnum;+lnum;mapping=tex-text;"
(fontspec)             -  (el/sc) with NFSS spec.: 
(fontspec)             - (el/it) with NFSS spec.:
(fontspec)             <->s*[1]"[Lato-ThinItalic.ttf]/OT:script=latn;language=d
flt;+liga;+pnum;+lnum;mapping=tex-text;"
(fontspec)             -  (el/scit) with NFSS spec.: 
(fontspec)             - (l/n) with NFSS spec.:
(fontspec)             <->s*[1]"[Lato-Light.ttf]/OT:script=latn;language=dflt;+
liga;+pnum;+lnum;mapping=tex-text;"
(fontspec)             -  (l/sc) with NFSS spec.: 
(fontspec)             - (l/it) with NFSS spec.:
(fontspec)             <->s*[1]"[Lato-LightItalic.ttf]/OT:script=latn;language=
dflt;+liga;+pnum;+lnum;mapping=tex-text;"
(fontspec)             -  (l/scit) with NFSS spec.: 
(fontspec)             - (mb/n) with NFSS spec.:
(fontspec)             <->s*[1]"[Lato-Medium.ttf]/OT:script=latn;language=dflt;
+liga;+pnum;+lnum;mapping=tex-text;"
(fontspec)             -  (mb/sc) with NFSS spec.: 
(fontspec)             - (mb/it) with NFSS spec.:
(fontspec)             <->s*[1]"[Lato-MediumItalic.ttf]/OT:script=latn;language
=dflt;+liga;+pnum;+lnum;mapping=tex-text;"
(fontspec)             -  (mb/scit) with NFSS spec.: 
(fontspec)             - (sb/n) with NFSS spec.:
(fontspec)             <->s*[1]"[Lato-Semibold.ttf]/OT:script=latn;language=dfl
t;+liga;+pnum;+lnum;mapping=tex-text;"
(fontspec)             -  (sb/sc) with NFSS spec.: 
(fontspec)             - (sb/it) with NFSS spec.:
(fontspec)             <->s*[1]"[Lato-SemiboldItalic.ttf]/OT:script=latn;langua
ge=dflt;+liga;+pnum;+lnum;mapping=tex-text;"
(fontspec)             -  (sb/scit) with NFSS spec.: 
(fontspec)             - 'bold' (b/n) with NFSS spec.:
(fontspec)             <->s*[1]"[Lato-Bold.ttf]/OT:script=latn;language=dflt;+l
iga;+pnum;+lnum;mapping=tex-text;"
(fontspec)             - 'bold small caps'  (b/sc) with NFSS spec.: 
(fontspec)             - 'bold italic' (b/it) with NFSS spec.:
(fontspec)             <->s*[1]"[Lato-BoldItalic.ttf]/OT:script=latn;language=d
flt;+liga;+pnum;+lnum;mapping=tex-text;"
(fontspec)             - 'bold italic small caps'  (b/scit) with NFSS spec.: 
(fontspec)             - (eb/n) with NFSS spec.:
(fontspec)             <->s*[1]"[Lato-Heavy.ttf]/OT:script=latn;language=dflt;+
liga;+pnum;+lnum;mapping=tex-text;"
(fontspec)             -  (eb/sc) with NFSS spec.: 
(fontspec)             - (eb/it) with NFSS spec.:
(fontspec)             <->s*[1]"[Lato-HeavyItalic.ttf]/OT:script=latn;language=
dflt;+liga;+pnum;+lnum;mapping=tex-text;"
(fontspec)             -  (eb/scit) with NFSS spec.: 
(fontspec)             - (ub/n) with NFSS spec.:
(fontspec)             <->s*[1]"[Lato-Black.ttf]/OT:script=latn;language=dflt;+
liga;+pnum;+lnum;mapping=tex-text;"
(fontspec)             -  (ub/sc) with NFSS spec.: 
(fontspec)             - (ub/it) with NFSS spec.:
(fontspec)             <->s*[1]"[Lato-BlackItalic.ttf]/OT:script=latn;language=
dflt;+liga;+pnum;+lnum;mapping=tex-text;"
(fontspec)             -  (ub/scit) with NFSS spec.: 
(fontspec)             - 'normal' (m/n) with NFSS spec.:
(fontspec)             <->s*[1]"[Lato-Regular.ttf]/OT:script=latn;language=dflt
;+liga;+pnum;+lnum;mapping=tex-text;"
(fontspec)             - 'small caps'  (m/sc) with NFSS spec.: 
(fontspec)             - 'italic' (m/it) with NFSS spec.:
(fontspec)             <->s*[1]"[Lato-Italic.ttf]/OT:script=latn;language=dflt;
+liga;+pnum;+lnum;mapping=tex-text;"
(fontspec)             - 'italic small caps'  (m/scit) with NFSS spec.: 


Package fontspec Info: Font family 'lato-TOsF' created for font 'Lato' with
(fontspec)             options
(fontspec)             [Extension=.ttf,Ligatures={TeX,Common},Scale=1,FontFace=
{ul}{n}{*-Hairline},FontFace={ul}{it}{*-HairlineItalic},FontFace={el}{n}{*-Thin
},FontFace={el}{it}{*-ThinItalic},FontFace={l}{n}{*-Light},FontFace={l}{it}{*-L
ightItalic},UprightFont={*-Regular},ItalicFont={*-Italic},FontFace={mb}{n}{*-Me
dium},FontFace={mb}{it}{*-MediumItalic},FontFace={sb}{n}{*-Semibold},FontFace={
sb}{it}{*-SemiboldItalic},FontFace={b}{n}{*-Bold},FontFace={b}{it}{*-BoldItalic
},BoldFont={*-Bold},BoldItalicFont={*-BoldItalic},FontFace={eb}{n}{*-Heavy},Fon
tFace={eb}{it}{*-HeavyItalic},FontFace={ub}{n}{*-Black},FontFace={ub}{it}{*-Bla
ckItalic},Numbers={Monospaced,OldStyle},NFSSFamily=lato-TOsF].
(fontspec)              
(fontspec)              This font family consists of the following NFSS
(fontspec)             series/shapes:
(fontspec)              
(fontspec)             - (ul/n) with NFSS spec.:
(fontspec)             <->s*[1]"[Lato-Hairline.ttf]/OT:script=latn;language=dfl
t;+liga;+tnum;+onum;mapping=tex-text;"
(fontspec)             -  (ul/sc) with NFSS spec.: 
(fontspec)             - (ul/it) with NFSS spec.:
(fontspec)             <->s*[1]"[Lato-HairlineItalic.ttf]/OT:script=latn;langua
ge=dflt;+liga;+tnum;+onum;mapping=tex-text;"
(fontspec)             -  (ul/scit) with NFSS spec.: 
(fontspec)             - (el/n) with NFSS spec.:
(fontspec)             <->s*[1]"[Lato-Thin.ttf]/OT:script=latn;language=dflt;+l
iga;+tnum;+onum;mapping=tex-text;"
(fontspec)             -  (el/sc) with NFSS spec.: 
(fontspec)             - (el/it) with NFSS spec.:
(fontspec)             <->s*[1]"[Lato-ThinItalic.ttf]/OT:script=latn;language=d
flt;+liga;+tnum;+onum;mapping=tex-text;"
(fontspec)             -  (el/scit) with NFSS spec.: 
(fontspec)             - (l/n) with NFSS spec.:
(fontspec)             <->s*[1]"[Lato-Light.ttf]/OT:script=latn;language=dflt;+
liga;+tnum;+onum;mapping=tex-text;"
(fontspec)             -  (l/sc) with NFSS spec.: 
(fontspec)             - (l/it) with NFSS spec.:
(fontspec)             <->s*[1]"[Lato-LightItalic.ttf]/OT:script=latn;language=
dflt;+liga;+tnum;+onum;mapping=tex-text;"
(fontspec)             -  (l/scit) with NFSS spec.: 
(fontspec)             - (mb/n) with NFSS spec.:
(fontspec)             <->s*[1]"[Lato-Medium.ttf]/OT:script=latn;language=dflt;
+liga;+tnum;+onum;mapping=tex-text;"
(fontspec)             -  (mb/sc) with NFSS spec.: 
(fontspec)             - (mb/it) with NFSS spec.:
(fontspec)             <->s*[1]"[Lato-MediumItalic.ttf]/OT:script=latn;language
=dflt;+liga;+tnum;+onum;mapping=tex-text;"
(fontspec)             -  (mb/scit) with NFSS spec.: 
(fontspec)             - (sb/n) with NFSS spec.:
(fontspec)             <->s*[1]"[Lato-Semibold.ttf]/OT:script=latn;language=dfl
t;+liga;+tnum;+onum;mapping=tex-text;"
(fontspec)             -  (sb/sc) with NFSS spec.: 
(fontspec)             - (sb/it) with NFSS spec.:
(fontspec)             <->s*[1]"[Lato-SemiboldItalic.ttf]/OT:script=latn;langua
ge=dflt;+liga;+tnum;+onum;mapping=tex-text;"
(fontspec)             -  (sb/scit) with NFSS spec.: 
(fontspec)             - 'bold' (b/n) with NFSS spec.:
(fontspec)             <->s*[1]"[Lato-Bold.ttf]/OT:script=latn;language=dflt;+l
iga;+tnum;+onum;mapping=tex-text;"
(fontspec)             - 'bold small caps'  (b/sc) with NFSS spec.: 
(fontspec)             - 'bold italic' (b/it) with NFSS spec.:
(fontspec)             <->s*[1]"[Lato-BoldItalic.ttf]/OT:script=latn;language=d
flt;+liga;+tnum;+onum;mapping=tex-text;"
(fontspec)             - 'bold italic small caps'  (b/scit) with NFSS spec.: 
(fontspec)             - (eb/n) with NFSS spec.:
(fontspec)             <->s*[1]"[Lato-Heavy.ttf]/OT:script=latn;language=dflt;+
liga;+tnum;+onum;mapping=tex-text;"
(fontspec)             -  (eb/sc) with NFSS spec.: 
(fontspec)             - (eb/it) with NFSS spec.:
(fontspec)             <->s*[1]"[Lato-HeavyItalic.ttf]/OT:script=latn;language=
dflt;+liga;+tnum;+onum;mapping=tex-text;"
(fontspec)             -  (eb/scit) with NFSS spec.: 
(fontspec)             - (ub/n) with NFSS spec.:
(fontspec)             <->s*[1]"[Lato-Black.ttf]/OT:script=latn;language=dflt;+
liga;+tnum;+onum;mapping=tex-text;"
(fontspec)             -  (ub/sc) with NFSS spec.: 
(fontspec)             - (ub/it) with NFSS spec.:
(fontspec)             <->s*[1]"[Lato-BlackItalic.ttf]/OT:script=latn;language=
dflt;+liga;+tnum;+onum;mapping=tex-text;"
(fontspec)             -  (ub/scit) with NFSS spec.: 
(fontspec)             - 'normal' (m/n) with NFSS spec.:
(fontspec)             <->s*[1]"[Lato-Regular.ttf]/OT:script=latn;language=dflt
;+liga;+tnum;+onum;mapping=tex-text;"
(fontspec)             - 'small caps'  (m/sc) with NFSS spec.: 
(fontspec)             - 'italic' (m/it) with NFSS spec.:
(fontspec)             <->s*[1]"[Lato-Italic.ttf]/OT:script=latn;language=dflt;
+liga;+tnum;+onum;mapping=tex-text;"
(fontspec)             - 'italic small caps'  (m/scit) with NFSS spec.: 


Package fontspec Info: Font family 'lato-OsF' created for font 'Lato' with
(fontspec)             options
(fontspec)             [Extension=.ttf,Ligatures={TeX,Common},Scale=1,FontFace=
{ul}{n}{*-Hairline},FontFace={ul}{it}{*-HairlineItalic},FontFace={el}{n}{*-Thin
},FontFace={el}{it}{*-ThinItalic},FontFace={l}{n}{*-Light},FontFace={l}{it}{*-L
ightItalic},UprightFont={*-Regular},ItalicFont={*-Italic},FontFace={mb}{n}{*-Me
dium},FontFace={mb}{it}{*-MediumItalic},FontFace={sb}{n}{*-Semibold},FontFace={
sb}{it}{*-SemiboldItalic},FontFace={b}{n}{*-Bold},FontFace={b}{it}{*-BoldItalic
},BoldFont={*-Bold},BoldItalicFont={*-BoldItalic},FontFace={eb}{n}{*-Heavy},Fon
tFace={eb}{it}{*-HeavyItalic},FontFace={ub}{n}{*-Black},FontFace={ub}{it}{*-Bla
ckItalic},Numbers={Proportional,OldStyle},NFSSFamily=lato-OsF].
(fontspec)              
(fontspec)              This font family consists of the following NFSS
(fontspec)             series/shapes:
(fontspec)              
(fontspec)             - (ul/n) with NFSS spec.:
(fontspec)             <->s*[1]"[Lato-Hairline.ttf]/OT:script=latn;language=dfl
t;+liga;+pnum;+onum;mapping=tex-text;"
(fontspec)             -  (ul/sc) with NFSS spec.: 
(fontspec)             - (ul/it) with NFSS spec.:
(fontspec)             <->s*[1]"[Lato-HairlineItalic.ttf]/OT:script=latn;langua
ge=dflt;+liga;+pnum;+onum;mapping=tex-text;"
(fontspec)             -  (ul/scit) with NFSS spec.: 
(fontspec)             - (el/n) with NFSS spec.:
(fontspec)             <->s*[1]"[Lato-Thin.ttf]/OT:script=latn;language=dflt;+l
iga;+pnum;+onum;mapping=tex-text;"
(fontspec)             -  (el/sc) with NFSS spec.: 
(fontspec)             - (el/it) with NFSS spec.:
(fontspec)             <->s*[1]"[Lato-ThinItalic.ttf]/OT:script=latn;language=d
flt;+liga;+pnum;+onum;mapping=tex-text;"
(fontspec)             -  (el/scit) with NFSS spec.: 
(fontspec)             - (l/n) with NFSS spec.:
(fontspec)             <->s*[1]"[Lato-Light.ttf]/OT:script=latn;language=dflt;+
liga;+pnum;+onum;mapping=tex-text;"
(fontspec)             -  (l/sc) with NFSS spec.: 
(fontspec)             - (l/it) with NFSS spec.:
(fontspec)             <->s*[1]"[Lato-LightItalic.ttf]/OT:script=latn;language=
dflt;+liga;+pnum;+onum;mapping=tex-text;"
(fontspec)             -  (l/scit) with NFSS spec.: 
(fontspec)             - (mb/n) with NFSS spec.:
(fontspec)             <->s*[1]"[Lato-Medium.ttf]/OT:script=latn;language=dflt;
+liga;+pnum;+onum;mapping=tex-text;"
(fontspec)             -  (mb/sc) with NFSS spec.: 
(fontspec)             - (mb/it) with NFSS spec.:
(fontspec)             <->s*[1]"[Lato-MediumItalic.ttf]/OT:script=latn;language
=dflt;+liga;+pnum;+onum;mapping=tex-text;"
(fontspec)             -  (mb/scit) with NFSS spec.: 
(fontspec)             - (sb/n) with NFSS spec.:
(fontspec)             <->s*[1]"[Lato-Semibold.ttf]/OT:script=latn;language=dfl
t;+liga;+pnum;+onum;mapping=tex-text;"
(fontspec)             -  (sb/sc) with NFSS spec.: 
(fontspec)             - (sb/it) with NFSS spec.:
(fontspec)             <->s*[1]"[Lato-SemiboldItalic.ttf]/OT:script=latn;langua
ge=dflt;+liga;+pnum;+onum;mapping=tex-text;"
(fontspec)             -  (sb/scit) with NFSS spec.: 
(fontspec)             - 'bold' (b/n) with NFSS spec.:
(fontspec)             <->s*[1]"[Lato-Bold.ttf]/OT:script=latn;language=dflt;+l
iga;+pnum;+onum;mapping=tex-text;"
(fontspec)             - 'bold small caps'  (b/sc) with NFSS spec.: 
(fontspec)             - 'bold italic' (b/it) with NFSS spec.:
(fontspec)             <->s*[1]"[Lato-BoldItalic.ttf]/OT:script=latn;language=d
flt;+liga;+pnum;+onum;mapping=tex-text;"
(fontspec)             - 'bold italic small caps'  (b/scit) with NFSS spec.: 
(fontspec)             - (eb/n) with NFSS spec.:
(fontspec)             <->s*[1]"[Lato-Heavy.ttf]/OT:script=latn;language=dflt;+
liga;+pnum;+onum;mapping=tex-text;"
(fontspec)             -  (eb/sc) with NFSS spec.: 
(fontspec)             - (eb/it) with NFSS spec.:
(fontspec)             <->s*[1]"[Lato-HeavyItalic.ttf]/OT:script=latn;language=
dflt;+liga;+pnum;+onum;mapping=tex-text;"
(fontspec)             -  (eb/scit) with NFSS spec.: 
(fontspec)             - (ub/n) with NFSS spec.:
(fontspec)             <->s*[1]"[Lato-Black.ttf]/OT:script=latn;language=dflt;+
liga;+pnum;+onum;mapping=tex-text;"
(fontspec)             -  (ub/sc) with NFSS spec.: 
(fontspec)             - (ub/it) with NFSS spec.:
(fontspec)             <->s*[1]"[Lato-BlackItalic.ttf]/OT:script=latn;language=
dflt;+liga;+pnum;+onum;mapping=tex-text;"
(fontspec)             -  (ub/scit) with NFSS spec.: 
(fontspec)             - 'normal' (m/n) with NFSS spec.:
(fontspec)             <->s*[1]"[Lato-Regular.ttf]/OT:script=latn;language=dflt
;+liga;+pnum;+onum;mapping=tex-text;"
(fontspec)             - 'small caps'  (m/sc) with NFSS spec.: 
(fontspec)             - 'italic' (m/it) with NFSS spec.:
(fontspec)             <->s*[1]"[Lato-Italic.ttf]/OT:script=latn;language=dflt;
+liga;+pnum;+onum;mapping=tex-text;"
(fontspec)             - 'italic small caps'  (m/scit) with NFSS spec.: 


Package fontspec Info: Font family 'fla' created for font 'Lato' with options
(fontspec)             [Extension=.ttf,Ligatures={TeX,Common},Scale=1,FontFace=
{ul}{n}{*-Hairline},FontFace={ul}{it}{*-HairlineItalic},FontFace={el}{n}{*-Thin
},FontFace={el}{it}{*-ThinItalic},FontFace={l}{n}{*-Light},FontFace={l}{it}{*-L
ightItalic},UprightFont={*-Regular},ItalicFont={*-Italic},FontFace={mb}{n}{*-Me
dium},FontFace={mb}{it}{*-MediumItalic},FontFace={sb}{n}{*-Semibold},FontFace={
sb}{it}{*-SemiboldItalic},FontFace={b}{n}{*-Bold},FontFace={b}{it}{*-BoldItalic
},BoldFont={*-Bold},BoldItalicFont={*-BoldItalic},FontFace={eb}{n}{*-Heavy},Fon
tFace={eb}{it}{*-HeavyItalic},FontFace={ub}{n}{*-Black},FontFace={ub}{it}{*-Bla
ckItalic},Numbers={Monospaced,Lining},NFSSFamily=fla].
(fontspec)              
(fontspec)              This font family consists of the following NFSS
(fontspec)             series/shapes:
(fontspec)              
(fontspec)             - (ul/n) with NFSS spec.:
(fontspec)             <->s*[1]"[Lato-Hairline.ttf]/OT:script=latn;language=dfl
t;+liga;+tnum;+lnum;mapping=tex-text;"
(fontspec)             -  (ul/sc) with NFSS spec.: 
(fontspec)             - (ul/it) with NFSS spec.:
(fontspec)             <->s*[1]"[Lato-HairlineItalic.ttf]/OT:script=latn;langua
ge=dflt;+liga;+tnum;+lnum;mapping=tex-text;"
(fontspec)             -  (ul/scit) with NFSS spec.: 
(fontspec)             - (el/n) with NFSS spec.:
(fontspec)             <->s*[1]"[Lato-Thin.ttf]/OT:script=latn;language=dflt;+l
iga;+tnum;+lnum;mapping=tex-text;"
(fontspec)             -  (el/sc) with NFSS spec.: 
(fontspec)             - (el/it) with NFSS spec.:
(fontspec)             <->s*[1]"[Lato-ThinItalic.ttf]/OT:script=latn;language=d
flt;+liga;+tnum;+lnum;mapping=tex-text;"
(fontspec)             -  (el/scit) with NFSS spec.: 
(fontspec)             - (l/n) with NFSS spec.:
(fontspec)             <->s*[1]"[Lato-Light.ttf]/OT:script=latn;language=dflt;+
liga;+tnum;+lnum;mapping=tex-text;"
(fontspec)             -  (l/sc) with NFSS spec.: 
(fontspec)             - (l/it) with NFSS spec.:
(fontspec)             <->s*[1]"[Lato-LightItalic.ttf]/OT:script=latn;language=
dflt;+liga;+tnum;+lnum;mapping=tex-text;"
(fontspec)             -  (l/scit) with NFSS spec.: 
(fontspec)             - (mb/n) with NFSS spec.:
(fontspec)             <->s*[1]"[Lato-Medium.ttf]/OT:script=latn;language=dflt;
+liga;+tnum;+lnum;mapping=tex-text;"
(fontspec)             -  (mb/sc) with NFSS spec.: 
(fontspec)             - (mb/it) with NFSS spec.:
(fontspec)             <->s*[1]"[Lato-MediumItalic.ttf]/OT:script=latn;language
=dflt;+liga;+tnum;+lnum;mapping=tex-text;"
(fontspec)             -  (mb/scit) with NFSS spec.: 
(fontspec)             - (sb/n) with NFSS spec.:
(fontspec)             <->s*[1]"[Lato-Semibold.ttf]/OT:script=latn;language=dfl
t;+liga;+tnum;+lnum;mapping=tex-text;"
(fontspec)             -  (sb/sc) with NFSS spec.: 
(fontspec)             - (sb/it) with NFSS spec.:
(fontspec)             <->s*[1]"[Lato-SemiboldItalic.ttf]/OT:script=latn;langua
ge=dflt;+liga;+tnum;+lnum;mapping=tex-text;"
(fontspec)             -  (sb/scit) with NFSS spec.: 
(fontspec)             - 'bold' (b/n) with NFSS spec.:
(fontspec)             <->s*[1]"[Lato-Bold.ttf]/OT:script=latn;language=dflt;+l
iga;+tnum;+lnum;mapping=tex-text;"
(fontspec)             - 'bold small caps'  (b/sc) with NFSS spec.: 
(fontspec)             - 'bold italic' (b/it) with NFSS spec.:
(fontspec)             <->s*[1]"[Lato-BoldItalic.ttf]/OT:script=latn;language=d
flt;+liga;+tnum;+lnum;mapping=tex-text;"
(fontspec)             - 'bold italic small caps'  (b/scit) with NFSS spec.: 
(fontspec)             - (eb/n) with NFSS spec.:
(fontspec)             <->s*[1]"[Lato-Heavy.ttf]/OT:script=latn;language=dflt;+
liga;+tnum;+lnum;mapping=tex-text;"
(fontspec)             -  (eb/sc) with NFSS spec.: 
(fontspec)             - (eb/it) with NFSS spec.:
(fontspec)             <->s*[1]"[Lato-HeavyItalic.ttf]/OT:script=latn;language=
dflt;+liga;+tnum;+lnum;mapping=tex-text;"
(fontspec)             -  (eb/scit) with NFSS spec.: 
(fontspec)             - (ub/n) with NFSS spec.:
(fontspec)             <->s*[1]"[Lato-Black.ttf]/OT:script=latn;language=dflt;+
liga;+tnum;+lnum;mapping=tex-text;"
(fontspec)             -  (ub/sc) with NFSS spec.: 
(fontspec)             - (ub/it) with NFSS spec.:
(fontspec)             <->s*[1]"[Lato-BlackItalic.ttf]/OT:script=latn;language=
dflt;+liga;+tnum;+lnum;mapping=tex-text;"
(fontspec)             -  (ub/scit) with NFSS spec.: 
(fontspec)             - 'normal' (m/n) with NFSS spec.:
(fontspec)             <->s*[1]"[Lato-Regular.ttf]/OT:script=latn;language=dflt
;+liga;+tnum;+lnum;mapping=tex-text;"
(fontspec)             - 'small caps'  (m/sc) with NFSS spec.: 
(fontspec)             - 'italic' (m/it) with NFSS spec.:
(fontspec)             <->s*[1]"[Lato-Italic.ttf]/OT:script=latn;language=dflt;
+liga;+tnum;+lnum;mapping=tex-text;"
(fontspec)             - 'italic small caps'  (m/scit) with NFSS spec.: 

)
(/usr/local/texlive/2023basic/texmf-dist/tex/latex/graphics/graphicx.sty
Package: graphicx 2021/09/16 v1.2d Enhanced LaTeX Graphics (DPC,SPQR)

(/usr/local/texlive/2023basic/texmf-dist/tex/latex/graphics/graphics.sty
Package: graphics 2022/03/10 v1.4e Standard LaTeX Graphics (DPC,SPQR)

(/usr/local/texlive/2023basic/texmf-dist/tex/latex/graphics/trig.sty
Package: trig 2021/08/11 v1.11 sin cos tan (DPC)
)
(/usr/local/texlive/2023basic/texmf-dist/tex/latex/graphics-cfg/graphics.cfg
File: graphics.cfg 2016/06/04 v1.11 sample graphics configuration
)
Package graphics Info: Driver file: xetex.def on input line 107.

(/usr/local/texlive/2023basic/texmf-dist/tex/latex/graphics-def/xetex.def
File: xetex.def 2022/09/22 v5.0n Graphics/color driver for xetex
))
\Gin@req@height=\dimen188
\Gin@req@width=\dimen189
)
(/usr/local/texlive/2023basic/texmf-dist/tex/latex/xcolor/xcolor.sty
Package: xcolor 2023/11/15 v3.01 LaTeX color extensions (UK)

(/usr/local/texlive/2023basic/texmf-dist/tex/latex/graphics-cfg/color.cfg
File: color.cfg 2016/01/02 v1.6 sample color configuration
)
Package xcolor Info: Driver file: xetex.def on input line 274.

(/usr/local/texlive/2023basic/texmf-dist/tex/latex/graphics/mathcolor.ltx)
Package xcolor Info: Model `cmy' substituted by `cmy0' on input line 1350.
Package xcolor Info: Model `RGB' extended on input line 1366.
Package xcolor Info: Model `HTML' substituted by `rgb' on input line 1368.
Package xcolor Info: Model `Hsb' substituted by `hsb' on input line 1369.
Package xcolor Info: Model `tHsb' substituted by `hsb' on input line 1370.
Package xcolor Info: Model `HSB' substituted by `hsb' on input line 1371.
Package xcolor Info: Model `Gray' substituted by `gray' on input line 1372.
Package xcolor Info: Model `wave' substituted by `hsb' on input line 1373.
)
(/usr/local/texlive/2023basic/texmf-dist/tex/latex/colortbl/colortbl.sty
Package: colortbl 2022/06/20 v1.0f Color table columns (DPC)
\everycr=\toks30
\minrowclearance=\skip190
\rownum=\count325
)
(/usr/local/texlive/2023basic/texmf-dist/tex/latex/url/url.sty
\Urlmuskip=\muskip16
Package: url 2013/09/16  ver 3.4  Verb mode for urls, etc.
)
(/usr/local/texlive/2023basic/texmf-dist/tex/latex/hyperref/hyperref.sty
Package: hyperref 2023-11-26 v7.01g Hypertext links for LaTeX

(/usr/local/texlive/2023basic/texmf-dist/tex/generic/kvdefinekeys/kvdefinekeys.
sty
Package: kvdefinekeys 2019-12-19 v1.6 Define keys (HO)
)
(/usr/local/texlive/2023basic/texmf-dist/tex/generic/pdfescape/pdfescape.sty
Package: pdfescape 2019/12/09 v1.15 Implements pdfTeX's escape features (HO)

(/usr/local/texlive/2023basic/texmf-dist/tex/generic/pdftexcmds/pdftexcmds.sty
Package: pdftexcmds 2020-06-27 v0.33 Utility functions of pdfTeX for LuaTeX (HO
)
Package pdftexcmds Info: \pdf@primitive is available.
Package pdftexcmds Info: \pdf@ifprimitive is available.
Package pdftexcmds Info: \pdfdraftmode not found.
)) (/usr/local/texlive/2023basic/texmf-dist/tex/latex/hycolor/hycolor.sty
Package: hycolor 2020-01-27 v1.10 Color options for hyperref/bookmark (HO)
)
(/usr/local/texlive/2023basic/texmf-dist/tex/latex/letltxmacro/letltxmacro.sty
Package: letltxmacro 2019/12/03 v1.6 Let assignment for LaTeX macros (HO)
) (/usr/local/texlive/2023basic/texmf-dist/tex/latex/auxhook/auxhook.sty
Package: auxhook 2019-12-17 v1.6 Hooks for auxiliary files (HO)
)
\@linkdim=\dimen190
\Hy@linkcounter=\count326
\Hy@pagecounter=\count327

(/usr/local/texlive/2023basic/texmf-dist/tex/latex/hyperref/pd1enc.def
File: pd1enc.def 2023-11-26 v7.01g Hyperref: PDFDocEncoding definition (HO)
)
(/usr/local/texlive/2023basic/texmf-dist/tex/generic/intcalc/intcalc.sty
Package: intcalc 2019/12/15 v1.3 Expandable calculations with integers (HO)
)
\Hy@SavedSpaceFactor=\count328

(/usr/local/texlive/2023basic/texmf-dist/tex/latex/hyperref/puenc.def
File: puenc.def 2023-11-26 v7.01g Hyperref: PDF Unicode definition (HO)
)
Package hyperref Info: Option `hyperindex' set `true' on input line 4064.
Package hyperref Info: Hyper figures OFF on input line 4181.
Package hyperref Info: Link nesting OFF on input line 4186.
Package hyperref Info: Hyper index ON on input line 4189.
Package hyperref Info: Plain pages OFF on input line 4196.
Package hyperref Info: Backreferencing OFF on input line 4201.
Package hyperref Info: Implicit mode ON; LaTeX internals redefined.
Package hyperref Info: Bookmarks ON on input line 4448.
\c@Hy@tempcnt=\count329
LaTeX Info: Redefining \url on input line 4786.
\XeTeXLinkMargin=\dimen191
Requested font "pzdr" at 0.00002pt
 -> /usr/local/texlive/2023basic/texmf-dist/fonts/tfm/adobe/zapfding/pzdr.tfm

(/usr/local/texlive/2023basic/texmf-dist/tex/generic/bitset/bitset.sty
Package: bitset 2019/12/09 v1.3 Handle bit-vector datatype (HO)

(/usr/local/texlive/2023basic/texmf-dist/tex/generic/bigintcalc/bigintcalc.sty
Package: bigintcalc 2019/12/15 v1.5 Expandable calculations on big integers (HO
)
))
\Fld@menulength=\count330
\Field@Width=\dimen192
\Fld@charsize=\dimen193
Package hyperref Info: Hyper figures OFF on input line 6065.
Package hyperref Info: Link nesting OFF on input line 6070.
Package hyperref Info: Hyper index ON on input line 6073.
Package hyperref Info: backreferencing OFF on input line 6080.
Package hyperref Info: Link coloring OFF on input line 6085.
Package hyperref Info: Link coloring with OCG OFF on input line 6090.
Package hyperref Info: PDF/A mode OFF on input line 6095.
 (/usr/local/texlive/2023basic/texmf-dist/tex/latex/base/atbegshi-ltx.sty
Package: atbegshi-ltx 2021/01/10 v1.0c Emulation of the original atbegshi
package with kernel methods
)
\Hy@abspage=\count331
\c@Item=\count332
\c@Hfootnote=\count333
)
Package hyperref Info: Driver (autodetected): hxetex.

(/usr/local/texlive/2023basic/texmf-dist/tex/latex/hyperref/hxetex.def
File: hxetex.def 2023-11-26 v7.01g Hyperref driver for XeTeX

(/usr/local/texlive/2023basic/texmf-dist/tex/generic/stringenc/stringenc.sty
Package: stringenc 2019/11/29 v1.12 Convert strings between diff. encodings (HO
)
)
\pdfm@box=\box57
\c@Hy@AnnotLevel=\count334
\HyField@AnnotCount=\count335
\Fld@listcount=\count336
\c@bookmark@seq@number=\count337

(/usr/local/texlive/2023basic/texmf-dist/tex/latex/rerunfilecheck/rerunfilechec
k.sty
Package: rerunfilecheck 2022-07-10 v1.10 Rerun checks for auxiliary files (HO)
 (/usr/local/texlive/2023basic/texmf-dist/tex/latex/base/atveryend-ltx.sty
Package: atveryend-ltx 2020/08/19 v1.0a Emulation of the original atveryend pac
kage
with kernel methods
)
(/usr/local/texlive/2023basic/texmf-dist/tex/generic/uniquecounter/uniquecounte
r.sty
Package: uniquecounter 2019/12/15 v1.4 Provide unlimited unique counter (HO)
)
Package uniquecounter Info: New unique counter `rerunfilecheck' on input line 2
85.
)
\Hy@SectionHShift=\skip191
) (/usr/local/texlive/2023basic/texmf-dist/tex/latex/memoir/memhfixc.sty
Package: memhfixc 2023/07/28 v1.21 hyperref package fixes for memoir class
\c@memhycontfloat=\count338
\c@Hpagenote=\count339
) (/usr/local/texlive/2023basic/texmf-dist/tex/latex/listings/listings.sty
\lst@mode=\count340
\lst@gtempboxa=\box58
\lst@token=\toks31
\lst@length=\count341
\lst@currlwidth=\dimen194
\lst@column=\count342
\lst@pos=\count343
\lst@lostspace=\dimen195
\lst@width=\dimen196
\lst@newlines=\count344
\lst@lineno=\count345
\lst@maxwidth=\dimen197

(/usr/local/texlive/2023basic/texmf-dist/tex/latex/listings/lstmisc.sty
File: lstmisc.sty 2023/02/27 1.9 (Carsten Heinz)
\c@lstnumber=\count346
\lst@skipnumbers=\count347
\lst@framebox=\box59
)
(/usr/local/texlive/2023basic/texmf-dist/tex/latex/listings/listings.cfg
File: listings.cfg 2023/02/27 1.9 listings configuration
))
Package: listings 2023/02/27 1.9 (Carsten Heinz)

(/usr/local/texlive/2023basic/texmf-dist/tex/latex/pgf/frontendlayer/tikz.sty
(/usr/local/texlive/2023basic/texmf-dist/tex/latex/pgf/basiclayer/pgf.sty
(/usr/local/texlive/2023basic/texmf-dist/tex/latex/pgf/utilities/pgfrcs.sty
(/usr/local/texlive/2023basic/texmf-dist/tex/generic/pgf/utilities/pgfutil-comm
on.tex
\pgfutil@everybye=\toks32
\pgfutil@tempdima=\dimen198
\pgfutil@tempdimb=\dimen199
)
(/usr/local/texlive/2023basic/texmf-dist/tex/generic/pgf/utilities/pgfutil-late
x.def
\pgfutil@abb=\box60
)
(/usr/local/texlive/2023basic/texmf-dist/tex/generic/pgf/utilities/pgfrcs.code.
tex (/usr/local/texlive/2023basic/texmf-dist/tex/generic/pgf/pgf.revision.tex)
Package: pgfrcs 2023-01-15 v3.1.10 (3.1.10)
))
Package: pgf 2023-01-15 v3.1.10 (3.1.10)
 (/usr/local/texlive/2023basic/texmf-dist/tex/latex/pgf/basiclayer/pgfcore.sty 
(/usr/local/texlive/2023basic/texmf-dist/tex/latex/pgf/systemlayer/pgfsys.sty
(/usr/local/texlive/2023basic/texmf-dist/tex/generic/pgf/systemlayer/pgfsys.cod
e.tex
Package: pgfsys 2023-01-15 v3.1.10 (3.1.10)

(/usr/local/texlive/2023basic/texmf-dist/tex/generic/pgf/utilities/pgfkeys.code
.tex
\pgfkeys@pathtoks=\toks33
\pgfkeys@temptoks=\toks34

(/usr/local/texlive/2023basic/texmf-dist/tex/generic/pgf/utilities/pgfkeyslibra
ryfiltered.code.tex
\pgfkeys@tmptoks=\toks35
))
\pgf@x=\dimen256
\pgf@y=\dimen257
\pgf@xa=\dimen258
\pgf@ya=\dimen259
\pgf@xb=\dimen260
\pgf@yb=\dimen261
\pgf@xc=\dimen262
\pgf@yc=\dimen263
\pgf@xd=\dimen264
\pgf@yd=\dimen265
\w@pgf@writea=\write4
\r@pgf@reada=\read3
\c@pgf@counta=\count348
\c@pgf@countb=\count349
\c@pgf@countc=\count350
\c@pgf@countd=\count351
\t@pgf@toka=\toks36
\t@pgf@tokb=\toks37
\t@pgf@tokc=\toks38
\pgf@sys@id@count=\count352

(/usr/local/texlive/2023basic/texmf-dist/tex/generic/pgf/systemlayer/pgf.cfg
File: pgf.cfg 2023-01-15 v3.1.10 (3.1.10)
)
Driver file for pgf: pgfsys-xetex.def

(/usr/local/texlive/2023basic/texmf-dist/tex/generic/pgf/systemlayer/pgfsys-xet
ex.def
File: pgfsys-xetex.def 2023-01-15 v3.1.10 (3.1.10)

(/usr/local/texlive/2023basic/texmf-dist/tex/generic/pgf/systemlayer/pgfsys-dvi
pdfmx.def
File: pgfsys-dvipdfmx.def 2023-01-15 v3.1.10 (3.1.10)

(/usr/local/texlive/2023basic/texmf-dist/tex/generic/pgf/systemlayer/pgfsys-com
mon-pdf.def
File: pgfsys-common-pdf.def 2023-01-15 v3.1.10 (3.1.10)
)
\pgfsys@objnum=\count353
)))
(/usr/local/texlive/2023basic/texmf-dist/tex/generic/pgf/systemlayer/pgfsyssoft
path.code.tex
File: pgfsyssoftpath.code.tex 2023-01-15 v3.1.10 (3.1.10)
\pgfsyssoftpath@smallbuffer@items=\count354
\pgfsyssoftpath@bigbuffer@items=\count355
)
(/usr/local/texlive/2023basic/texmf-dist/tex/generic/pgf/systemlayer/pgfsysprot
ocol.code.tex
File: pgfsysprotocol.code.tex 2023-01-15 v3.1.10 (3.1.10)
))
(/usr/local/texlive/2023basic/texmf-dist/tex/generic/pgf/basiclayer/pgfcore.cod
e.tex
Package: pgfcore 2023-01-15 v3.1.10 (3.1.10)

(/usr/local/texlive/2023basic/texmf-dist/tex/generic/pgf/math/pgfmath.code.tex
(/usr/local/texlive/2023basic/texmf-dist/tex/generic/pgf/math/pgfmathutil.code.
tex)
(/usr/local/texlive/2023basic/texmf-dist/tex/generic/pgf/math/pgfmathparser.cod
e.tex
\pgfmath@dimen=\dimen266
\pgfmath@count=\count356
\pgfmath@box=\box61
\pgfmath@toks=\toks39
\pgfmath@stack@operand=\toks40
\pgfmath@stack@operation=\toks41
)
(/usr/local/texlive/2023basic/texmf-dist/tex/generic/pgf/math/pgfmathfunctions.
code.tex)
(/usr/local/texlive/2023basic/texmf-dist/tex/generic/pgf/math/pgfmathfunctions.
basic.code.tex)
(/usr/local/texlive/2023basic/texmf-dist/tex/generic/pgf/math/pgfmathfunctions.
trigonometric.code.tex)
(/usr/local/texlive/2023basic/texmf-dist/tex/generic/pgf/math/pgfmathfunctions.
random.code.tex)
(/usr/local/texlive/2023basic/texmf-dist/tex/generic/pgf/math/pgfmathfunctions.
comparison.code.tex)
(/usr/local/texlive/2023basic/texmf-dist/tex/generic/pgf/math/pgfmathfunctions.
base.code.tex)
(/usr/local/texlive/2023basic/texmf-dist/tex/generic/pgf/math/pgfmathfunctions.
round.code.tex)
(/usr/local/texlive/2023basic/texmf-dist/tex/generic/pgf/math/pgfmathfunctions.
misc.code.tex)
(/usr/local/texlive/2023basic/texmf-dist/tex/generic/pgf/math/pgfmathfunctions.
integerarithmetics.code.tex)
(/usr/local/texlive/2023basic/texmf-dist/tex/generic/pgf/math/pgfmathcalc.code.
tex)
(/usr/local/texlive/2023basic/texmf-dist/tex/generic/pgf/math/pgfmathfloat.code
.tex
\c@pgfmathroundto@lastzeros=\count357
))
(/usr/local/texlive/2023basic/texmf-dist/tex/generic/pgf/math/pgfint.code.tex)
(/usr/local/texlive/2023basic/texmf-dist/tex/generic/pgf/basiclayer/pgfcorepoin
ts.code.tex
File: pgfcorepoints.code.tex 2023-01-15 v3.1.10 (3.1.10)
\pgf@picminx=\dimen267
\pgf@picmaxx=\dimen268
\pgf@picminy=\dimen269
\pgf@picmaxy=\dimen270
\pgf@pathminx=\dimen271
\pgf@pathmaxx=\dimen272
\pgf@pathminy=\dimen273
\pgf@pathmaxy=\dimen274
\pgf@xx=\dimen275
\pgf@xy=\dimen276
\pgf@yx=\dimen277
\pgf@yy=\dimen278
\pgf@zx=\dimen279
\pgf@zy=\dimen280
)
(/usr/local/texlive/2023basic/texmf-dist/tex/generic/pgf/basiclayer/pgfcorepath
construct.code.tex
File: pgfcorepathconstruct.code.tex 2023-01-15 v3.1.10 (3.1.10)
\pgf@path@lastx=\dimen281
\pgf@path@lasty=\dimen282
)
(/usr/local/texlive/2023basic/texmf-dist/tex/generic/pgf/basiclayer/pgfcorepath
usage.code.tex
File: pgfcorepathusage.code.tex 2023-01-15 v3.1.10 (3.1.10)
\pgf@shorten@end@additional=\dimen283
\pgf@shorten@start@additional=\dimen284
)
(/usr/local/texlive/2023basic/texmf-dist/tex/generic/pgf/basiclayer/pgfcorescop
es.code.tex
File: pgfcorescopes.code.tex 2023-01-15 v3.1.10 (3.1.10)
\pgfpic=\box62
\pgf@hbox=\box63
\pgf@layerbox@main=\box64
\pgf@picture@serial@count=\count358
)
(/usr/local/texlive/2023basic/texmf-dist/tex/generic/pgf/basiclayer/pgfcoregrap
hicstate.code.tex
File: pgfcoregraphicstate.code.tex 2023-01-15 v3.1.10 (3.1.10)
\pgflinewidth=\dimen285
)
(/usr/local/texlive/2023basic/texmf-dist/tex/generic/pgf/basiclayer/pgfcoretran
sformations.code.tex
File: pgfcoretransformations.code.tex 2023-01-15 v3.1.10 (3.1.10)
\pgf@pt@x=\dimen286
\pgf@pt@y=\dimen287
\pgf@pt@temp=\dimen288
)
(/usr/local/texlive/2023basic/texmf-dist/tex/generic/pgf/basiclayer/pgfcorequic
k.code.tex
File: pgfcorequick.code.tex 2023-01-15 v3.1.10 (3.1.10)
)
(/usr/local/texlive/2023basic/texmf-dist/tex/generic/pgf/basiclayer/pgfcoreobje
cts.code.tex
File: pgfcoreobjects.code.tex 2023-01-15 v3.1.10 (3.1.10)
)
(/usr/local/texlive/2023basic/texmf-dist/tex/generic/pgf/basiclayer/pgfcorepath
processing.code.tex
File: pgfcorepathprocessing.code.tex 2023-01-15 v3.1.10 (3.1.10)
)
(/usr/local/texlive/2023basic/texmf-dist/tex/generic/pgf/basiclayer/pgfcorearro
ws.code.tex
File: pgfcorearrows.code.tex 2023-01-15 v3.1.10 (3.1.10)
\pgfarrowsep=\dimen289
)
(/usr/local/texlive/2023basic/texmf-dist/tex/generic/pgf/basiclayer/pgfcoreshad
e.code.tex
File: pgfcoreshade.code.tex 2023-01-15 v3.1.10 (3.1.10)
\pgf@max=\dimen290
\pgf@sys@shading@range@num=\count359
\pgf@shadingcount=\count360
)
(/usr/local/texlive/2023basic/texmf-dist/tex/generic/pgf/basiclayer/pgfcoreimag
e.code.tex
File: pgfcoreimage.code.tex 2023-01-15 v3.1.10 (3.1.10)
)
(/usr/local/texlive/2023basic/texmf-dist/tex/generic/pgf/basiclayer/pgfcoreexte
rnal.code.tex
File: pgfcoreexternal.code.tex 2023-01-15 v3.1.10 (3.1.10)
\pgfexternal@startupbox=\box65
)
(/usr/local/texlive/2023basic/texmf-dist/tex/generic/pgf/basiclayer/pgfcorelaye
rs.code.tex
File: pgfcorelayers.code.tex 2023-01-15 v3.1.10 (3.1.10)
)
(/usr/local/texlive/2023basic/texmf-dist/tex/generic/pgf/basiclayer/pgfcoretran
sparency.code.tex
File: pgfcoretransparency.code.tex 2023-01-15 v3.1.10 (3.1.10)
)
(/usr/local/texlive/2023basic/texmf-dist/tex/generic/pgf/basiclayer/pgfcorepatt
erns.code.tex
File: pgfcorepatterns.code.tex 2023-01-15 v3.1.10 (3.1.10)
)
(/usr/local/texlive/2023basic/texmf-dist/tex/generic/pgf/basiclayer/pgfcorerdf.
code.tex
File: pgfcorerdf.code.tex 2023-01-15 v3.1.10 (3.1.10)
)))
(/usr/local/texlive/2023basic/texmf-dist/tex/generic/pgf/modules/pgfmoduleshape
s.code.tex
File: pgfmoduleshapes.code.tex 2023-01-15 v3.1.10 (3.1.10)
\pgfnodeparttextbox=\box66
)
(/usr/local/texlive/2023basic/texmf-dist/tex/generic/pgf/modules/pgfmoduleplot.
code.tex
File: pgfmoduleplot.code.tex 2023-01-15 v3.1.10 (3.1.10)
)
(/usr/local/texlive/2023basic/texmf-dist/tex/latex/pgf/compatibility/pgfcomp-ve
rsion-0-65.sty
Package: pgfcomp-version-0-65 2023-01-15 v3.1.10 (3.1.10)
\pgf@nodesepstart=\dimen291
\pgf@nodesepend=\dimen292
)
(/usr/local/texlive/2023basic/texmf-dist/tex/latex/pgf/compatibility/pgfcomp-ve
rsion-1-18.sty
Package: pgfcomp-version-1-18 2023-01-15 v3.1.10 (3.1.10)
))
(/usr/local/texlive/2023basic/texmf-dist/tex/latex/pgf/utilities/pgffor.sty
(/usr/local/texlive/2023basic/texmf-dist/tex/latex/pgf/utilities/pgfkeys.sty
(/usr/local/texlive/2023basic/texmf-dist/tex/generic/pgf/utilities/pgfkeys.code
.tex)) (/usr/local/texlive/2023basic/texmf-dist/tex/latex/pgf/math/pgfmath.sty
(/usr/local/texlive/2023basic/texmf-dist/tex/generic/pgf/math/pgfmath.code.tex)
)
(/usr/local/texlive/2023basic/texmf-dist/tex/generic/pgf/utilities/pgffor.code.
tex
Package: pgffor 2023-01-15 v3.1.10 (3.1.10)
\pgffor@iter=\dimen293
\pgffor@skip=\dimen294
\pgffor@stack=\toks42
\pgffor@toks=\toks43
))
(/usr/local/texlive/2023basic/texmf-dist/tex/generic/pgf/frontendlayer/tikz/tik
z.code.tex
Package: tikz 2023-01-15 v3.1.10 (3.1.10)

(/usr/local/texlive/2023basic/texmf-dist/tex/generic/pgf/libraries/pgflibrarypl
othandlers.code.tex
File: pgflibraryplothandlers.code.tex 2023-01-15 v3.1.10 (3.1.10)
\pgf@plot@mark@count=\count361
\pgfplotmarksize=\dimen295
)
\tikz@lastx=\dimen296
\tikz@lasty=\dimen297
\tikz@lastxsaved=\dimen298
\tikz@lastysaved=\dimen299
\tikz@lastmovetox=\dimen300
\tikz@lastmovetoy=\dimen301
\tikzleveldistance=\dimen302
\tikzsiblingdistance=\dimen303
\tikz@figbox=\box67
\tikz@figbox@bg=\box68
\tikz@tempbox=\box69
\tikz@tempbox@bg=\box70
\tikztreelevel=\count362
\tikznumberofchildren=\count363
\tikznumberofcurrentchild=\count364
\tikz@fig@count=\count365

(/usr/local/texlive/2023basic/texmf-dist/tex/generic/pgf/modules/pgfmodulematri
x.code.tex
File: pgfmodulematrix.code.tex 2023-01-15 v3.1.10 (3.1.10)
\pgfmatrixcurrentrow=\count366
\pgfmatrixcurrentcolumn=\count367
\pgf@matrix@numberofcolumns=\count368
)
\tikz@expandcount=\count369

(/usr/local/texlive/2023basic/texmf-dist/tex/generic/pgf/frontendlayer/tikz/lib
raries/tikzlibrarytopaths.code.tex
File: tikzlibrarytopaths.code.tex 2023-01-15 v3.1.10 (3.1.10)
)))
(/usr/local/texlive/2023basic/texmf-dist/tex/generic/pgf/frontendlayer/tikz/lib
raries/tikzlibrarypositioning.code.tex
File: tikzlibrarypositioning.code.tex 2023-01-15 v3.1.10 (3.1.10)
)
(/usr/local/texlive/2023basic/texmf-dist/tex/generic/pgf/frontendlayer/tikz/lib
raries/tikzlibraryarrows.code.tex
File: tikzlibraryarrows.code.tex 2023-01-15 v3.1.10 (3.1.10)

(/usr/local/texlive/2023basic/texmf-dist/tex/generic/pgf/libraries/pgflibraryar
rows.code.tex
File: pgflibraryarrows.code.tex 2023-01-15 v3.1.10 (3.1.10)
\arrowsize=\dimen304
))
(/usr/local/texlive/2023basic/texmf-dist/tex/latex/datetime/datetime.sty
Package: datetime 2015/03/20 v2.60 Date Time Package

(/usr/local/texlive/2023basic/texmf-dist/tex/latex/fmtcount/fmtcount.sty
Invalid UTF-8 byte or sequence at line 10 replaced by U+FFFD.
Invalid UTF-8 byte or sequence at line 22 replaced by U+FFFD.
Package: fmtcount 2020/01/30 v3.07

(/usr/local/texlive/2023basic/texmf-dist/tex/latex/base/ifthen.sty
Package: ifthen 2022/04/13 v1.1d Standard LaTeX ifthen package (DPC)
)
(/usr/local/texlive/2023basic/texmf-dist/tex/latex/fmtcount/fcprefix.sty
Invalid UTF-8 byte or sequence at line 10 replaced by U+FFFD.
Invalid UTF-8 byte or sequence at line 22 replaced by U+FFFD.
Package: fcprefix 2012/09/28

(/usr/local/texlive/2023basic/texmf-dist/tex/latex/fmtcount/fcnumparser.sty
Invalid UTF-8 byte or sequence at line 10 replaced by U+FFFD.
Invalid UTF-8 byte or sequence at line 22 replaced by U+FFFD.
Package: fcnumparser 2017/06/15
\fc@digit@counter=\count370
))
(/usr/local/texlive/2023basic/texmf-dist/tex/latex/amsmath/amsgen.sty
File: amsgen.sty 1999/11/30 v2.0 generic functions
\@emptytoks=\toks44
\ex@=\dimen305
)
\c@padzeroesN=\count371
\fc@tmpcatcode=\count372
\@DT@modctr=\count373
\@ordinalctr=\count374
\@orgargctr=\count375
\@strctr=\count376
\@tmpstrctr=\count377
\@DT@loopN=\count378
\@DT@X=\count379


Package fmtcount Warning: \ordinal already defined use \FCordinal instead. on i
nput line 466.

)
(/usr/local/texlive/2023basic/texmf-dist/tex/latex/datetime/datetime-defaults.s
ty
Package: datetime-defaults 2013/09/10
)
\@day=\count380
\@month=\count381
\@year=\count382
\c@HOUR=\count383
\c@HOURXII=\count384
\c@MINUTE=\count385
\c@TOHOUR=\count386
\c@TOMINUTE=\count387
\c@SECOND=\count388
\currenthour=\count389
\currentminute=\count390
\currentsecond=\count391
Package datetime Info: No datetime.cfg file found, using default settings on in
put line 308.
\@dtctr=\count392
\dayofyear=\count393
\dayofweek=\count394
LaTeX Info: Redefining \today on input line 736.
\dt@a=\toks45
\dt@b=\toks46
) (/usr/local/texlive/2023basic/texmf-dist/tex/latex/tcolorbox/tcolorbox.sty
Package: tcolorbox 2023/09/26 version 6.1.0 text color boxes
(/usr/local/texlive/2023basic/texmf-dist/tex/latex/environ/environ.sty
Package: environ 2014/05/04 v0.3 A new way to define environments

(/usr/local/texlive/2023basic/texmf-dist/tex/latex/trimspaces/trimspaces.sty
Package: trimspaces 2009/09/17 v1.1 Trim spaces around a token list
)
\@envbody=\toks47
)
\tcb@titlebox=\box71
\tcb@upperbox=\box72
\tcb@lowerbox=\box73
\tcb@phantombox=\box74
\c@tcbbreakpart=\count395
\c@tcblayer=\count396
\c@tcolorbox@number=\count397
\tcb@temp=\box75
\tcb@temp=\box76
\tcb@temp=\box77
\tcb@temp=\box78

(/usr/local/texlive/2023basic/texmf-dist/tex/latex/tcolorbox/tcbraster.code.tex
Library (tcolorbox): 'tcbraster.code.tex' version '6.1.0'
\c@tcbrastercolumn=\count398
\c@tcbrasterrow=\count399
\c@tcbrasternum=\count400
\c@tcbraster=\count401
)
(/usr/local/texlive/2023basic/texmf-dist/tex/latex/tcolorbox/tcbskins.code.tex
Library (tcolorbox): 'tcbskins.code.tex' version '6.1.0'
(/usr/local/texlive/2023basic/texmf-dist/tex/latex/tikzfill/tikzfill.image.sty
Package: tikzfill.image 2023/08/08 v1.0.1 Image filling library for TikZ

(/usr/local/texlive/2023basic/texmf-dist/tex/latex/tikzfill/tikzfill-common.sty
Package: tikzfill-common 2023/08/08 v1.0.1 Auxiliary code for tikzfill
)
(/usr/local/texlive/2023basic/texmf-dist/tex/latex/tikzfill/tikzlibraryfill.ima
ge.code.tex
File: tikzlibraryfill.image.code.tex 2023/08/08 v1.0.1 Image filling library
\l__tikzfill_img_box=\box79
))
(/usr/local/texlive/2023basic/texmf-dist/tex/latex/tcolorbox/tcbskinsjigsaw.cod
e.tex
Library (tcolorbox): 'tcbskinsjigsaw.code.tex' version '6.1.0'
))
(/usr/local/texlive/2023basic/texmf-dist/tex/latex/tcolorbox/tcbbreakable.code.
tex
Library (tcolorbox): 'tcbbreakable.code.tex' version '6.1.0'
(/usr/local/texlive/2023basic/texmf-dist/tex/latex/pdfcol/pdfcol.sty
Package: pdfcol 2022-09-21 v1.7 Handle new color stacks for pdfTeX (HO)
Package pdfcol Info: Interface disabled because of missing PDF mode of pdfTeX.
)
Package pdfcol Info: pdfTeX's color stacks are not available.
\tcb@testbox=\box80
\tcb@totalupperbox=\box81
\tcb@totallowerbox=\box82
)
(/usr/local/texlive/2023basic/texmf-dist/tex/latex/tcolorbox/tcbhooks.code.tex
Library (tcolorbox): 'tcbhooks.code.tex' version '6.1.0'
)
(/usr/local/texlive/2023basic/texmf-dist/tex/latex/tcolorbox/tcbtheorems.code.t
ex
Library (tcolorbox): 'tcbtheorems.code.tex' version '6.1.0'
(/usr/local/texlive/2023basic/texmf-dist/tex/latex/amsmath/amsmath.sty
Package: amsmath 2023/05/13 v2.17o AMS math features
\@mathmargin=\skip192

For additional information on amsmath, use the `?' option.
(/usr/local/texlive/2023basic/texmf-dist/tex/latex/amsmath/amstext.sty
Package: amstext 2021/08/26 v2.01 AMS text
)
(/usr/local/texlive/2023basic/texmf-dist/tex/latex/amsmath/amsbsy.sty
Package: amsbsy 1999/11/29 v1.2d Bold Symbols
\pmbraise@=\dimen306
)
(/usr/local/texlive/2023basic/texmf-dist/tex/latex/amsmath/amsopn.sty
Package: amsopn 2022/04/08 v2.04 operator names
)
\inf@bad=\count402
LaTeX Info: Redefining \frac on input line 234.
\uproot@=\count403
\leftroot@=\count404
LaTeX Info: Redefining \overline on input line 399.
LaTeX Info: Redefining \colon on input line 410.
\classnum@=\count405
\DOTSCASE@=\count406
LaTeX Info: Redefining \ldots on input line 496.
LaTeX Info: Redefining \dots on input line 499.
LaTeX Info: Redefining \cdots on input line 620.
\Mathstrutbox@=\box83
\strutbox@=\box84
LaTeX Info: Redefining \big on input line 722.
LaTeX Info: Redefining \Big on input line 723.
LaTeX Info: Redefining \bigg on input line 724.
LaTeX Info: Redefining \Bigg on input line 725.
\big@size=\dimen307
LaTeX Font Info:    Redeclaring font encoding OML on input line 743.
LaTeX Font Info:    Redeclaring font encoding OMS on input line 744.
\macc@depth=\count407
LaTeX Info: Redefining \bmod on input line 905.
LaTeX Info: Redefining \pmod on input line 910.
LaTeX Info: Redefining \smash on input line 940.
LaTeX Info: Redefining \relbar on input line 970.
LaTeX Info: Redefining \Relbar on input line 971.
\c@MaxMatrixCols=\count408
\dotsspace@=\muskip17
\c@parentequation=\count409
\dspbrk@lvl=\count410
\tag@help=\toks48
\row@=\count411
\column@=\count412
\maxfields@=\count413
\andhelp@=\toks49
\eqnshift@=\dimen308
\alignsep@=\dimen309
\tagshift@=\dimen310
\tagwidth@=\dimen311
\totwidth@=\dimen312
\lineht@=\dimen313
\@envbody=\toks50
\multlinegap=\skip193
\multlinetaggap=\skip194
\mathdisplay@stack=\toks51
LaTeX Info: Redefining \[ on input line 2953.
LaTeX Info: Redefining \] on input line 2954.
))
(/usr/local/texlive/2023basic/texmf-dist/tex/latex/tcolorbox/tcbfitting.code.te
x
Library (tcolorbox): 'tcbfitting.code.tex' version '6.1.0'
\tcbfitdim=\dimen314
\tcb@lowerfitdim=\dimen315
\tcb@upperfitdim=\dimen316
\tcb@cur@hbadness=\count414
)
(/usr/local/texlive/2023basic/texmf-dist/tex/latex/tcolorbox/tcblistingsutf8.co
de.tex
Library (tcolorbox): 'tcblistingsutf8.code.tex' version '6.1.0'

(/usr/local/texlive/2023basic/texmf-dist/tex/latex/tcolorbox/tcblistings.code.t
ex
Library (tcolorbox): 'tcblistings.code.tex' version '6.1.0'

(/usr/local/texlive/2023basic/texmf-dist/tex/latex/tcolorbox/tcblistingscore.co
de.tex
Library (tcolorbox): 'tcblistingscore.code.tex' version '6.1.0'

(/usr/local/texlive/2023basic/texmf-dist/tex/latex/tcolorbox/tcbprocessing.code
.tex
Library (tcolorbox): 'tcbprocessing.code.tex' version '6.1.0'
(/usr/local/texlive/2023basic/texmf-dist/tex/latex/tools/shellesc.sty
Package: shellesc 2023/07/08 v1.0d unified shell escape interface for LaTeX
Package shellesc Info: Restricted shell escape enabled on input line 77.
))
\c@tcblisting=\count415
))
Package tcolorbox Info: Library `listingsutf8' is compatible with pdftex only. 
Library `listings` is loaded instead. on input line 29.
)
(/usr/local/texlive/2023basic/texmf-dist/tex/latex/tcolorbox/tcbexternal.code.t
ex
Library (tcolorbox): 'tcbexternal.code.tex' version '6.1.0'
)
(/usr/local/texlive/2023basic/texmf-dist/tex/latex/tcolorbox/tcbmagazine.code.t
ex
Library (tcolorbox): 'tcbmagazine.code.tex' version '6.1.0'
)
(/usr/local/texlive/2023basic/texmf-dist/tex/latex/tcolorbox/tcbvignette.code.t
ex
Library (tcolorbox): 'tcbvignette.code.tex' version '6.1.0'

(/usr/local/texlive/2023basic/texmf-dist/tex/generic/pgf/frontendlayer/tikz/lib
raries/tikzlibraryfadings.code.tex
File: tikzlibraryfadings.code.tex 2023-01-15 v3.1.10 (3.1.10)

(/usr/local/texlive/2023basic/texmf-dist/tex/generic/pgf/libraries/pgflibraryfa
dings.code.tex
File: pgflibraryfadings.code.tex 2023-01-15 v3.1.10 (3.1.10)
)))
(/usr/local/texlive/2023basic/texmf-dist/tex/latex/tcolorbox/tcbposter.code.tex
Library (tcolorbox): 'tcbposter.code.tex' version '6.1.0'
)) (/usr/local/texlive/2023basic/texmf-dist/tex/latex/base/textcomp.sty
Package: textcomp 2020/02/02 v2.0n Standard LaTeX package
)
(/usr/local/texlive/2023basic/texmf-dist/tex/latex/microtype/microtype.sty
Package: microtype 2023/03/13 v3.1a Micro-typographical refinements (RS)
\MT@toks=\toks52
\MT@tempbox=\box85
\MT@count=\count416
LaTeX Info: Redefining \noprotrusionifhmode on input line 1059.
LaTeX Info: Redefining \leftprotrusion on input line 1060.
\MT@prot@toks=\toks53
LaTeX Info: Redefining \rightprotrusion on input line 1078.
LaTeX Info: Redefining \textls on input line 1368.
\MT@outer@kern=\dimen317
LaTeX Info: Redefining \textmicrotypecontext on input line 1988.
\MT@listname@count=\count417

(/usr/local/texlive/2023basic/texmf-dist/tex/latex/microtype/microtype-xetex.de
f
File: microtype-xetex.def 2023/03/13 v3.1a Definitions specific to xetex (RS)
LaTeX Info: Redefining \lsstyle on input line 238.
)
Package microtype Info: Loading configuration file microtype.cfg.
 (/usr/local/texlive/2023basic/texmf-dist/tex/latex/microtype/microtype.cfg
File: microtype.cfg 2023/03/13 v3.1a microtype main configuration file (RS)
)) (/usr/local/texlive/2023basic/texmf-dist/tex/latex/todonotes/todonotes.sty
Package: todonotes 2023/01/31 v1.1.6 Todonotes source and documentation.
Package: todonotes 2023/01/31

(/usr/local/texlive/2023basic/texmf-dist/tex/latex/tools/calc.sty
Package: calc 2023/07/08 v4.3 Infix arithmetic (KKT,FJ)
\calc@Acount=\count418
\calc@Bcount=\count419
\calc@Adimen=\dimen318
\calc@Bdimen=\dimen319
\calc@Askip=\skip195
\calc@Bskip=\skip196
LaTeX Info: Redefining \setlength on input line 80.
LaTeX Info: Redefining \addtolength on input line 81.
\calc@Ccount=\count420
\calc@Cskip=\skip197
)
\c@@todonotes@numberoftodonotes=\count421
)
(/usr/local/texlive/2023basic/texmf-dist/tex/generic/soul/soul.sty
Package: soul 2023-06-14 v3.1 Permit use of UTF-8 characters in soul (HO)

(/usr/local/texlive/2023basic/texmf-dist/tex/generic/soul/soul-ori.sty
Package: soul-ori 2023-06-14 v3.1 letterspacing/underlining (mf)
Requested font "ectt1000" scaled 1000
 -> /usr/local/texlive/2023basic/texmf-dist/fonts/tfm/jknappen/ec/ectt1000.tfm
\SOUL@word=\toks54
\SOUL@lasttoken=\toks55
\SOUL@syllable=\toks56
\SOUL@cmds=\toks57
\SOUL@buffer=\toks58
\SOUL@token=\toks59
\SOUL@syllgoal=\dimen320
\SOUL@syllwidth=\dimen321
\SOUL@charkern=\dimen322
\SOUL@hyphkern=\dimen323
\SOUL@dimen=\dimen324
\SOUL@dimeni=\dimen325
\SOUL@minus=\count422
\SOUL@comma=\count423
\SOUL@apo=\count424
\SOUL@grave=\count425
\SOUL@spaceskip=\skip198
\SOUL@ttwidth=\dimen326
\SOUL@uldp=\dimen327
\SOUL@ulht=\dimen328
)
(/usr/local/texlive/2023basic/texmf-dist/tex/generic/etexcmds/etexcmds.sty
Package: etexcmds 2019/12/15 v1.7 Avoid name clashes with e-TeX commands (HO)
))

******************************************************
Stock height and width: 845.04684pt by 597.50787pt
Top and edge trims: 0pt and 0pt
Page height and width: 845.04684pt by 597.50787pt
Text height and width: 598pt by 398pt
Spine and edge margins: 99.58464pt and 99.58464pt
Upper and lower margins: 125.33748pt and 121.70937pt
Headheight and headsep: 12pt and 28.45274pt
Footskip: 25.29494pt
Columnsep and columnseprule: 10pt and 0pt
Marginparsep and marginparwidth: 7pt and 85.58464pt
Sidecapsep and sidecapwidth: 7pt and 63pt
Sidebarhsep and sidebarwidth: 7pt and 63pt
Sidebarvsep and sidebartopsep: 12pt and 0pt
Sidebarheight: 596.39996pt
Sidefoothsep and sidefootwidth: 7pt and 63pt
Sidefootvsep and sidefootheight: 12pt and 596.39996pt
******************************************************

) (/usr/local/texlive/2023basic/texmf-dist/tex/latex/wrapfig/wrapfig.sty
\wrapoverhang=\dimen329
\WF@size=\dimen330
\c@WF@wrappedlines=\count426
\WF@box=\box86
\WF@everypar=\toks60
Package: wrapfig 2003/01/31  v 3.6
)
\c@handout=\count427


LaTeX Warning: Unused global option(s):
    [10pts].

(./main.aux (./01_worksheet.aux) (./02_worksheet.aux) (./03_worksheet.aux)
(./04_worksheet.aux) (./05_worksheet.aux) (./06_worksheet.aux))
\openout1 = `main.aux'.

LaTeX Font Info:    Checking defaults for OML/cmm/m/it on input line 34.
LaTeX Font Info:    ... okay on input line 34.
LaTeX Font Info:    Checking defaults for OMS/cmsy/m/n on input line 34.
LaTeX Font Info:    ... okay on input line 34.
LaTeX Font Info:    Checking defaults for OT1/cmr/m/n on input line 34.
LaTeX Font Info:    ... okay on input line 34.
LaTeX Font Info:    Checking defaults for T1/cmr/m/n on input line 34.
LaTeX Font Info:    ... okay on input line 34.
LaTeX Font Info:    Checking defaults for TS1/cmr/m/n on input line 34.
LaTeX Font Info:    Trying to load font information for TS1+cmr on input line 3
4.

(/usr/local/texlive/2023basic/texmf-dist/tex/latex/base/ts1cmr.fd
File: ts1cmr.fd 2023/04/13 v2.5m Standard LaTeX font definitions
)
LaTeX Font Info:    ... okay on input line 34.
LaTeX Font Info:    Checking defaults for TU/lmr/m/n on input line 34.
LaTeX Font Info:    ... okay on input line 34.
LaTeX Font Info:    Checking defaults for OMX/cmex/m/n on input line 34.
LaTeX Font Info:    ... okay on input line 34.
LaTeX Font Info:    Checking defaults for U/cmr/m/n on input line 34.
LaTeX Font Info:    ... okay on input line 34.
LaTeX Font Info:    Checking defaults for PD1/pdf/m/n on input line 34.
LaTeX Font Info:    ... okay on input line 34.
LaTeX Font Info:    Checking defaults for PU/pdf/m/n on input line 34.
LaTeX Font Info:    ... okay on input line 34.
\c@mv@tabular=\count428
\c@mv@boldtabular=\count429

Package fontspec Info: Adjusting the maths setup (use [no-math] to avoid
(fontspec)             this).

\symlegacymaths=\mathgroup4
LaTeX Font Info:    Overwriting symbol font `legacymaths' in version `bold'
(Font)                  OT1/cmr/m/n --> OT1/cmr/bx/n on input line 34.
LaTeX Font Info:    Redeclaring math accent \acute on input line 34.
LaTeX Font Info:    Redeclaring math accent \grave on input line 34.
LaTeX Font Info:    Redeclaring math accent \ddot on input line 34.
LaTeX Font Info:    Redeclaring math accent \tilde on input line 34.
LaTeX Font Info:    Redeclaring math accent \bar on input line 34.
LaTeX Font Info:    Redeclaring math accent \breve on input line 34.
LaTeX Font Info:    Redeclaring math accent \check on input line 34.
LaTeX Font Info:    Redeclaring math accent \hat on input line 34.
LaTeX Font Info:    Redeclaring math accent \dot on input line 34.
LaTeX Font Info:    Redeclaring math accent \mathring on input line 34.
LaTeX Font Info:    Redeclaring math symbol \Gamma on input line 34.
LaTeX Font Info:    Redeclaring math symbol \Delta on input line 34.
LaTeX Font Info:    Redeclaring math symbol \Theta on input line 34.
LaTeX Font Info:    Redeclaring math symbol \Lambda on input line 34.
LaTeX Font Info:    Redeclaring math symbol \Xi on input line 34.
LaTeX Font Info:    Redeclaring math symbol \Pi on input line 34.
LaTeX Font Info:    Redeclaring math symbol \Sigma on input line 34.
LaTeX Font Info:    Redeclaring math symbol \Upsilon on input line 34.
LaTeX Font Info:    Redeclaring math symbol \Phi on input line 34.
LaTeX Font Info:    Redeclaring math symbol \Psi on input line 34.
LaTeX Font Info:    Redeclaring math symbol \Omega on input line 34.
LaTeX Font Info:    Redeclaring math symbol \mathdollar on input line 34.
LaTeX Font Info:    Redeclaring symbol font `operators' on input line 34.
LaTeX Font Info:    Encoding `OT1' has changed to `TU' for symbol font
(Font)              `operators' in the math version `normal' on input line 34.
LaTeX Font Info:    Overwriting symbol font `operators' in version `normal'
(Font)                  OT1/cmr/m/n --> TU/lmr/m/n on input line 34.
LaTeX Font Info:    Encoding `OT1' has changed to `TU' for symbol font
(Font)              `operators' in the math version `bold' on input line 34.
LaTeX Font Info:    Overwriting symbol font `operators' in version `bold'
(Font)                  OT1/cmr/bx/n --> TU/lmr/m/n on input line 34.
LaTeX Font Info:    Encoding `OT1' has changed to `TU' for symbol font
(Font)              `operators' in the math version `tabular' on input line 34.

LaTeX Font Info:    Overwriting symbol font `operators' in version `tabular'
(Font)                  OT1/cmr/m/n --> TU/lmr/m/n on input line 34.
LaTeX Font Info:    Encoding `OT1' has changed to `TU' for symbol font
(Font)              `operators' in the math version `boldtabular' on input line
 34.
LaTeX Font Info:    Overwriting symbol font `operators' in version `boldtabular
'
(Font)                  OT1/cmr/bx/n --> TU/lmr/m/n on input line 34.
LaTeX Font Info:    Overwriting symbol font `operators' in version `normal'
(Font)                  TU/lmr/m/n --> TU/lmr/m/n on input line 34.
LaTeX Font Info:    Overwriting math alphabet `\mathit' in version `normal'
(Font)                  OT1/cmr/m/it --> TU/lmr/m/it on input line 34.
LaTeX Font Info:    Overwriting math alphabet `\mathbf' in version `normal'
(Font)                  OT1/cmr/bx/n --> TU/lmr/b/n on input line 34.
LaTeX Font Info:    Overwriting math alphabet `\mathsf' in version `normal'
(Font)                  OT1/cmss/m/n --> TU/lmss/m/n on input line 34.
LaTeX Font Info:    Overwriting math alphabet `\mathtt' in version `normal'
(Font)                  OT1/cmtt/m/n --> TU/lmtt/m/n on input line 34.
LaTeX Font Info:    Overwriting symbol font `operators' in version `bold'
(Font)                  TU/lmr/m/n --> TU/lmr/b/n on input line 34.
LaTeX Font Info:    Overwriting math alphabet `\mathit' in version `bold'
(Font)                  OT1/cmr/bx/it --> TU/lmr/b/it on input line 34.
LaTeX Font Info:    Overwriting math alphabet `\mathsf' in version `bold'
(Font)                  OT1/cmss/bx/n --> TU/lmss/b/n on input line 34.
LaTeX Font Info:    Overwriting math alphabet `\mathtt' in version `bold'
(Font)                  OT1/cmtt/m/n --> TU/lmtt/b/n on input line 34.
Package hyperref Info: Link coloring OFF on input line 34.
 (./main.out) (./main.out)
\@outlinefile=\write5
\openout5 = `main.out'.

\c@lstlisting=\count430

(/usr/local/texlive/2023basic/texmf-dist/tex/latex/fmtcount/fc-english.def
Invalid UTF-8 byte or sequence at line 10 replaced by U+FFFD.
Invalid UTF-8 byte or sequence at line 22 replaced by U+FFFD.
File: fc-english.def 2016/01/12
)
LaTeX Info: Redefining \microtypecontext on input line 34.
Package microtype Info: Applying patch `item' on input line 34.
Package microtype Info: Applying patch `toc' on input line 34.
Package microtype Info: Applying patch `eqnum' on input line 34.
Package microtype Info: Applying patch `footnote' on input line 34.
Package microtype Info: Applying patch `verbatim' on input line 34.
Package microtype Info: Character protrusion enabled (level 2).
Package microtype Info: Using default protrusion set `alltext'.
Package microtype Info: No adjustment of tracking.
Package microtype Info: No adjustment of spacing.
Package microtype Info: No adjustment of kerning.

(/usr/local/texlive/2023basic/texmf-dist/tex/latex/microtype/mt-LatinModernRoma
n.cfg
File: mt-LatinModernRoman.cfg 2021/02/21 v1.1 microtype config. file: Latin Mod
ern Roman (RS)
)
Requested font "[lmroman10-bold]:mapping=tex-text;" at 10.95pt
 -> /usr/local/texlive/2023basic/texmf-dist/fonts/opentype/public/lm/lmroman10-
bold.otf
File: illustrationer/monkey_fun.png Graphic file (type bmp)
<illustrationer/monkey_fun.png>
Requested font "[lmroman12-regular]:mapping=tex-text;" at 12.0pt
 -> /usr/local/texlive/2023basic/texmf-dist/fonts/opentype/public/lm/lmroman12-
regular.otf
Requested font "[lmsans12-regular]:mapping=tex-text;" at 12.0pt
 -> /usr/local/texlive/2023basic/texmf-dist/fonts/opentype/public/lm/lmsans12-r
egular.otf
Package microtype Info: Loading generic protrusion settings for font family
(microtype)             `lmss' (encoding: TU).
(microtype)             For optimal results, create family-specific settings.
(microtype)             See the microtype manual for details.
File: ucphlogo-mini-da.pdf Graphic file (type pdf)
<use ucphlogo-mini-da.pdf>
Requested font "[lmsans10-regular]:mapping=tex-text;" at 10.0pt
 -> /usr/local/texlive/2023basic/texmf-dist/fonts/opentype/public/lm/lmsans10-r
egular.otf


Class memoir Warning: The material used in the headers is too large
(19.5469pt) for the given head height (12.0pt), it is recommended to
either increase the head height or redesign the header
(in both cases you will find help in the memoir manual). on input line 59.


Overfull \vbox (7.5469pt too high) has occurred while \output is active []

Requested font "[lmsans9-regular]:mapping=tex-text;" at 9.0pt
 -> /usr/local/texlive/2023basic/texmf-dist/fonts/opentype/public/lm/lmsans9-re
gular.otf

[1

]
\openout2 = `01_worksheet.aux'.

 (./01_worksheet.tex
File: illustrationer/processing_play_button.png Graphic file (type bmp)
<illustrationer/processing_play_button.png>
Requested font "[lmmono10-regular]:" at 10.0pt
 -> /usr/local/texlive/2023basic/texmf-dist/fonts/opentype/public/lm/lmmono10-r
egular.otf
Package microtype Info: Loading generic protrusion settings for font family
(microtype)             `lmtt' (encoding: TU).
(microtype)             For optimal results, create family-specific settings.
(microtype)             See the microtype manual for details.
Requested font "[lmmono8-regular]:" at 8.0pt
 -> /usr/local/texlive/2023basic/texmf-dist/fonts/opentype/public/lm/lmmono8-re
gular.otf
LaTeX Font Info:    Font shape `TU/lmtt/bx/n' in size <8> not available
(Font)              Font shape `TU/lmtt/b/n' tried instead on input line 9.
Requested font "[lmmonolt10-bold]:" at 8.0pt
 -> /usr/local/texlive/2023basic/texmf-dist/fonts/opentype/public/lm/lmmonolt10
-bold.otf
File: illustrationer/bil-streg.png Graphic file (type bmp)
<illustrationer/bil-streg.png>
File: illustrationer/sky.png Graphic file (type bmp)
<illustrationer/sky.png>

(/usr/local/texlive/2023basic/texmf-dist/tex/latex/listings/lstlang1.sty
File: lstlang1.sty 2023/02/27 1.9 listings language file
)
Requested font "[lmroman7-regular]:mapping=tex-text;" at 7.0pt
 -> /usr/local/texlive/2023basic/texmf-dist/fonts/opentype/public/lm/lmroman7-r
egular.otf
Requested font "[lmroman5-regular]:mapping=tex-text;" at 5.0pt
 -> /usr/local/texlive/2023basic/texmf-dist/fonts/opentype/public/lm/lmroman5-r
egular.otf
Requested font "cmex7" at 7.0pt
 -> /usr/local/texlive/2023basic/texmf-dist/fonts/tfm/public/amsfonts/cmextra/c
mex7.tfm
Requested font "cmex7" at 5.0pt
 -> /usr/local/texlive/2023basic/texmf-dist/fonts/tfm/public/amsfonts/cmextra/c
mex7.tfm

(/usr/local/texlive/2023basic/texmf-dist/tex/latex/microtype/mt-cmr.cfg
File: mt-cmr.cfg 2013/05/19 v2.2 microtype config. file: Computer Modern Roman 
(RS)
)
File: ucphlogo-mini-da.pdf Graphic file (type pdf)
<use ucphlogo-mini-da.pdf>

Overfull \vbox (7.5469pt too high) has occurred while \output is active []


[2

]
File: ucphlogo-mini-da.pdf Graphic file (type pdf)
<use ucphlogo-mini-da.pdf>

Overfull \vbox (7.5469pt too high) has occurred while \output is active []


[3]
File: illustrationer/farvelagt.png Graphic file (type bmp)
<illustrationer/farvelagt.png>

Underfull \hbox (badness 10000) in paragraph at lines 104--110

 []

File: illustrationer/elbil.png Graphic file (type bmp)
<illustrationer/elbil.png>
)
File: ucphlogo-mini-da.pdf Graphic file (type pdf)
<use ucphlogo-mini-da.pdf>

Overfull \vbox (7.5469pt too high) has occurred while \output is active []


[4]
File: ucphlogo-mini-da.pdf Graphic file (type pdf)
<use ucphlogo-mini-da.pdf>

Overfull \vbox (7.5469pt too high) has occurred while \output is active []


[5]
\openout2 = `02_worksheet.aux'.

 (./02_worksheet.tex
Underfull \hbox (badness 10000) in paragraph at lines 6--11

 []

File: illustrationer/fisk-fishY.png Graphic file (type bmp)
<illustrationer/fisk-fishY.png>
File: ucphlogo-mini-da.pdf Graphic file (type pdf)
<use ucphlogo-mini-da.pdf>

Overfull \vbox (7.5469pt too high) has occurred while \output is active []


[6



]
File: illustrationer/carX-cloudX-treeXY.png Graphic file (type bmp)
<illustrationer/carX-cloudX-treeXY.png>
File: illustrationer/akvarie.png Graphic file (type bmp)
<illustrationer/akvarie.png>
)
File: ucphlogo-mini-da.pdf Graphic file (type pdf)
<use ucphlogo-mini-da.pdf>

Overfull \vbox (7.5469pt too high) has occurred while \output is active []


[7]
\openout2 = `03_worksheet.aux'.

 (./03_worksheet.tex
Underfull \hbox (badness 10000) in paragraph at lines 7--9

 []

)
File: ucphlogo-mini-da.pdf Graphic file (type pdf)
<use ucphlogo-mini-da.pdf>

Overfull \vbox (7.5469pt too high) has occurred while \output is active []


[8



]
File: ucphlogo-mini-da.pdf Graphic file (type pdf)
<use ucphlogo-mini-da.pdf>

Overfull \vbox (7.5469pt too high) has occurred while \output is active []


[9]
\openout2 = `04_worksheet.aux'.

 (./04_worksheet.tex
Requested font "[lmroman10-italic]:mapping=tex-text;" at 10.0pt
 -> /usr/local/texlive/2023basic/texmf-dist/fonts/opentype/public/lm/lmroman10-
italic.otf
Requested font "[lmmono10-italic]:" at 10.0pt
 -> /usr/local/texlive/2023basic/texmf-dist/fonts/opentype/public/lm/lmmono10-i
talic.otf
Requested font "[lmmono10-italic]:" at 8.0pt
 -> /usr/local/texlive/2023basic/texmf-dist/fonts/opentype/public/lm/lmmono10-i
talic.otf
File: ucphlogo-mini-da.pdf Graphic file (type pdf)
<use ucphlogo-mini-da.pdf>

Overfull \vbox (7.5469pt too high) has occurred while \output is active []


[10



]
Overfull \hbox (100.17264pt too wide) in paragraph at lines 91--92
[][][][][][][][][][][][][][][][][][][][][][][][][][][][][][][][][][][][][][][][
][][][][][][][][][][][][][][][][][][][][][][][][][][][][][][][][][] 
 []


Overfull \hbox (28.1719pt too wide) in paragraph at lines 95--96
[][][][][][][][][][][][][][][][][][][][][][][][][][][][][][][][][][][][][][][][
][][][][][][][][][][][][][][][] 
 []

File: illustrationer/randomcircles.png Graphic file (type bmp)
<illustrationer/randomcircles.png>
File: ucphlogo-mini-da.pdf Graphic file (type pdf)
<use ucphlogo-mini-da.pdf>

Overfull \vbox (7.5469pt too high) has occurred while \output is active []


[11]
File: illustrationer/kryds.png Graphic file (type bmp)
<illustrationer/kryds.png>
File: illustrationer/kryds-tegning.png Graphic file (type bmp)
<illustrationer/kryds-tegning.png>
)
File: ucphlogo-mini-da.pdf Graphic file (type pdf)
<use ucphlogo-mini-da.pdf>

Overfull \vbox (7.5469pt too high) has occurred while \output is active []


[12]
File: ucphlogo-mini-da.pdf Graphic file (type pdf)
<use ucphlogo-mini-da.pdf>

Overfull \vbox (7.5469pt too high) has occurred while \output is active []


[13]
\openout2 = `05_worksheet.aux'.

 (./05_worksheet.tex
File: illustrationer/fisk-begge-retninger.png Graphic file (type bmp)
<illustrationer/fisk-begge-retninger.png>

Overfull \hbox (2.21999pt too wide) in paragraph at lines 50--72
[]$[]$ $[]$
 []


Underfull \hbox (badness 10000) in paragraph at lines 50--72

 []

File: ucphlogo-mini-da.pdf Graphic file (type pdf)
<use ucphlogo-mini-da.pdf>

Overfull \vbox (7.5469pt too high) has occurred while \output is active []


[14



]
Missing character: There is no  (U+200B) in font [lmroman10-regular]:mapping=t
ex-text;!
Missing character: There is no  (U+200B) in font [lmroman10-regular]:mapping=t
ex-text;!
Missing character: There is no  (U+200B) in font [lmroman10-regular]:mapping=t
ex-text;!
Missing character: There is no  (U+200B) in font [lmroman10-regular]:mapping=t
ex-text;!
File: ucphlogo-mini-da.pdf Graphic file (type pdf)
<use ucphlogo-mini-da.pdf>

Overfull \vbox (7.5469pt too high) has occurred while \output is active []


[15]
File: ucphlogo-mini-da.pdf Graphic file (type pdf)
<use ucphlogo-mini-da.pdf>

Overfull \vbox (7.5469pt too high) has occurred while \output is active []


[16])
File: ucphlogo-mini-da.pdf Graphic file (type pdf)
<use ucphlogo-mini-da.pdf>

Overfull \vbox (7.5469pt too high) has occurred while \output is active []


[17]
File: ucphlogo-mini-da.pdf Graphic file (type pdf)
<use ucphlogo-mini-da.pdf>

Overfull \vbox (7.5469pt too high) has occurred while \output is active []


[18]
\openout2 = `06_worksheet.aux'.

 (./06_worksheet.tex
File: illustrationer/unitek_kombinationslaas.jpg Graphic file (type bmp)
<illustrationer/unitek_kombinationslaas.jpg>
File: graphviz/combinationLock_dumb.pdf Graphic file (type pdf)
<use graphviz/combinationLock_dumb.pdf>

Overfull \hbox (9.99998pt too wide) in paragraph at lines 18--20
[] 
 []

File: graphviz/combinationLock_resetting.pdf Graphic file (type pdf)
<use graphviz/combinationLock_resetting.pdf>
File: graphviz/combinationLock_timeout.pdf Graphic file (type pdf)
<use graphviz/combinationLock_timeout.pdf>
File: ucphlogo-mini-da.pdf Graphic file (type pdf)
<use ucphlogo-mini-da.pdf>

Overfull \vbox (7.5469pt too high) has occurred while \output is active []


[19



])
File: ucphlogo-mini-da.pdf Graphic file (type pdf)
<use ucphlogo-mini-da.pdf>

Overfull \vbox (7.5469pt too high) has occurred while \output is active []


[20]

Class memoir Warning: The material used in the headers is too large
(19.5469pt) for the given head height (12.0pt), it is recommended to
either increase the head height or redesign the header
(in both cases you will find help in the memoir manual). on input line 77.

(./main.aux (./01_worksheet.aux) (./02_worksheet.aux) (./03_worksheet.aux)
(./04_worksheet.aux) (./05_worksheet.aux) (./06_worksheet.aux))
 ***********
LaTeX2e <2023-11-01>
L3 programming layer <2020/03/25>
 ***********
Package rerunfilecheck Info: File `main.out' has not changed.
(rerunfilecheck)             Checksum: D41D8CD98F00B204E9800998ECF8427E;0.
 ) 
Here is how much of TeX's memory you used:
 36927 strings out of 476355
 782508 string characters out of 5792114
 1965106 words of memory out of 5000000
 58238 multiletter control sequences out of 15000+600000
 562482 words of font info for 78 fonts, out of 8000000 for 9000
 319 hyphenation exceptions out of 8191
 99i,15n,126p,1019b,1491s stack positions out of 10000i,1000n,20000p,200000b,200000s

Output written on main.pdf (20 pages).
